[0.006s] Invoking command in '/home/song/volleyball_detection/build/station_detector_cpp': CMAKE_PREFIX_PATH=${CMAKE_PREFIX_PATH}:/opt/ros/humble /usr/bin/cmake --build /home/song/volleyball_detection/build/station_detector_cpp -- -j20 -l20
[0.080s] [35m[1mConsolidate compiler generated dependencies of target ball_detector_node[0m
[0.121s] [100%] Built target ball_detector_node
[0.138s] Invoked command in '/home/song/volleyball_detection/build/station_detector_cpp' returned '0': CMAKE_PREFIX_PATH=${CMAKE_PREFIX_PATH}:/opt/ros/humble /usr/bin/cmake --build /home/song/volleyball_detection/build/station_detector_cpp -- -j20 -l20
[0.151s] Invoking command in '/home/song/volleyball_detection/build/station_detector_cpp': CMAKE_PREFIX_PATH=${CMAKE_PREFIX_PATH}:/opt/ros/humble /usr/bin/cmake --install /home/song/volleyball_detection/build/station_detector_cpp
[0.161s] -- Install configuration: ""
[0.162s] -- Execute custom install script
[0.162s] -- Up-to-date symlink: /home/song/volleyball_detection/install/station_detector_cpp/lib/station_detector_cpp/ball_detector_node
[0.163s] -- Up-to-date symlink: /home/song/volleyball_detection/install/station_detector_cpp/include/ball_position_estimator.hpp
[0.163s] -- Up-to-date symlink: /home/song/volleyball_detection/install/station_detector_cpp/include/ball_tracker.hpp
[0.163s] -- Up-to-date symlink: /home/song/volleyball_detection/install/station_detector_cpp/include/detection_filter.hpp
[0.163s] -- Up-to-date symlink: /home/song/volleyball_detection/install/station_detector_cpp/include/trajectory_predictor.hpp
[0.163s] -- Up-to-date symlink: /home/song/volleyball_detection/install/station_detector_cpp/include/yolo_inference.hpp
[0.164s] -- Up-to-date symlink: /home/song/volleyball_detection/install/station_detector_cpp/share/station_detector_cpp/ball_detector_params.yaml
[0.164s] -- Up-to-date symlink: /home/song/volleyball_detection/install/station_detector_cpp/share/ament_index/resource_index/package_run_dependencies/station_detector_cpp
[0.164s] -- Up-to-date symlink: /home/song/volleyball_detection/install/station_detector_cpp/share/ament_index/resource_index/parent_prefix_path/station_detector_cpp
[0.164s] -- Up-to-date symlink: /home/song/volleyball_detection/install/station_detector_cpp/share/station_detector_cpp/environment/ament_prefix_path.sh
[0.164s] -- Up-to-date symlink: /home/song/volleyball_detection/install/station_detector_cpp/share/station_detector_cpp/environment/ament_prefix_path.dsv
[0.165s] -- Up-to-date symlink: /home/song/volleyball_detection/install/station_detector_cpp/share/station_detector_cpp/environment/path.sh
[0.165s] -- Up-to-date symlink: /home/song/volleyball_detection/install/station_detector_cpp/share/station_detector_cpp/environment/path.dsv
[0.165s] -- Up-to-date symlink: /home/song/volleyball_detection/install/station_detector_cpp/share/station_detector_cpp/local_setup.bash
[0.165s] -- Up-to-date symlink: /home/song/volleyball_detection/install/station_detector_cpp/share/station_detector_cpp/local_setup.sh
[0.165s] -- Up-to-date symlink: /home/song/volleyball_detection/install/station_detector_cpp/share/station_detector_cpp/local_setup.zsh
[0.165s] -- Up-to-date symlink: /home/song/volleyball_detection/install/station_detector_cpp/share/station_detector_cpp/local_setup.dsv
[0.165s] -- Symlinking: /home/song/volleyball_detection/install/station_detector_cpp/share/station_detector_cpp/package.dsv
[0.177s] -- Up-to-date symlink: /home/song/volleyball_detection/install/station_detector_cpp/share/ament_index/resource_index/packages/station_detector_cpp
[0.177s] -- Up-to-date symlink: /home/song/volleyball_detection/install/station_detector_cpp/share/station_detector_cpp/cmake/station_detector_cppConfig.cmake
[0.177s] -- Up-to-date symlink: /home/song/volleyball_detection/install/station_detector_cpp/share/station_detector_cpp/cmake/station_detector_cppConfig-version.cmake
[0.177s] -- Up-to-date symlink: /home/song/volleyball_detection/install/station_detector_cpp/share/station_detector_cpp/package.xml
[0.180s] Invoked command in '/home/song/volleyball_detection/build/station_detector_cpp' returned '0': CMAKE_PREFIX_PATH=${CMAKE_PREFIX_PATH}:/opt/ros/humble /usr/bin/cmake --install /home/song/volleyball_detection/build/station_detector_cpp
