[0.000000] (-) TimerEvent: {}
[0.000097] (-) JobUnselected: {'identifier': 'mindvision_camera'}
[0.000163] (-) JobUnselected: {'identifier': 'station_detector'}
[0.000185] (station_detector_cpp) JobQueued: {'identifier': 'station_detector_cpp', 'dependencies': OrderedDict()}
[0.000212] (station_detector_cpp) JobStarted: {'identifier': 'station_detector_cpp'}
[0.004646] (station_detector_cpp) JobProgress: {'identifier': 'station_detector_cpp', 'progress': 'cmake'}
[0.005785] (station_detector_cpp) JobProgress: {'identifier': 'station_detector_cpp', 'progress': 'build'}
[0.005813] (station_detector_cpp) Command: {'cmd': ['/usr/bin/cmake', '--build', '/home/song/volleyball_detection/build/station_detector_cpp', '--', '-j20', '-l20'], 'cwd': '/home/song/volleyball_detection/build/station_detector_cpp', 'env': OrderedDict([('GJS_DEBUG_TOPICS', 'JS ERROR;JS LOG'), ('LESSOPEN', '| /usr/bin/lesspipe %s'), ('VSCODE_CWD', '/home/song'), ('CURSOR_EXTENSION_HOST_ROLE', 'agent-exec'), ('VSCODE_ESM_ENTRYPOINT', 'vs/workbench/api/node/extensionHostProcess'), ('LANGUAGE', 'en_US:en'), ('USER', 'song'), ('LC_TIME', 'zh_CN.UTF-8'), ('VSCODE_NLS_CONFIG', '{"userLocale":"en-us","osLocale":"en-us","resolvedLanguage":"en","defaultMessagesFile":"/usr/share/cursor/resources/app/out/nls.messages.json","locale":"en-us","availableLanguages":{}}'), ('CI', '1'), ('VSCODE_HANDLES_UNCAUGHT_ERRORS', 'true'), ('XDG_SESSION_TYPE', 'wayland'), ('SHLVL', '1'), ('LD_LIBRARY_PATH', '/usr/local/lib:/usr/local/lib:/usr/local/lib:/home/song/cv_bridge_ws/install/cv_bridge/lib:/usr/lib/x86_64-linux-gnu/gazebo-11/plugins:/opt/ros/humble/opt/rviz_ogre_vendor/lib:/opt/ros/humble/lib/x86_64-linux-gnu:/opt/ros/humble/lib:/usr/local/lib:/usr/local/lib:'), ('HOME', '/home/song'), ('CHROME_DESKTOP', 'cursor.desktop'), ('OLDPWD', '/home/song/volleyball_detection'), ('DESKTOP_SESSION', 'ubuntu'), ('VSCODE_IPC_HOOK', '/run/user/1000/vscode-8dcdf1b3-2.6.-main.sock'), ('GIO_LAUNCHED_DESKTOP_FILE', '/usr/share/applications/cursor.desktop'), ('GAZEBO_MASTER_URI', 'http://localhost:11345'), ('ROS_PYTHON_VERSION', '3'), ('GNOME_SHELL_SESSION_MODE', 'ubuntu'), ('GTK_MODULES', 'gail:atk-bridge'), ('LC_MONETARY', 'zh_CN.UTF-8'), ('CURSOR_WORKSPACE_LABEL', 'volleyball_detection'), ('MANAGERPID', '1734'), ('SYSTEMD_EXEC_PID', '1903'), ('IM_CONFIG_CHECK_ENV', '1'), ('NO_COLOR', '1'), ('DBUS_SESSION_BUS_ADDRESS', 'unix:path=/run/user/1000/bus'), ('GIO_LAUNCHED_DESKTOP_FILE_PID', '3261'), ('VSCODE_CRASH_REPORTER_PROCESS_TYPE', 'extensionHost'), ('IM_CONFIG_PHASE', '1'), ('WAYLAND_DISPLAY', 'wayland-0'), ('COLCON_PREFIX_PATH', '/home/song/cv_bridge_ws/install'), ('ROS_DISTRO', 'humble'), ('LOGNAME', 'song'), ('FORCE_COLOR', '0'), ('JOURNAL_STREAM', '8:12809'), ('_', '/usr/bin/colcon'), ('ROS_VERSION', '2'), ('PKG_CONFIG_PATH', '/usr/local/lib/pkgconfig:/usr/local/lib/pkgconfig:/usr/local/lib/pkgconfig:'), ('XDG_SESSION_CLASS', 'user'), ('USERNAME', 'song'), ('TERM', 'dumb'), ('GAZEBO_MODEL_PATH', '/usr/share/gazebo-11/models:/home/song/.gazebo/models'), ('GNOME_DESKTOP_SESSION_ID', 'this-is-deprecated'), ('FC_FONTATIONS', '1'), ('ROS_LOCALHOST_ONLY', '0'), ('PATH', '/home/song/.local/bin:/home/song/.local/bin:/opt/ros/humble/bin:/home/song/.local/bin:/usr/local/sbin:/usr/local/bin:/usr/sbin:/usr/bin:/sbin:/bin:/usr/games:/usr/local/games:/snap/bin:/snap/bin'), ('SESSION_MANAGER', 'local/JSong:@/tmp/.ICE-unix/1878,unix/JSong:/tmp/.ICE-unix/1878'), ('INVOCATION_ID', 'ae99d94a2a2b4ab2879df1168288cf9e'), ('PAPERSIZE', 'a4'), ('XDG_MENU_PREFIX', 'gnome-'), ('LC_ADDRESS', 'zh_CN.UTF-8'), ('VSCODE_PROCESS_TITLE', 'extension-host (agent-exec) volleyball_detection [1-3]'), ('GNOME_SETUP_DISPLAY', ':1'), ('XDG_RUNTIME_DIR', '/run/user/1000'), ('GDK_BACKEND', 'wayland'), ('CURSOR_AGENT', '1'), ('DISPLAY', ':0'), ('LANG', 'en_US.UTF-8'), ('XDG_CURRENT_DESKTOP', 'ubuntu:GNOME'), ('LC_TELEPHONE', 'zh_CN.UTF-8'), ('XMODIFIERS', '@im=ibus'), ('XDG_SESSION_DESKTOP', 'ubuntu'), ('XAUTHORITY', '/run/user/1000/.mutter-Xwaylandauth.XWK8L3'), ('LS_COLORS', ''), ('CURSOR_TRACE_ID', '3d88cd416b244f418a64a93a083dd528'), ('SSH_AGENT_LAUNCHER', 'gnome-keyring'), ('SSH_AUTH_SOCK', '/run/user/1000/keyring/ssh'), ('AMENT_PREFIX_PATH', '/home/song/cv_bridge_ws/install/cv_bridge:/opt/ros/humble'), ('SHELL', '/bin/bash'), ('LC_NAME', 'zh_CN.UTF-8'), ('QT_ACCESSIBILITY', '1'), ('GDMSESSION', 'ubuntu'), ('LESSCLOSE', '/usr/bin/lesspipe %s %s'), ('LC_MEASUREMENT', 'zh_CN.UTF-8'), ('GAZEBO_RESOURCE_PATH', '/usr/share/gazebo-11:/usr/share/gazebo-11:'), ('GJS_DEBUG_OUTPUT', 'stderr'), ('OpenCV_DIR', '/usr/local'), ('LC_IDENTIFICATION', 'zh_CN.UTF-8'), ('QT_IM_MODULE', 'ibus'), ('PWD', '/home/song/volleyball_detection/build/station_detector_cpp'), ('LC_ALL', 'en_US.UTF-8'), ('XDG_CONFIG_DIRS', '/etc/xdg/xdg-ubuntu:/etc/xdg'), ('VSCODE_CODE_CACHE_PATH', '/home/song/.config/Cursor/CachedData/b29eb4ee5f9f6d1cb2afbc09070198d3ea6ad760'), ('XDG_DATA_DIRS', '/usr/share/ubuntu:/usr/local/share/:/usr/share/:/var/lib/snapd/desktop'), ('PYTHONPATH', '/home/song/cv_bridge_ws/install/cv_bridge/local/lib/python3.10/dist-packages:/opt/ros/humble/lib/python3.10/site-packages:/opt/ros/humble/local/lib/python3.10/dist-packages'), ('LC_NUMERIC', 'zh_CN.UTF-8'), ('LC_PAPER', 'zh_CN.UTF-8'), ('COLCON', '1'), ('_ZO_DOCTOR', '0'), ('CMAKE_PREFIX_PATH', '/home/song/cv_bridge_ws/install/cv_bridge:/opt/ros/humble'), ('VSCODE_PID', '3261')]), 'shell': False}
[0.076237] (station_detector_cpp) StdoutLine: {'line': b'Consolidate compiler generated dependencies of target ball_detector_node\n'}
[0.099607] (-) TimerEvent: {}
[0.101761] (station_detector_cpp) StdoutLine: {'line': b'[ 14%] Building CXX object CMakeFiles/ball_detector_node.dir/src/ball_detector_node.cpp.o\n'}
[0.199763] (-) TimerEvent: {}
[0.299947] (-) TimerEvent: {}
[0.400133] (-) TimerEvent: {}
[0.500317] (-) TimerEvent: {}
[0.600468] (-) TimerEvent: {}
[0.700657] (-) TimerEvent: {}
[0.800828] (-) TimerEvent: {}
[0.901005] (-) TimerEvent: {}
[1.001193] (-) TimerEvent: {}
[1.101342] (-) TimerEvent: {}
[1.201520] (-) TimerEvent: {}
[1.301767] (-) TimerEvent: {}
[1.401915] (-) TimerEvent: {}
[1.502103] (-) TimerEvent: {}
[1.602298] (-) TimerEvent: {}
[1.702501] (-) TimerEvent: {}
[1.802678] (-) TimerEvent: {}
[1.902849] (-) TimerEvent: {}
[2.003049] (-) TimerEvent: {}
[2.103230] (-) TimerEvent: {}
[2.203495] (-) TimerEvent: {}
[2.303728] (-) TimerEvent: {}
[2.403957] (-) TimerEvent: {}
[2.504158] (-) TimerEvent: {}
[2.604354] (-) TimerEvent: {}
[2.704603] (-) TimerEvent: {}
[2.804785] (-) TimerEvent: {}
[2.904936] (-) TimerEvent: {}
[3.005097] (-) TimerEvent: {}
[3.105281] (-) TimerEvent: {}
[3.205502] (-) TimerEvent: {}
[3.305721] (-) TimerEvent: {}
[3.405883] (-) TimerEvent: {}
[3.506066] (-) TimerEvent: {}
[3.606285] (-) TimerEvent: {}
[3.706462] (-) TimerEvent: {}
[3.806715] (-) TimerEvent: {}
[3.906886] (-) TimerEvent: {}
[4.007059] (-) TimerEvent: {}
[4.107259] (-) TimerEvent: {}
[4.207445] (-) TimerEvent: {}
[4.307637] (-) TimerEvent: {}
[4.407807] (-) TimerEvent: {}
[4.507973] (-) TimerEvent: {}
[4.608152] (-) TimerEvent: {}
[4.708334] (-) TimerEvent: {}
[4.808531] (-) TimerEvent: {}
[4.908703] (-) TimerEvent: {}
[5.008855] (-) TimerEvent: {}
[5.109083] (-) TimerEvent: {}
[5.209314] (-) TimerEvent: {}
[5.309486] (-) TimerEvent: {}
[5.409671] (-) TimerEvent: {}
[5.509836] (-) TimerEvent: {}
[5.610023] (-) TimerEvent: {}
[5.710194] (-) TimerEvent: {}
[5.810368] (-) TimerEvent: {}
[5.910514] (-) TimerEvent: {}
[6.010664] (-) TimerEvent: {}
[6.110857] (-) TimerEvent: {}
[6.211043] (-) TimerEvent: {}
[6.311219] (-) TimerEvent: {}
[6.411368] (-) TimerEvent: {}
[6.511576] (-) TimerEvent: {}
[6.611727] (-) TimerEvent: {}
[6.711870] (-) TimerEvent: {}
[6.812009] (-) TimerEvent: {}
[6.912178] (-) TimerEvent: {}
[7.012323] (-) TimerEvent: {}
[7.112493] (-) TimerEvent: {}
[7.212641] (-) TimerEvent: {}
[7.312776] (-) TimerEvent: {}
[7.412943] (-) TimerEvent: {}
[7.513122] (-) TimerEvent: {}
[7.613292] (-) TimerEvent: {}
[7.713459] (-) TimerEvent: {}
[7.813614] (-) TimerEvent: {}
[7.913776] (-) TimerEvent: {}
[8.013924] (-) TimerEvent: {}
[8.114106] (-) TimerEvent: {}
[8.171673] (station_detector_cpp) StdoutLine: {'line': b'[ 28%] Linking CXX executable ball_detector_node\n'}
[8.214239] (-) TimerEvent: {}
[8.314440] (-) TimerEvent: {}
[8.414713] (-) TimerEvent: {}
[8.514907] (-) TimerEvent: {}
[8.615095] (-) TimerEvent: {}
[8.715265] (-) TimerEvent: {}
[8.815449] (-) TimerEvent: {}
[8.859359] (station_detector_cpp) StdoutLine: {'line': b'[100%] Built target ball_detector_node\n'}
[8.868271] (station_detector_cpp) CommandEnded: {'returncode': 0}
[8.869788] (station_detector_cpp) JobProgress: {'identifier': 'station_detector_cpp', 'progress': 'install'}
[8.881548] (station_detector_cpp) Command: {'cmd': ['/usr/bin/cmake', '--install', '/home/song/volleyball_detection/build/station_detector_cpp'], 'cwd': '/home/song/volleyball_detection/build/station_detector_cpp', 'env': OrderedDict([('GJS_DEBUG_TOPICS', 'JS ERROR;JS LOG'), ('LESSOPEN', '| /usr/bin/lesspipe %s'), ('VSCODE_CWD', '/home/song'), ('CURSOR_EXTENSION_HOST_ROLE', 'agent-exec'), ('VSCODE_ESM_ENTRYPOINT', 'vs/workbench/api/node/extensionHostProcess'), ('LANGUAGE', 'en_US:en'), ('USER', 'song'), ('LC_TIME', 'zh_CN.UTF-8'), ('VSCODE_NLS_CONFIG', '{"userLocale":"en-us","osLocale":"en-us","resolvedLanguage":"en","defaultMessagesFile":"/usr/share/cursor/resources/app/out/nls.messages.json","locale":"en-us","availableLanguages":{}}'), ('CI', '1'), ('VSCODE_HANDLES_UNCAUGHT_ERRORS', 'true'), ('XDG_SESSION_TYPE', 'wayland'), ('SHLVL', '1'), ('LD_LIBRARY_PATH', '/usr/local/lib:/usr/local/lib:/usr/local/lib:/home/song/cv_bridge_ws/install/cv_bridge/lib:/usr/lib/x86_64-linux-gnu/gazebo-11/plugins:/opt/ros/humble/opt/rviz_ogre_vendor/lib:/opt/ros/humble/lib/x86_64-linux-gnu:/opt/ros/humble/lib:/usr/local/lib:/usr/local/lib:'), ('HOME', '/home/song'), ('CHROME_DESKTOP', 'cursor.desktop'), ('OLDPWD', '/home/song/volleyball_detection'), ('DESKTOP_SESSION', 'ubuntu'), ('VSCODE_IPC_HOOK', '/run/user/1000/vscode-8dcdf1b3-2.6.-main.sock'), ('GIO_LAUNCHED_DESKTOP_FILE', '/usr/share/applications/cursor.desktop'), ('GAZEBO_MASTER_URI', 'http://localhost:11345'), ('ROS_PYTHON_VERSION', '3'), ('GNOME_SHELL_SESSION_MODE', 'ubuntu'), ('GTK_MODULES', 'gail:atk-bridge'), ('LC_MONETARY', 'zh_CN.UTF-8'), ('CURSOR_WORKSPACE_LABEL', 'volleyball_detection'), ('MANAGERPID', '1734'), ('SYSTEMD_EXEC_PID', '1903'), ('IM_CONFIG_CHECK_ENV', '1'), ('NO_COLOR', '1'), ('DBUS_SESSION_BUS_ADDRESS', 'unix:path=/run/user/1000/bus'), ('GIO_LAUNCHED_DESKTOP_FILE_PID', '3261'), ('VSCODE_CRASH_REPORTER_PROCESS_TYPE', 'extensionHost'), ('IM_CONFIG_PHASE', '1'), ('WAYLAND_DISPLAY', 'wayland-0'), ('COLCON_PREFIX_PATH', '/home/song/cv_bridge_ws/install'), ('ROS_DISTRO', 'humble'), ('LOGNAME', 'song'), ('FORCE_COLOR', '0'), ('JOURNAL_STREAM', '8:12809'), ('_', '/usr/bin/colcon'), ('ROS_VERSION', '2'), ('PKG_CONFIG_PATH', '/usr/local/lib/pkgconfig:/usr/local/lib/pkgconfig:/usr/local/lib/pkgconfig:'), ('XDG_SESSION_CLASS', 'user'), ('USERNAME', 'song'), ('TERM', 'dumb'), ('GAZEBO_MODEL_PATH', '/usr/share/gazebo-11/models:/home/song/.gazebo/models'), ('GNOME_DESKTOP_SESSION_ID', 'this-is-deprecated'), ('FC_FONTATIONS', '1'), ('ROS_LOCALHOST_ONLY', '0'), ('PATH', '/home/song/.local/bin:/home/song/.local/bin:/opt/ros/humble/bin:/home/song/.local/bin:/usr/local/sbin:/usr/local/bin:/usr/sbin:/usr/bin:/sbin:/bin:/usr/games:/usr/local/games:/snap/bin:/snap/bin'), ('SESSION_MANAGER', 'local/JSong:@/tmp/.ICE-unix/1878,unix/JSong:/tmp/.ICE-unix/1878'), ('INVOCATION_ID', 'ae99d94a2a2b4ab2879df1168288cf9e'), ('PAPERSIZE', 'a4'), ('XDG_MENU_PREFIX', 'gnome-'), ('LC_ADDRESS', 'zh_CN.UTF-8'), ('VSCODE_PROCESS_TITLE', 'extension-host (agent-exec) volleyball_detection [1-3]'), ('GNOME_SETUP_DISPLAY', ':1'), ('XDG_RUNTIME_DIR', '/run/user/1000'), ('GDK_BACKEND', 'wayland'), ('CURSOR_AGENT', '1'), ('DISPLAY', ':0'), ('LANG', 'en_US.UTF-8'), ('XDG_CURRENT_DESKTOP', 'ubuntu:GNOME'), ('LC_TELEPHONE', 'zh_CN.UTF-8'), ('XMODIFIERS', '@im=ibus'), ('XDG_SESSION_DESKTOP', 'ubuntu'), ('XAUTHORITY', '/run/user/1000/.mutter-Xwaylandauth.XWK8L3'), ('LS_COLORS', ''), ('CURSOR_TRACE_ID', '3d88cd416b244f418a64a93a083dd528'), ('SSH_AGENT_LAUNCHER', 'gnome-keyring'), ('SSH_AUTH_SOCK', '/run/user/1000/keyring/ssh'), ('AMENT_PREFIX_PATH', '/home/song/cv_bridge_ws/install/cv_bridge:/opt/ros/humble'), ('SHELL', '/bin/bash'), ('LC_NAME', 'zh_CN.UTF-8'), ('QT_ACCESSIBILITY', '1'), ('GDMSESSION', 'ubuntu'), ('LESSCLOSE', '/usr/bin/lesspipe %s %s'), ('LC_MEASUREMENT', 'zh_CN.UTF-8'), ('GAZEBO_RESOURCE_PATH', '/usr/share/gazebo-11:/usr/share/gazebo-11:'), ('GJS_DEBUG_OUTPUT', 'stderr'), ('OpenCV_DIR', '/usr/local'), ('LC_IDENTIFICATION', 'zh_CN.UTF-8'), ('QT_IM_MODULE', 'ibus'), ('PWD', '/home/song/volleyball_detection/build/station_detector_cpp'), ('LC_ALL', 'en_US.UTF-8'), ('XDG_CONFIG_DIRS', '/etc/xdg/xdg-ubuntu:/etc/xdg'), ('VSCODE_CODE_CACHE_PATH', '/home/song/.config/Cursor/CachedData/b29eb4ee5f9f6d1cb2afbc09070198d3ea6ad760'), ('XDG_DATA_DIRS', '/usr/share/ubuntu:/usr/local/share/:/usr/share/:/var/lib/snapd/desktop'), ('PYTHONPATH', '/home/song/cv_bridge_ws/install/cv_bridge/local/lib/python3.10/dist-packages:/opt/ros/humble/lib/python3.10/site-packages:/opt/ros/humble/local/lib/python3.10/dist-packages'), ('LC_NUMERIC', 'zh_CN.UTF-8'), ('LC_PAPER', 'zh_CN.UTF-8'), ('COLCON', '1'), ('_ZO_DOCTOR', '0'), ('CMAKE_PREFIX_PATH', '/home/song/cv_bridge_ws/install/cv_bridge:/opt/ros/humble'), ('VSCODE_PID', '3261')]), 'shell': False}
[8.890442] (station_detector_cpp) StdoutLine: {'line': b'-- Install configuration: ""\n'}
[8.891043] (station_detector_cpp) StdoutLine: {'line': b'-- Execute custom install script\n'}
[8.891396] (station_detector_cpp) StdoutLine: {'line': b'-- Up-to-date symlink: /home/song/volleyball_detection/install/station_detector_cpp/lib/station_detector_cpp/ball_detector_node\n'}
[8.891960] (station_detector_cpp) StdoutLine: {'line': b'-- Up-to-date symlink: /home/song/volleyball_detection/install/station_detector_cpp/include/ball_position_estimator.hpp\n'}
[8.892345] (station_detector_cpp) StdoutLine: {'line': b'-- Up-to-date symlink: /home/song/volleyball_detection/install/station_detector_cpp/include/ball_tracker.hpp\n'}
[8.892446] (station_detector_cpp) StdoutLine: {'line': b'-- Up-to-date symlink: /home/song/volleyball_detection/install/station_detector_cpp/include/detection_filter.hpp\n'}
[8.892512] (station_detector_cpp) StdoutLine: {'line': b'-- Up-to-date symlink: /home/song/volleyball_detection/install/station_detector_cpp/include/trajectory_predictor.hpp\n'}
[8.892573] (station_detector_cpp) StdoutLine: {'line': b'-- Up-to-date symlink: /home/song/volleyball_detection/install/station_detector_cpp/include/yolo_inference.hpp\n'}
[8.892862] (station_detector_cpp) StdoutLine: {'line': b'-- Up-to-date symlink: /home/song/volleyball_detection/install/station_detector_cpp/share/station_detector_cpp/ball_detector_params.yaml\n'}
[8.893131] (station_detector_cpp) StdoutLine: {'line': b'-- Up-to-date symlink: /home/song/volleyball_detection/install/station_detector_cpp/share/ament_index/resource_index/package_run_dependencies/station_detector_cpp\n'}
[8.893206] (station_detector_cpp) StdoutLine: {'line': b'-- Up-to-date symlink: /home/song/volleyball_detection/install/station_detector_cpp/share/ament_index/resource_index/parent_prefix_path/station_detector_cpp\n'}
[8.893270] (station_detector_cpp) StdoutLine: {'line': b'-- Up-to-date symlink: /home/song/volleyball_detection/install/station_detector_cpp/share/station_detector_cpp/environment/ament_prefix_path.sh\n'}
[8.893388] (station_detector_cpp) StdoutLine: {'line': b'-- Up-to-date symlink: /home/song/volleyball_detection/install/station_detector_cpp/share/station_detector_cpp/environment/ament_prefix_path.dsv\n'}
[8.893495] (station_detector_cpp) StdoutLine: {'line': b'-- Up-to-date symlink: /home/song/volleyball_detection/install/station_detector_cpp/share/station_detector_cpp/environment/path.sh\n'}
[8.893554] (station_detector_cpp) StdoutLine: {'line': b'-- Up-to-date symlink: /home/song/volleyball_detection/install/station_detector_cpp/share/station_detector_cpp/environment/path.dsv\n'}
[8.893611] (station_detector_cpp) StdoutLine: {'line': b'-- Up-to-date symlink: /home/song/volleyball_detection/install/station_detector_cpp/share/station_detector_cpp/local_setup.bash\n'}
[8.893754] (station_detector_cpp) StdoutLine: {'line': b'-- Up-to-date symlink: /home/song/volleyball_detection/install/station_detector_cpp/share/station_detector_cpp/local_setup.sh\n'}
[8.893815] (station_detector_cpp) StdoutLine: {'line': b'-- Up-to-date symlink: /home/song/volleyball_detection/install/station_detector_cpp/share/station_detector_cpp/local_setup.zsh\n'}
[8.893938] (station_detector_cpp) StdoutLine: {'line': b'-- Up-to-date symlink: /home/song/volleyball_detection/install/station_detector_cpp/share/station_detector_cpp/local_setup.dsv\n'}
[8.894000] (station_detector_cpp) StdoutLine: {'line': b'-- Symlinking: /home/song/volleyball_detection/install/station_detector_cpp/share/station_detector_cpp/package.dsv\n'}
[8.906261] (station_detector_cpp) StdoutLine: {'line': b'-- Up-to-date symlink: /home/song/volleyball_detection/install/station_detector_cpp/share/ament_index/resource_index/packages/station_detector_cpp\n'}
[8.906572] (station_detector_cpp) StdoutLine: {'line': b'-- Up-to-date symlink: /home/song/volleyball_detection/install/station_detector_cpp/share/station_detector_cpp/cmake/station_detector_cppConfig.cmake\n'}
[8.906660] (station_detector_cpp) StdoutLine: {'line': b'-- Up-to-date symlink: /home/song/volleyball_detection/install/station_detector_cpp/share/station_detector_cpp/cmake/station_detector_cppConfig-version.cmake\n'}
[8.906727] (station_detector_cpp) StdoutLine: {'line': b'-- Up-to-date symlink: /home/song/volleyball_detection/install/station_detector_cpp/share/station_detector_cpp/package.xml\n'}
[8.908509] (station_detector_cpp) CommandEnded: {'returncode': 0}
[8.915843] (-) TimerEvent: {}
[8.930376] (station_detector_cpp) JobEnded: {'identifier': 'station_detector_cpp', 'rc': 0}
[8.931319] (-) EventReactorShutdown: {}
