[0.013s] Invoking command in '/home/song/volleyball_detection/build/station_detector_cpp': CMAKE_PREFIX_PATH=${CMAKE_PREFIX_PATH}:/opt/ros/humble /usr/bin/cmake --build /home/song/volleyball_detection/build/station_detector_cpp -- -j20 -l20
[0.119s] Consolidate compiler generated dependencies of target ball_detector_node
[0.156s] [ 14%] Building CXX object CMakeFiles/ball_detector_node.dir/src/ball_detector_node.cpp.o
[9.184s] [ 28%] Linking CXX executable ball_detector_node
[9.887s] [100%] Built target ball_detector_node
[9.904s] Invoked command in '/home/song/volleyball_detection/build/station_detector_cpp' returned '0': CMAKE_PREFIX_PATH=${CMAKE_PREFIX_PATH}:/opt/ros/humble /usr/bin/cmake --build /home/song/volleyball_detection/build/station_detector_cpp -- -j20 -l20
[9.923s] Invoking command in '/home/song/volleyball_detection/build/station_detector_cpp': CMAKE_PREFIX_PATH=${CMAKE_PREFIX_PATH}:/opt/ros/humble /usr/bin/cmake --install /home/song/volleyball_detection/build/station_detector_cpp
[9.934s] -- Install configuration: ""
[9.935s] -- Execute custom install script
[9.935s] -- Up-to-date symlink: /home/song/volleyball_detection/install/station_detector_cpp/lib/station_detector_cpp/ball_detector_node
[9.936s] -- Up-to-date symlink: /home/song/volleyball_detection/install/station_detector_cpp/include/ball_position_estimator.hpp
[9.936s] -- Up-to-date symlink: /home/song/volleyball_detection/install/station_detector_cpp/include/ball_tracker.hpp
[9.936s] -- Up-to-date symlink: /home/song/volleyball_detection/install/station_detector_cpp/include/detection_filter.hpp
[9.937s] -- Up-to-date symlink: /home/song/volleyball_detection/install/station_detector_cpp/include/trajectory_predictor.hpp
[9.937s] -- Up-to-date symlink: /home/song/volleyball_detection/install/station_detector_cpp/include/yolo_inference.hpp
[9.937s] -- Up-to-date symlink: /home/song/volleyball_detection/install/station_detector_cpp/share/station_detector_cpp/ball_detector_params.yaml
[9.937s] -- Up-to-date symlink: /home/song/volleyball_detection/install/station_detector_cpp/share/ament_index/resource_index/package_run_dependencies/station_detector_cpp
[9.937s] -- Up-to-date symlink: /home/song/volleyball_detection/install/station_detector_cpp/share/ament_index/resource_index/parent_prefix_path/station_detector_cpp
[9.937s] -- Up-to-date symlink: /home/song/volleyball_detection/install/station_detector_cpp/share/station_detector_cpp/environment/ament_prefix_path.sh
[9.937s] -- Up-to-date symlink: /home/song/volleyball_detection/install/station_detector_cpp/share/station_detector_cpp/environment/ament_prefix_path.dsv
[9.937s] -- Up-to-date symlink: /home/song/volleyball_detection/install/station_detector_cpp/share/station_detector_cpp/environment/path.sh
[9.938s] -- Up-to-date symlink: /home/song/volleyball_detection/install/station_detector_cpp/share/station_detector_cpp/environment/path.dsv
[9.938s] -- Up-to-date symlink: /home/song/volleyball_detection/install/station_detector_cpp/share/station_detector_cpp/local_setup.bash
[9.938s] -- Up-to-date symlink: /home/song/volleyball_detection/install/station_detector_cpp/share/station_detector_cpp/local_setup.sh
[9.938s] -- Up-to-date symlink: /home/song/volleyball_detection/install/station_detector_cpp/share/station_detector_cpp/local_setup.zsh
[9.938s] -- Up-to-date symlink: /home/song/volleyball_detection/install/station_detector_cpp/share/station_detector_cpp/local_setup.dsv
[9.938s] -- Symlinking: /home/song/volleyball_detection/install/station_detector_cpp/share/station_detector_cpp/package.dsv
[9.956s] -- Up-to-date symlink: /home/song/volleyball_detection/install/station_detector_cpp/share/ament_index/resource_index/packages/station_detector_cpp
[9.956s] -- Up-to-date symlink: /home/song/volleyball_detection/install/station_detector_cpp/share/station_detector_cpp/cmake/station_detector_cppConfig.cmake
[9.956s] -- Up-to-date symlink: /home/song/volleyball_detection/install/station_detector_cpp/share/station_detector_cpp/cmake/station_detector_cppConfig-version.cmake
[9.956s] -- Up-to-date symlink: /home/song/volleyball_detection/install/station_detector_cpp/share/station_detector_cpp/package.xml
[9.960s] Invoked command in '/home/song/volleyball_detection/build/station_detector_cpp' returned '0': CMAKE_PREFIX_PATH=${CMAKE_PREFIX_PATH}:/opt/ros/humble /usr/bin/cmake --install /home/song/volleyball_detection/build/station_detector_cpp
