[0.000000] (-) TimerEvent: {}
[0.000059] (-) JobUnselected: {'identifier': 'mindvision_camera'}
[0.000130] (-) JobUnselected: {'identifier': 'station_detector'}
[0.000195] (station_detector_cpp) JobQueued: {'identifier': 'station_detector_cpp', 'dependencies': OrderedDict()}
[0.000216] (station_detector_cpp) JobStarted: {'identifier': 'station_detector_cpp'}
[0.006212] (station_detector_cpp) JobProgress: {'identifier': 'station_detector_cpp', 'progress': 'cmake'}
[0.006708] (station_detector_cpp) JobProgress: {'identifier': 'station_detector_cpp', 'progress': 'build'}
[0.007376] (station_detector_cpp) Command: {'cmd': ['/usr/bin/cmake', '--build', '/home/song/volleyball_detection/build/station_detector_cpp', '--', '-j20', '-l20'], 'cwd': '/home/song/volleyball_detection/build/station_detector_cpp', 'env': OrderedDict([('GJS_DEBUG_TOPICS', 'JS ERROR;JS LOG'), ('LESSOPEN', '| /usr/bin/lesspipe %s'), ('VSCODE_CWD', '/home/song'), ('CURSOR_EXTENSION_HOST_ROLE', 'agent-exec'), ('VSCODE_ESM_ENTRYPOINT', 'vs/workbench/api/node/extensionHostProcess'), ('LANGUAGE', 'en_US:en'), ('USER', 'song'), ('LC_TIME', 'zh_CN.UTF-8'), ('VSCODE_NLS_CONFIG', '{"userLocale":"en-us","osLocale":"en-us","resolvedLanguage":"en","defaultMessagesFile":"/usr/share/cursor/resources/app/out/nls.messages.json","locale":"en-us","availableLanguages":{}}'), ('CI', '1'), ('VSCODE_HANDLES_UNCAUGHT_ERRORS', 'true'), ('XDG_SESSION_TYPE', 'wayland'), ('SHLVL', '1'), ('LD_LIBRARY_PATH', '/usr/local/lib:/usr/local/lib:/usr/local/lib:/home/song/cv_bridge_ws/install/cv_bridge/lib:/usr/lib/x86_64-linux-gnu/gazebo-11/plugins:/opt/ros/humble/opt/rviz_ogre_vendor/lib:/opt/ros/humble/lib/x86_64-linux-gnu:/opt/ros/humble/lib:/usr/local/lib:/usr/local/lib:'), ('HOME', '/home/song'), ('CHROME_DESKTOP', 'cursor.desktop'), ('OLDPWD', '/home/song/volleyball_detection'), ('DESKTOP_SESSION', 'ubuntu'), ('VSCODE_IPC_HOOK', '/run/user/1000/vscode-8dcdf1b3-2.6.-main.sock'), ('GIO_LAUNCHED_DESKTOP_FILE', '/usr/share/applications/cursor.desktop'), ('GAZEBO_MASTER_URI', 'http://localhost:11345'), ('ROS_PYTHON_VERSION', '3'), ('GNOME_SHELL_SESSION_MODE', 'ubuntu'), ('GTK_MODULES', 'gail:atk-bridge'), ('LC_MONETARY', 'zh_CN.UTF-8'), ('CURSOR_WORKSPACE_LABEL', 'volleyball_detection'), ('MANAGERPID', '1734'), ('SYSTEMD_EXEC_PID', '1903'), ('IM_CONFIG_CHECK_ENV', '1'), ('NO_COLOR', '1'), ('DBUS_SESSION_BUS_ADDRESS', 'unix:path=/run/user/1000/bus'), ('GIO_LAUNCHED_DESKTOP_FILE_PID', '3261'), ('VSCODE_CRASH_REPORTER_PROCESS_TYPE', 'extensionHost'), ('IM_CONFIG_PHASE', '1'), ('WAYLAND_DISPLAY', 'wayland-0'), ('COLCON_PREFIX_PATH', '/home/song/cv_bridge_ws/install'), ('ROS_DISTRO', 'humble'), ('LOGNAME', 'song'), ('FORCE_COLOR', '0'), ('JOURNAL_STREAM', '8:12809'), ('_', '/usr/bin/colcon'), ('ROS_VERSION', '2'), ('PKG_CONFIG_PATH', '/usr/local/lib/pkgconfig:/usr/local/lib/pkgconfig:/usr/local/lib/pkgconfig:'), ('XDG_SESSION_CLASS', 'user'), ('USERNAME', 'song'), ('TERM', 'dumb'), ('GAZEBO_MODEL_PATH', '/usr/share/gazebo-11/models:/home/song/.gazebo/models'), ('GNOME_DESKTOP_SESSION_ID', 'this-is-deprecated'), ('FC_FONTATIONS', '1'), ('ROS_LOCALHOST_ONLY', '0'), ('PATH', '/home/song/.local/bin:/home/song/.local/bin:/opt/ros/humble/bin:/home/song/.local/bin:/usr/local/sbin:/usr/local/bin:/usr/sbin:/usr/bin:/sbin:/bin:/usr/games:/usr/local/games:/snap/bin:/snap/bin'), ('SESSION_MANAGER', 'local/JSong:@/tmp/.ICE-unix/1878,unix/JSong:/tmp/.ICE-unix/1878'), ('INVOCATION_ID', 'ae99d94a2a2b4ab2879df1168288cf9e'), ('PAPERSIZE', 'a4'), ('XDG_MENU_PREFIX', 'gnome-'), ('LC_ADDRESS', 'zh_CN.UTF-8'), ('VSCODE_PROCESS_TITLE', 'extension-host (agent-exec) volleyball_detection [1-3]'), ('GNOME_SETUP_DISPLAY', ':1'), ('XDG_RUNTIME_DIR', '/run/user/1000'), ('GDK_BACKEND', 'wayland'), ('CURSOR_AGENT', '1'), ('DISPLAY', ':0'), ('LANG', 'en_US.UTF-8'), ('XDG_CURRENT_DESKTOP', 'ubuntu:GNOME'), ('LC_TELEPHONE', 'zh_CN.UTF-8'), ('XMODIFIERS', '@im=ibus'), ('XDG_SESSION_DESKTOP', 'ubuntu'), ('XAUTHORITY', '/run/user/1000/.mutter-Xwaylandauth.XWK8L3'), ('LS_COLORS', ''), ('CURSOR_TRACE_ID', '3d88cd416b244f418a64a93a083dd528'), ('SSH_AGENT_LAUNCHER', 'gnome-keyring'), ('SSH_AUTH_SOCK', '/run/user/1000/keyring/ssh'), ('AMENT_PREFIX_PATH', '/home/song/cv_bridge_ws/install/cv_bridge:/opt/ros/humble'), ('SHELL', '/bin/bash'), ('LC_NAME', 'zh_CN.UTF-8'), ('QT_ACCESSIBILITY', '1'), ('GDMSESSION', 'ubuntu'), ('LESSCLOSE', '/usr/bin/lesspipe %s %s'), ('LC_MEASUREMENT', 'zh_CN.UTF-8'), ('GAZEBO_RESOURCE_PATH', '/usr/share/gazebo-11:/usr/share/gazebo-11:'), ('GJS_DEBUG_OUTPUT', 'stderr'), ('OpenCV_DIR', '/usr/local'), ('LC_IDENTIFICATION', 'zh_CN.UTF-8'), ('QT_IM_MODULE', 'ibus'), ('PWD', '/home/song/volleyball_detection/build/station_detector_cpp'), ('LC_ALL', 'en_US.UTF-8'), ('XDG_CONFIG_DIRS', '/etc/xdg/xdg-ubuntu:/etc/xdg'), ('VSCODE_CODE_CACHE_PATH', '/home/song/.config/Cursor/CachedData/b29eb4ee5f9f6d1cb2afbc09070198d3ea6ad760'), ('XDG_DATA_DIRS', '/usr/share/ubuntu:/usr/local/share/:/usr/share/:/var/lib/snapd/desktop'), ('PYTHONPATH', '/home/song/cv_bridge_ws/install/cv_bridge/local/lib/python3.10/dist-packages:/opt/ros/humble/lib/python3.10/site-packages:/opt/ros/humble/local/lib/python3.10/dist-packages'), ('LC_NUMERIC', 'zh_CN.UTF-8'), ('LC_PAPER', 'zh_CN.UTF-8'), ('COLCON', '1'), ('_ZO_DOCTOR', '0'), ('CMAKE_PREFIX_PATH', '/home/song/cv_bridge_ws/install/cv_bridge:/opt/ros/humble'), ('VSCODE_PID', '3261')]), 'shell': False}
[0.057486] (station_detector_cpp) StdoutLine: {'line': b'[ 14%] Building CXX object CMakeFiles/ball_detector_node.dir/src/ball_detector_node.cpp.o\n'}
[0.099590] (-) TimerEvent: {}
[0.199810] (-) TimerEvent: {}
[0.300023] (-) TimerEvent: {}
[0.400230] (-) TimerEvent: {}
[0.500535] (-) TimerEvent: {}
[0.600742] (-) TimerEvent: {}
[0.700947] (-) TimerEvent: {}
[0.801174] (-) TimerEvent: {}
[0.901407] (-) TimerEvent: {}
[1.001689] (-) TimerEvent: {}
[1.101902] (-) TimerEvent: {}
[1.202176] (-) TimerEvent: {}
[1.302425] (-) TimerEvent: {}
[1.402644] (-) TimerEvent: {}
[1.502915] (-) TimerEvent: {}
[1.603151] (-) TimerEvent: {}
[1.703415] (-) TimerEvent: {}
[1.803603] (-) TimerEvent: {}
[1.903784] (-) TimerEvent: {}
[2.003990] (-) TimerEvent: {}
[2.104194] (-) TimerEvent: {}
[2.204416] (-) TimerEvent: {}
[2.304602] (-) TimerEvent: {}
[2.404819] (-) TimerEvent: {}
[2.505030] (-) TimerEvent: {}
[2.605277] (-) TimerEvent: {}
[2.705517] (-) TimerEvent: {}
[2.805708] (-) TimerEvent: {}
[2.905956] (-) TimerEvent: {}
[3.006192] (-) TimerEvent: {}
[3.106467] (-) TimerEvent: {}
[3.206698] (-) TimerEvent: {}
[3.306931] (-) TimerEvent: {}
[3.407162] (-) TimerEvent: {}
[3.507359] (-) TimerEvent: {}
[3.607664] (-) TimerEvent: {}
[3.707873] (-) TimerEvent: {}
[3.808092] (-) TimerEvent: {}
[3.908366] (-) TimerEvent: {}
[4.008611] (-) TimerEvent: {}
[4.108792] (-) TimerEvent: {}
[4.208976] (-) TimerEvent: {}
[4.309190] (-) TimerEvent: {}
[4.409456] (-) TimerEvent: {}
[4.509679] (-) TimerEvent: {}
[4.609900] (-) TimerEvent: {}
[4.710132] (-) TimerEvent: {}
[5.221358] (-) TimerEvent: {}
[5.321542] (-) TimerEvent: {}
[5.421724] (-) TimerEvent: {}
[5.521931] (-) TimerEvent: {}
[5.622110] (-) TimerEvent: {}
[5.722317] (-) TimerEvent: {}
[5.822538] (-) TimerEvent: {}
[5.922731] (-) TimerEvent: {}
[6.022982] (-) TimerEvent: {}
[6.123205] (-) TimerEvent: {}
[6.223399] (-) TimerEvent: {}
[6.323589] (-) TimerEvent: {}
[6.423797] (-) TimerEvent: {}
[6.524015] (-) TimerEvent: {}
[6.624208] (-) TimerEvent: {}
[6.724407] (-) TimerEvent: {}
[6.824624] (-) TimerEvent: {}
[6.924834] (-) TimerEvent: {}
[7.025021] (-) TimerEvent: {}
[7.125194] (-) TimerEvent: {}
[7.225391] (-) TimerEvent: {}
[7.325583] (-) TimerEvent: {}
[7.425875] (-) TimerEvent: {}
[7.526072] (-) TimerEvent: {}
[7.626274] (-) TimerEvent: {}
[7.726553] (-) TimerEvent: {}
[7.826787] (-) TimerEvent: {}
[7.927008] (-) TimerEvent: {}
[8.027236] (-) TimerEvent: {}
[8.127473] (-) TimerEvent: {}
[8.220440] (station_detector_cpp) StdoutLine: {'line': b'[ 28%] Linking CXX executable ball_detector_node\n'}
[8.227580] (-) TimerEvent: {}
[8.327783] (-) TimerEvent: {}
[8.428021] (-) TimerEvent: {}
[8.528250] (-) TimerEvent: {}
[8.628490] (-) TimerEvent: {}
[8.728715] (-) TimerEvent: {}
[8.802178] (station_detector_cpp) StdoutLine: {'line': b'[100%] Built target ball_detector_node\n'}
[8.810643] (station_detector_cpp) CommandEnded: {'returncode': 0}
[8.811128] (station_detector_cpp) JobProgress: {'identifier': 'station_detector_cpp', 'progress': 'install'}
[8.816219] (station_detector_cpp) Command: {'cmd': ['/usr/bin/cmake', '--install', '/home/song/volleyball_detection/build/station_detector_cpp'], 'cwd': '/home/song/volleyball_detection/build/station_detector_cpp', 'env': OrderedDict([('GJS_DEBUG_TOPICS', 'JS ERROR;JS LOG'), ('LESSOPEN', '| /usr/bin/lesspipe %s'), ('VSCODE_CWD', '/home/song'), ('CURSOR_EXTENSION_HOST_ROLE', 'agent-exec'), ('VSCODE_ESM_ENTRYPOINT', 'vs/workbench/api/node/extensionHostProcess'), ('LANGUAGE', 'en_US:en'), ('USER', 'song'), ('LC_TIME', 'zh_CN.UTF-8'), ('VSCODE_NLS_CONFIG', '{"userLocale":"en-us","osLocale":"en-us","resolvedLanguage":"en","defaultMessagesFile":"/usr/share/cursor/resources/app/out/nls.messages.json","locale":"en-us","availableLanguages":{}}'), ('CI', '1'), ('VSCODE_HANDLES_UNCAUGHT_ERRORS', 'true'), ('XDG_SESSION_TYPE', 'wayland'), ('SHLVL', '1'), ('LD_LIBRARY_PATH', '/usr/local/lib:/usr/local/lib:/usr/local/lib:/home/song/cv_bridge_ws/install/cv_bridge/lib:/usr/lib/x86_64-linux-gnu/gazebo-11/plugins:/opt/ros/humble/opt/rviz_ogre_vendor/lib:/opt/ros/humble/lib/x86_64-linux-gnu:/opt/ros/humble/lib:/usr/local/lib:/usr/local/lib:'), ('HOME', '/home/song'), ('CHROME_DESKTOP', 'cursor.desktop'), ('OLDPWD', '/home/song/volleyball_detection'), ('DESKTOP_SESSION', 'ubuntu'), ('VSCODE_IPC_HOOK', '/run/user/1000/vscode-8dcdf1b3-2.6.-main.sock'), ('GIO_LAUNCHED_DESKTOP_FILE', '/usr/share/applications/cursor.desktop'), ('GAZEBO_MASTER_URI', 'http://localhost:11345'), ('ROS_PYTHON_VERSION', '3'), ('GNOME_SHELL_SESSION_MODE', 'ubuntu'), ('GTK_MODULES', 'gail:atk-bridge'), ('LC_MONETARY', 'zh_CN.UTF-8'), ('CURSOR_WORKSPACE_LABEL', 'volleyball_detection'), ('MANAGERPID', '1734'), ('SYSTEMD_EXEC_PID', '1903'), ('IM_CONFIG_CHECK_ENV', '1'), ('NO_COLOR', '1'), ('DBUS_SESSION_BUS_ADDRESS', 'unix:path=/run/user/1000/bus'), ('GIO_LAUNCHED_DESKTOP_FILE_PID', '3261'), ('VSCODE_CRASH_REPORTER_PROCESS_TYPE', 'extensionHost'), ('IM_CONFIG_PHASE', '1'), ('WAYLAND_DISPLAY', 'wayland-0'), ('COLCON_PREFIX_PATH', '/home/song/cv_bridge_ws/install'), ('ROS_DISTRO', 'humble'), ('LOGNAME', 'song'), ('FORCE_COLOR', '0'), ('JOURNAL_STREAM', '8:12809'), ('_', '/usr/bin/colcon'), ('ROS_VERSION', '2'), ('PKG_CONFIG_PATH', '/usr/local/lib/pkgconfig:/usr/local/lib/pkgconfig:/usr/local/lib/pkgconfig:'), ('XDG_SESSION_CLASS', 'user'), ('USERNAME', 'song'), ('TERM', 'dumb'), ('GAZEBO_MODEL_PATH', '/usr/share/gazebo-11/models:/home/song/.gazebo/models'), ('GNOME_DESKTOP_SESSION_ID', 'this-is-deprecated'), ('FC_FONTATIONS', '1'), ('ROS_LOCALHOST_ONLY', '0'), ('PATH', '/home/song/.local/bin:/home/song/.local/bin:/opt/ros/humble/bin:/home/song/.local/bin:/usr/local/sbin:/usr/local/bin:/usr/sbin:/usr/bin:/sbin:/bin:/usr/games:/usr/local/games:/snap/bin:/snap/bin'), ('SESSION_MANAGER', 'local/JSong:@/tmp/.ICE-unix/1878,unix/JSong:/tmp/.ICE-unix/1878'), ('INVOCATION_ID', 'ae99d94a2a2b4ab2879df1168288cf9e'), ('PAPERSIZE', 'a4'), ('XDG_MENU_PREFIX', 'gnome-'), ('LC_ADDRESS', 'zh_CN.UTF-8'), ('VSCODE_PROCESS_TITLE', 'extension-host (agent-exec) volleyball_detection [1-3]'), ('GNOME_SETUP_DISPLAY', ':1'), ('XDG_RUNTIME_DIR', '/run/user/1000'), ('GDK_BACKEND', 'wayland'), ('CURSOR_AGENT', '1'), ('DISPLAY', ':0'), ('LANG', 'en_US.UTF-8'), ('XDG_CURRENT_DESKTOP', 'ubuntu:GNOME'), ('LC_TELEPHONE', 'zh_CN.UTF-8'), ('XMODIFIERS', '@im=ibus'), ('XDG_SESSION_DESKTOP', 'ubuntu'), ('XAUTHORITY', '/run/user/1000/.mutter-Xwaylandauth.XWK8L3'), ('LS_COLORS', ''), ('CURSOR_TRACE_ID', '3d88cd416b244f418a64a93a083dd528'), ('SSH_AGENT_LAUNCHER', 'gnome-keyring'), ('SSH_AUTH_SOCK', '/run/user/1000/keyring/ssh'), ('AMENT_PREFIX_PATH', '/home/song/cv_bridge_ws/install/cv_bridge:/opt/ros/humble'), ('SHELL', '/bin/bash'), ('LC_NAME', 'zh_CN.UTF-8'), ('QT_ACCESSIBILITY', '1'), ('GDMSESSION', 'ubuntu'), ('LESSCLOSE', '/usr/bin/lesspipe %s %s'), ('LC_MEASUREMENT', 'zh_CN.UTF-8'), ('GAZEBO_RESOURCE_PATH', '/usr/share/gazebo-11:/usr/share/gazebo-11:'), ('GJS_DEBUG_OUTPUT', 'stderr'), ('OpenCV_DIR', '/usr/local'), ('LC_IDENTIFICATION', 'zh_CN.UTF-8'), ('QT_IM_MODULE', 'ibus'), ('PWD', '/home/song/volleyball_detection/build/station_detector_cpp'), ('LC_ALL', 'en_US.UTF-8'), ('XDG_CONFIG_DIRS', '/etc/xdg/xdg-ubuntu:/etc/xdg'), ('VSCODE_CODE_CACHE_PATH', '/home/song/.config/Cursor/CachedData/b29eb4ee5f9f6d1cb2afbc09070198d3ea6ad760'), ('XDG_DATA_DIRS', '/usr/share/ubuntu:/usr/local/share/:/usr/share/:/var/lib/snapd/desktop'), ('PYTHONPATH', '/home/song/cv_bridge_ws/install/cv_bridge/local/lib/python3.10/dist-packages:/opt/ros/humble/lib/python3.10/site-packages:/opt/ros/humble/local/lib/python3.10/dist-packages'), ('LC_NUMERIC', 'zh_CN.UTF-8'), ('LC_PAPER', 'zh_CN.UTF-8'), ('COLCON', '1'), ('_ZO_DOCTOR', '0'), ('CMAKE_PREFIX_PATH', '/home/song/cv_bridge_ws/install/cv_bridge:/opt/ros/humble'), ('VSCODE_PID', '3261')]), 'shell': False}
[8.820608] (station_detector_cpp) StdoutLine: {'line': b'-- Install configuration: ""\n'}
[8.820866] (station_detector_cpp) StdoutLine: {'line': b'-- Execute custom install script\n'}
[8.820952] (station_detector_cpp) StdoutLine: {'line': b'-- Up-to-date symlink: /home/song/volleyball_detection/install/station_detector_cpp/lib/station_detector_cpp/ball_detector_node\n'}
[8.821060] (station_detector_cpp) StdoutLine: {'line': b'-- Up-to-date symlink: /home/song/volleyball_detection/install/station_detector_cpp/include/ball_position_estimator.hpp\n'}
[8.821104] (station_detector_cpp) StdoutLine: {'line': b'-- Up-to-date symlink: /home/song/volleyball_detection/install/station_detector_cpp/include/ball_tracker.hpp\n'}
[8.821149] (station_detector_cpp) StdoutLine: {'line': b'-- Up-to-date symlink: /home/song/volleyball_detection/install/station_detector_cpp/include/detection_filter.hpp\n'}
[8.821205] (station_detector_cpp) StdoutLine: {'line': b'-- Up-to-date symlink: /home/song/volleyball_detection/install/station_detector_cpp/include/trajectory_predictor.hpp\n'}
[8.821228] (station_detector_cpp) StdoutLine: {'line': b'-- Up-to-date symlink: /home/song/volleyball_detection/install/station_detector_cpp/include/yolo_inference.hpp\n'}
[8.821331] (station_detector_cpp) StdoutLine: {'line': b'-- Up-to-date symlink: /home/song/volleyball_detection/install/station_detector_cpp/share/station_detector_cpp/ball_detector_params.yaml\n'}
[8.821411] (station_detector_cpp) StdoutLine: {'line': b'-- Up-to-date symlink: /home/song/volleyball_detection/install/station_detector_cpp/share/ament_index/resource_index/package_run_dependencies/station_detector_cpp\n'}
[8.821480] (station_detector_cpp) StdoutLine: {'line': b'-- Up-to-date symlink: /home/song/volleyball_detection/install/station_detector_cpp/share/ament_index/resource_index/parent_prefix_path/station_detector_cpp\n'}
[8.821546] (station_detector_cpp) StdoutLine: {'line': b'-- Up-to-date symlink: /home/song/volleyball_detection/install/station_detector_cpp/share/station_detector_cpp/environment/ament_prefix_path.sh\n'}
[8.821603] (station_detector_cpp) StdoutLine: {'line': b'-- Up-to-date symlink: /home/song/volleyball_detection/install/station_detector_cpp/share/station_detector_cpp/environment/ament_prefix_path.dsv\n'}
[8.821659] (station_detector_cpp) StdoutLine: {'line': b'-- Up-to-date symlink: /home/song/volleyball_detection/install/station_detector_cpp/share/station_detector_cpp/environment/path.sh\n'}
[8.821712] (station_detector_cpp) StdoutLine: {'line': b'-- Up-to-date symlink: /home/song/volleyball_detection/install/station_detector_cpp/share/station_detector_cpp/environment/path.dsv\n'}
[8.821766] (station_detector_cpp) StdoutLine: {'line': b'-- Up-to-date symlink: /home/song/volleyball_detection/install/station_detector_cpp/share/station_detector_cpp/local_setup.bash\n'}
[8.821818] (station_detector_cpp) StdoutLine: {'line': b'-- Up-to-date symlink: /home/song/volleyball_detection/install/station_detector_cpp/share/station_detector_cpp/local_setup.sh\n'}
[8.821870] (station_detector_cpp) StdoutLine: {'line': b'-- Up-to-date symlink: /home/song/volleyball_detection/install/station_detector_cpp/share/station_detector_cpp/local_setup.zsh\n'}
[8.821920] (station_detector_cpp) StdoutLine: {'line': b'-- Up-to-date symlink: /home/song/volleyball_detection/install/station_detector_cpp/share/station_detector_cpp/local_setup.dsv\n'}
[8.821969] (station_detector_cpp) StdoutLine: {'line': b'-- Symlinking: /home/song/volleyball_detection/install/station_detector_cpp/share/station_detector_cpp/package.dsv\n'}
[8.827891] (station_detector_cpp) StdoutLine: {'line': b'-- Up-to-date symlink: /home/song/volleyball_detection/install/station_detector_cpp/share/ament_index/resource_index/packages/station_detector_cpp\n'}
[8.827955] (station_detector_cpp) StdoutLine: {'line': b'-- Up-to-date symlink: /home/song/volleyball_detection/install/station_detector_cpp/share/station_detector_cpp/cmake/station_detector_cppConfig.cmake\n'}
[8.828018] (station_detector_cpp) StdoutLine: {'line': b'-- Up-to-date symlink: /home/song/volleyball_detection/install/station_detector_cpp/share/station_detector_cpp/cmake/station_detector_cppConfig-version.cmake\n'}
[8.828041] (station_detector_cpp) StdoutLine: {'line': b'-- Up-to-date symlink: /home/song/volleyball_detection/install/station_detector_cpp/share/station_detector_cpp/package.xml\n'}
[8.828898] (station_detector_cpp) CommandEnded: {'returncode': 0}
[8.829228] (-) TimerEvent: {}
[8.841627] (station_detector_cpp) JobEnded: {'identifier': 'station_detector_cpp', 'rc': 0}
[8.841874] (-) EventReactorShutdown: {}
