[0.184s] DEBUG:colcon:Command line arguments: ['/usr/bin/colcon', 'build', '--symlink-install', '--packages-select', 'station_detector_cpp']
[0.184s] DEBUG:colcon:Parsed command line arguments: Namespace(log_base=None, log_level=None, verb_name='build', build_base='build', install_base='install', merge_install=False, symlink_install=True, test_result_base=None, continue_on_error=False, executor='parallel', parallel_workers=20, event_handlers=None, ignore_user_meta=False, metas=['./colcon.meta'], base_paths=['.'], packages_ignore=None, packages_ignore_regex=None, paths=None, packages_up_to=None, packages_up_to_regex=None, packages_above=None, packages_above_and_dependencies=None, packages_above_depth=None, packages_select_by_dep=None, packages_skip_by_dep=None, packages_skip_up_to=None, packages_select_build_failed=False, packages_skip_build_finished=False, packages_select_test_failures=False, packages_skip_test_passed=False, packages_select=['station_detector_cpp'], packages_skip=None, packages_select_regex=None, packages_skip_regex=None, packages_start=None, packages_end=None, allow_overriding=[], cmake_args=None, cmake_target=None, cmake_target_skip_unavailable=False, cmake_clean_cache=False, cmake_clean_first=False, cmake_force_configure=False, ament_cmake_args=None, catkin_cmake_args=None, catkin_skip_building_tests=False, mixin_files=None, mixin=None, verb_parser=<colcon_mixin.mixin.mixin_argument.MixinArgumentDecorator object at 0x74cc601670a0>, verb_extension=<colcon_core.verb.build.BuildVerb object at 0x74cc60166ad0>, main=<bound method BuildVerb.main of <colcon_core.verb.build.BuildVerb object at 0x74cc60166ad0>>, mixin_verb=('build',))
[0.461s] Level 1:colcon.colcon_core.package_discovery:discover_packages(colcon_meta) check parameters
[0.462s] Level 1:colcon.colcon_core.package_discovery:discover_packages(recursive) check parameters
[0.462s] Level 1:colcon.colcon_core.package_discovery:discover_packages(ignore) check parameters
[0.462s] Level 1:colcon.colcon_core.package_discovery:discover_packages(path) check parameters
[0.462s] Level 1:colcon.colcon_core.package_discovery:discover_packages(colcon_meta) discover
[0.462s] Level 1:colcon.colcon_core.package_discovery:discover_packages(recursive) discover
[0.462s] INFO:colcon.colcon_core.package_discovery:Crawling recursively for packages in '/home/song/volleyball_detection'
[0.462s] Level 1:colcon.colcon_core.package_identification:_identify(.) by extensions ['ignore', 'ignore_ament_install']
[0.462s] Level 1:colcon.colcon_core.package_identification:_identify(.) by extension 'ignore'
[0.462s] Level 1:colcon.colcon_core.package_identification:_identify(.) by extension 'ignore_ament_install'
[0.462s] Level 1:colcon.colcon_core.package_identification:_identify(.) by extensions ['colcon_pkg']
[0.462s] Level 1:colcon.colcon_core.package_identification:_identify(.) by extension 'colcon_pkg'
[0.462s] Level 1:colcon.colcon_core.package_identification:_identify(.) by extensions ['colcon_meta']
[0.462s] Level 1:colcon.colcon_core.package_identification:_identify(.) by extension 'colcon_meta'
[0.463s] Level 1:colcon.colcon_core.package_identification:_identify(.) by extensions ['ros']
[0.463s] Level 1:colcon.colcon_core.package_identification:_identify(.) by extension 'ros'
[0.476s] Level 1:colcon.colcon_core.package_identification:_identify(.) by extensions ['cmake', 'python']
[0.477s] Level 1:colcon.colcon_core.package_identification:_identify(.) by extension 'cmake'
[0.477s] Level 1:colcon.colcon_core.package_identification:_identify(.) by extension 'python'
[0.477s] Level 1:colcon.colcon_core.package_identification:_identify(.) by extensions ['python_setup_py']
[0.477s] Level 1:colcon.colcon_core.package_identification:_identify(.) by extension 'python_setup_py'
[0.477s] Level 1:colcon.colcon_core.package_identification:_identify(build) by extensions ['ignore', 'ignore_ament_install']
[0.477s] Level 1:colcon.colcon_core.package_identification:_identify(build) by extension 'ignore'
[0.477s] Level 1:colcon.colcon_core.package_identification:_identify(build) ignored
[0.477s] Level 1:colcon.colcon_core.package_identification:_identify(install) by extensions ['ignore', 'ignore_ament_install']
[0.477s] Level 1:colcon.colcon_core.package_identification:_identify(install) by extension 'ignore'
[0.477s] Level 1:colcon.colcon_core.package_identification:_identify(install) ignored
[0.477s] Level 1:colcon.colcon_core.package_identification:_identify(log) by extensions ['ignore', 'ignore_ament_install']
[0.477s] Level 1:colcon.colcon_core.package_identification:_identify(log) by extension 'ignore'
[0.477s] Level 1:colcon.colcon_core.package_identification:_identify(log) ignored
[0.477s] Level 1:colcon.colcon_core.package_identification:_identify(src) by extensions ['ignore', 'ignore_ament_install']
[0.478s] Level 1:colcon.colcon_core.package_identification:_identify(src) by extension 'ignore'
[0.478s] Level 1:colcon.colcon_core.package_identification:_identify(src) by extension 'ignore_ament_install'
[0.478s] Level 1:colcon.colcon_core.package_identification:_identify(src) by extensions ['colcon_pkg']
[0.478s] Level 1:colcon.colcon_core.package_identification:_identify(src) by extension 'colcon_pkg'
[0.478s] Level 1:colcon.colcon_core.package_identification:_identify(src) by extensions ['colcon_meta']
[0.478s] Level 1:colcon.colcon_core.package_identification:_identify(src) by extension 'colcon_meta'
[0.478s] Level 1:colcon.colcon_core.package_identification:_identify(src) by extensions ['ros']
[0.478s] Level 1:colcon.colcon_core.package_identification:_identify(src) by extension 'ros'
[0.478s] Level 1:colcon.colcon_core.package_identification:_identify(src) by extensions ['cmake', 'python']
[0.478s] Level 1:colcon.colcon_core.package_identification:_identify(src) by extension 'cmake'
[0.478s] Level 1:colcon.colcon_core.package_identification:_identify(src) by extension 'python'
[0.478s] Level 1:colcon.colcon_core.package_identification:_identify(src) by extensions ['python_setup_py']
[0.478s] Level 1:colcon.colcon_core.package_identification:_identify(src) by extension 'python_setup_py'
[0.478s] Level 1:colcon.colcon_core.package_identification:_identify(src/mindvision_camera) by extensions ['ignore', 'ignore_ament_install']
[0.478s] Level 1:colcon.colcon_core.package_identification:_identify(src/mindvision_camera) by extension 'ignore'
[0.478s] Level 1:colcon.colcon_core.package_identification:_identify(src/mindvision_camera) by extension 'ignore_ament_install'
[0.478s] Level 1:colcon.colcon_core.package_identification:_identify(src/mindvision_camera) by extensions ['colcon_pkg']
[0.478s] Level 1:colcon.colcon_core.package_identification:_identify(src/mindvision_camera) by extension 'colcon_pkg'
[0.478s] Level 1:colcon.colcon_core.package_identification:_identify(src/mindvision_camera) by extensions ['colcon_meta']
[0.478s] Level 1:colcon.colcon_core.package_identification:_identify(src/mindvision_camera) by extension 'colcon_meta'
[0.478s] Level 1:colcon.colcon_core.package_identification:_identify(src/mindvision_camera) by extensions ['ros']
[0.478s] Level 1:colcon.colcon_core.package_identification:_identify(src/mindvision_camera) by extension 'ros'
[0.482s] DEBUG:colcon.colcon_core.package_identification:Package 'src/mindvision_camera' with type 'ros.ament_cmake' and name 'mindvision_camera'
[0.483s] Level 1:colcon.colcon_core.package_identification:_identify(src/station_detector) by extensions ['ignore', 'ignore_ament_install']
[0.483s] Level 1:colcon.colcon_core.package_identification:_identify(src/station_detector) by extension 'ignore'
[0.483s] Level 1:colcon.colcon_core.package_identification:_identify(src/station_detector) by extension 'ignore_ament_install'
[0.483s] Level 1:colcon.colcon_core.package_identification:_identify(src/station_detector) by extensions ['colcon_pkg']
[0.483s] Level 1:colcon.colcon_core.package_identification:_identify(src/station_detector) by extension 'colcon_pkg'
[0.483s] Level 1:colcon.colcon_core.package_identification:_identify(src/station_detector) by extensions ['colcon_meta']
[0.483s] Level 1:colcon.colcon_core.package_identification:_identify(src/station_detector) by extension 'colcon_meta'
[0.483s] Level 1:colcon.colcon_core.package_identification:_identify(src/station_detector) by extensions ['ros']
[0.483s] Level 1:colcon.colcon_core.package_identification:_identify(src/station_detector) by extension 'ros'
[0.484s] DEBUG:colcon.colcon_core.package_identification:Package 'src/station_detector' with type 'ros.ament_cmake' and name 'station_detector'
[0.485s] Level 1:colcon.colcon_core.package_identification:_identify(src/station_detector_cpp) by extensions ['ignore', 'ignore_ament_install']
[0.485s] Level 1:colcon.colcon_core.package_identification:_identify(src/station_detector_cpp) by extension 'ignore'
[0.485s] Level 1:colcon.colcon_core.package_identification:_identify(src/station_detector_cpp) by extension 'ignore_ament_install'
[0.485s] Level 1:colcon.colcon_core.package_identification:_identify(src/station_detector_cpp) by extensions ['colcon_pkg']
[0.485s] Level 1:colcon.colcon_core.package_identification:_identify(src/station_detector_cpp) by extension 'colcon_pkg'
[0.485s] Level 1:colcon.colcon_core.package_identification:_identify(src/station_detector_cpp) by extensions ['colcon_meta']
[0.485s] Level 1:colcon.colcon_core.package_identification:_identify(src/station_detector_cpp) by extension 'colcon_meta'
[0.485s] Level 1:colcon.colcon_core.package_identification:_identify(src/station_detector_cpp) by extensions ['ros']
[0.485s] Level 1:colcon.colcon_core.package_identification:_identify(src/station_detector_cpp) by extension 'ros'
[0.486s] DEBUG:colcon.colcon_core.package_identification:Package 'src/station_detector_cpp' with type 'ros.ament_cmake' and name 'station_detector_cpp'
[0.486s] Level 1:colcon.colcon_core.package_discovery:discover_packages(recursive) using defaults
[0.486s] Level 1:colcon.colcon_core.package_discovery:discover_packages(ignore) discover
[0.486s] Level 1:colcon.colcon_core.package_discovery:discover_packages(ignore) using defaults
[0.486s] Level 1:colcon.colcon_core.package_discovery:discover_packages(path) discover
[0.486s] Level 1:colcon.colcon_core.package_discovery:discover_packages(path) using defaults
[0.513s] INFO:colcon.colcon_core.package_selection:Skipping not selected package 'mindvision_camera' in 'src/mindvision_camera'
[0.513s] INFO:colcon.colcon_core.package_selection:Skipping not selected package 'station_detector' in 'src/station_detector'
[0.514s] Level 1:colcon.colcon_core.package_discovery:discover_packages(prefix_path) check parameters
[0.514s] Level 1:colcon.colcon_core.package_discovery:discover_packages(prefix_path) discover
[0.515s] DEBUG:colcon.colcon_installed_package_information.package_discovery:Found 1 installed packages in /home/song/cv_bridge_ws/install
[0.516s] DEBUG:colcon.colcon_installed_package_information.package_discovery:Found 326 installed packages in /opt/ros/humble
[0.517s] Level 1:colcon.colcon_core.package_discovery:discover_packages(prefix_path) using defaults
[0.538s] Level 5:colcon.colcon_core.verb:set package 'station_detector_cpp' build argument 'cmake_args' from command line to 'None'
[0.538s] Level 5:colcon.colcon_core.verb:set package 'station_detector_cpp' build argument 'cmake_target' from command line to 'None'
[0.538s] Level 5:colcon.colcon_core.verb:set package 'station_detector_cpp' build argument 'cmake_target_skip_unavailable' from command line to 'False'
[0.538s] Level 5:colcon.colcon_core.verb:set package 'station_detector_cpp' build argument 'cmake_clean_cache' from command line to 'False'
[0.538s] Level 5:colcon.colcon_core.verb:set package 'station_detector_cpp' build argument 'cmake_clean_first' from command line to 'False'
[0.538s] Level 5:colcon.colcon_core.verb:set package 'station_detector_cpp' build argument 'cmake_force_configure' from command line to 'False'
[0.538s] Level 5:colcon.colcon_core.verb:set package 'station_detector_cpp' build argument 'ament_cmake_args' from command line to 'None'
[0.538s] Level 5:colcon.colcon_core.verb:set package 'station_detector_cpp' build argument 'catkin_cmake_args' from command line to 'None'
[0.538s] Level 5:colcon.colcon_core.verb:set package 'station_detector_cpp' build argument 'catkin_skip_building_tests' from command line to 'False'
[0.539s] DEBUG:colcon.colcon_core.verb:Building package 'station_detector_cpp' with the following arguments: {'ament_cmake_args': None, 'build_base': '/home/song/volleyball_detection/build/station_detector_cpp', 'catkin_cmake_args': None, 'catkin_skip_building_tests': False, 'cmake_args': None, 'cmake_clean_cache': False, 'cmake_clean_first': False, 'cmake_force_configure': False, 'cmake_target': None, 'cmake_target_skip_unavailable': False, 'install_base': '/home/song/volleyball_detection/install/station_detector_cpp', 'merge_install': False, 'path': '/home/song/volleyball_detection/src/station_detector_cpp', 'symlink_install': True, 'test_result_base': None}
[0.539s] INFO:colcon.colcon_core.executor:Executing jobs using 'parallel' executor
[0.539s] DEBUG:colcon.colcon_parallel_executor.executor.parallel:run_until_complete
[0.539s] INFO:colcon.colcon_ros.task.ament_cmake.build:Building ROS package in '/home/song/volleyball_detection/src/station_detector_cpp' with build type 'ament_cmake'
[0.539s] INFO:colcon.colcon_cmake.task.cmake.build:Building CMake package in '/home/song/volleyball_detection/src/station_detector_cpp'
[0.542s] INFO:colcon.colcon_core.plugin_system:Skipping extension 'colcon_core.shell.bat': Not used on non-Windows systems
[0.542s] INFO:colcon.colcon_core.shell:Skip shell extension 'powershell' for command environment: Not usable outside of PowerShell
[0.542s] DEBUG:colcon.colcon_core.shell:Skip shell extension 'dsv' for command environment
[0.548s] DEBUG:colcon.colcon_core.event_handler.log_command:Invoking command in '/home/song/volleyball_detection/build/station_detector_cpp': CMAKE_PREFIX_PATH=${CMAKE_PREFIX_PATH}:/opt/ros/humble /usr/bin/cmake --build /home/song/volleyball_detection/build/station_detector_cpp -- -j20 -l20
[9.996s] DEBUG:colcon.colcon_core.event_handler.log_command:Invoked command in '/home/song/volleyball_detection/build/station_detector_cpp' returned '0': CMAKE_PREFIX_PATH=${CMAKE_PREFIX_PATH}:/opt/ros/humble /usr/bin/cmake --build /home/song/volleyball_detection/build/station_detector_cpp -- -j20 -l20
[10.013s] DEBUG:colcon.colcon_core.event_handler.log_command:Invoking command in '/home/song/volleyball_detection/build/station_detector_cpp': CMAKE_PREFIX_PATH=${CMAKE_PREFIX_PATH}:/opt/ros/humble /usr/bin/cmake --install /home/song/volleyball_detection/build/station_detector_cpp
[10.049s] Level 1:colcon.colcon_core.environment:create_environment_scripts_only(station_detector_cpp)
[10.050s] DEBUG:colcon.colcon_core.event_handler.log_command:Invoked command in '/home/song/volleyball_detection/build/station_detector_cpp' returned '0': CMAKE_PREFIX_PATH=${CMAKE_PREFIX_PATH}:/opt/ros/humble /usr/bin/cmake --install /home/song/volleyball_detection/build/station_detector_cpp
[10.060s] Level 1:colcon.colcon_core.environment:checking '/home/song/volleyball_detection/install/station_detector_cpp' for CMake module files
[10.062s] Level 1:colcon.colcon_core.environment:checking '/home/song/volleyball_detection/install/station_detector_cpp' for CMake config files
[10.062s] Level 1:colcon.colcon_core.shell:create_environment_hook('station_detector_cpp', 'cmake_prefix_path')
[10.063s] INFO:colcon.colcon_core.shell:Creating environment hook '/home/song/volleyball_detection/install/station_detector_cpp/share/station_detector_cpp/hook/cmake_prefix_path.ps1'
[10.064s] INFO:colcon.colcon_core.shell:Creating environment descriptor '/home/song/volleyball_detection/install/station_detector_cpp/share/station_detector_cpp/hook/cmake_prefix_path.dsv'
[10.066s] INFO:colcon.colcon_core.shell:Creating environment hook '/home/song/volleyball_detection/install/station_detector_cpp/share/station_detector_cpp/hook/cmake_prefix_path.sh'
[10.067s] Level 1:colcon.colcon_core.environment:checking '/home/song/volleyball_detection/install/station_detector_cpp/lib'
[10.068s] Level 1:colcon.colcon_core.environment:checking '/home/song/volleyball_detection/install/station_detector_cpp/bin'
[10.068s] Level 1:colcon.colcon_core.environment:checking '/home/song/volleyball_detection/install/station_detector_cpp/lib/pkgconfig/station_detector_cpp.pc'
[10.068s] Level 1:colcon.colcon_core.environment:checking '/home/song/volleyball_detection/install/station_detector_cpp/lib/python3.10/site-packages'
[10.069s] Level 1:colcon.colcon_core.environment:checking '/home/song/volleyball_detection/install/station_detector_cpp/bin'
[10.069s] INFO:colcon.colcon_core.shell:Creating package script '/home/song/volleyball_detection/install/station_detector_cpp/share/station_detector_cpp/package.ps1'
[10.070s] INFO:colcon.colcon_core.shell:Creating package descriptor '/home/song/volleyball_detection/install/station_detector_cpp/share/station_detector_cpp/package.dsv'
[10.072s] INFO:colcon.colcon_core.shell:Creating package script '/home/song/volleyball_detection/install/station_detector_cpp/share/station_detector_cpp/package.sh'
[10.073s] INFO:colcon.colcon_core.shell:Creating package script '/home/song/volleyball_detection/install/station_detector_cpp/share/station_detector_cpp/package.bash'
[10.074s] INFO:colcon.colcon_core.shell:Creating package script '/home/song/volleyball_detection/install/station_detector_cpp/share/station_detector_cpp/package.zsh'
[10.076s] Level 1:colcon.colcon_core.environment:create_file_with_runtime_dependencies(/home/song/volleyball_detection/install/station_detector_cpp/share/colcon-core/packages/station_detector_cpp)
[10.077s] Level 1:colcon.colcon_core.environment:create_environment_scripts_only(station_detector_cpp)
[10.077s] Level 1:colcon.colcon_core.environment:checking '/home/song/volleyball_detection/install/station_detector_cpp' for CMake module files
[10.078s] Level 1:colcon.colcon_core.environment:checking '/home/song/volleyball_detection/install/station_detector_cpp' for CMake config files
[10.078s] Level 1:colcon.colcon_core.shell:create_environment_hook('station_detector_cpp', 'cmake_prefix_path')
[10.078s] INFO:colcon.colcon_core.shell:Creating environment hook '/home/song/volleyball_detection/install/station_detector_cpp/share/station_detector_cpp/hook/cmake_prefix_path.ps1'
[10.079s] INFO:colcon.colcon_core.shell:Creating environment descriptor '/home/song/volleyball_detection/install/station_detector_cpp/share/station_detector_cpp/hook/cmake_prefix_path.dsv'
[10.079s] INFO:colcon.colcon_core.shell:Creating environment hook '/home/song/volleyball_detection/install/station_detector_cpp/share/station_detector_cpp/hook/cmake_prefix_path.sh'
[10.080s] Level 1:colcon.colcon_core.environment:checking '/home/song/volleyball_detection/install/station_detector_cpp/lib'
[10.080s] Level 1:colcon.colcon_core.environment:checking '/home/song/volleyball_detection/install/station_detector_cpp/bin'
[10.080s] Level 1:colcon.colcon_core.environment:checking '/home/song/volleyball_detection/install/station_detector_cpp/lib/pkgconfig/station_detector_cpp.pc'
[10.080s] Level 1:colcon.colcon_core.environment:checking '/home/song/volleyball_detection/install/station_detector_cpp/lib/python3.10/site-packages'
[10.081s] Level 1:colcon.colcon_core.environment:checking '/home/song/volleyball_detection/install/station_detector_cpp/bin'
[10.081s] INFO:colcon.colcon_core.shell:Creating package script '/home/song/volleyball_detection/install/station_detector_cpp/share/station_detector_cpp/package.ps1'
[10.082s] INFO:colcon.colcon_core.shell:Creating package descriptor '/home/song/volleyball_detection/install/station_detector_cpp/share/station_detector_cpp/package.dsv'
[10.083s] INFO:colcon.colcon_core.shell:Creating package script '/home/song/volleyball_detection/install/station_detector_cpp/share/station_detector_cpp/package.sh'
[10.083s] INFO:colcon.colcon_core.shell:Creating package script '/home/song/volleyball_detection/install/station_detector_cpp/share/station_detector_cpp/package.bash'
[10.083s] INFO:colcon.colcon_core.shell:Creating package script '/home/song/volleyball_detection/install/station_detector_cpp/share/station_detector_cpp/package.zsh'
[10.084s] Level 1:colcon.colcon_core.environment:create_file_with_runtime_dependencies(/home/song/volleyball_detection/install/station_detector_cpp/share/colcon-core/packages/station_detector_cpp)
[10.084s] DEBUG:colcon.colcon_parallel_executor.executor.parallel:closing loop
[10.084s] DEBUG:colcon.colcon_parallel_executor.executor.parallel:loop closed
[10.085s] DEBUG:colcon.colcon_parallel_executor.executor.parallel:run_until_complete finished with '0'
[10.085s] DEBUG:colcon.colcon_core.event_reactor:joining thread
[10.093s] INFO:colcon.colcon_core.plugin_system:Skipping extension 'colcon_notification.desktop_notification.terminal_notifier': Not used on non-Darwin systems
[10.093s] INFO:colcon.colcon_core.plugin_system:Skipping extension 'colcon_notification.desktop_notification.win32': Not used on non-Windows systems
[10.093s] INFO:colcon.colcon_notification.desktop_notification:Sending desktop notification using 'notify2'
[10.108s] DEBUG:colcon.colcon_core.event_reactor:joined thread
[10.108s] INFO:colcon.colcon_core.shell:Creating prefix script '/home/song/volleyball_detection/install/local_setup.ps1'
[10.110s] INFO:colcon.colcon_core.shell:Creating prefix util module '/home/song/volleyball_detection/install/_local_setup_util_ps1.py'
[10.112s] INFO:colcon.colcon_core.shell:Creating prefix chain script '/home/song/volleyball_detection/install/setup.ps1'
[10.113s] INFO:colcon.colcon_core.shell:Creating prefix script '/home/song/volleyball_detection/install/local_setup.sh'
[10.114s] INFO:colcon.colcon_core.shell:Creating prefix util module '/home/song/volleyball_detection/install/_local_setup_util_sh.py'
[10.114s] INFO:colcon.colcon_core.shell:Creating prefix chain script '/home/song/volleyball_detection/install/setup.sh'
[10.116s] INFO:colcon.colcon_core.shell:Creating prefix script '/home/song/volleyball_detection/install/local_setup.bash'
[10.116s] INFO:colcon.colcon_core.shell:Creating prefix chain script '/home/song/volleyball_detection/install/setup.bash'
[10.118s] INFO:colcon.colcon_core.shell:Creating prefix script '/home/song/volleyball_detection/install/local_setup.zsh'
[10.118s] INFO:colcon.colcon_core.shell:Creating prefix chain script '/home/song/volleyball_detection/install/setup.zsh'
