[0.270s] DEBUG:colcon:Command line arguments: ['/usr/bin/colcon', 'build', '--symlink-install']
[0.270s] DEBUG:colcon:Parsed command line arguments: Namespace(log_base=None, log_level=None, verb_name='build', build_base='build', install_base='install', merge_install=False, symlink_install=True, test_result_base=None, continue_on_error=False, executor='parallel', parallel_workers=20, event_handlers=None, ignore_user_meta=False, metas=['./colcon.meta'], base_paths=['.'], packages_ignore=None, packages_ignore_regex=None, paths=None, packages_up_to=None, packages_up_to_regex=None, packages_above=None, packages_above_and_dependencies=None, packages_above_depth=None, packages_select_by_dep=None, packages_skip_by_dep=None, packages_skip_up_to=None, packages_select_build_failed=False, packages_skip_build_finished=False, packages_select_test_failures=False, packages_skip_test_passed=False, packages_select=None, packages_skip=None, packages_select_regex=None, packages_skip_regex=None, packages_start=None, packages_end=None, allow_overriding=[], cmake_args=None, cmake_target=None, cmake_target_skip_unavailable=False, cmake_clean_cache=False, cmake_clean_first=False, cmake_force_configure=False, ament_cmake_args=None, catkin_cmake_args=None, catkin_skip_building_tests=False, mixin_files=None, mixin=None, verb_parser=<colcon_mixin.mixin.mixin_argument.MixinArgumentDecorator object at 0x7799fc563040>, verb_extension=<colcon_core.verb.build.BuildVerb object at 0x7799fc562a70>, main=<bound method BuildVerb.main of <colcon_core.verb.build.BuildVerb object at 0x7799fc562a70>>, mixin_verb=('build',))
[0.567s] Level 1:colcon.colcon_core.package_discovery:discover_packages(colcon_meta) check parameters
[0.567s] Level 1:colcon.colcon_core.package_discovery:discover_packages(recursive) check parameters
[0.567s] Level 1:colcon.colcon_core.package_discovery:discover_packages(ignore) check parameters
[0.567s] Level 1:colcon.colcon_core.package_discovery:discover_packages(path) check parameters
[0.567s] Level 1:colcon.colcon_core.package_discovery:discover_packages(colcon_meta) discover
[0.567s] Level 1:colcon.colcon_core.package_discovery:discover_packages(recursive) discover
[0.567s] INFO:colcon.colcon_core.package_discovery:Crawling recursively for packages in '/home/song/volleyball_detection'
[0.567s] Level 1:colcon.colcon_core.package_identification:_identify(.) by extensions ['ignore', 'ignore_ament_install']
[0.567s] Level 1:colcon.colcon_core.package_identification:_identify(.) by extension 'ignore'
[0.568s] Level 1:colcon.colcon_core.package_identification:_identify(.) by extension 'ignore_ament_install'
[0.568s] Level 1:colcon.colcon_core.package_identification:_identify(.) by extensions ['colcon_pkg']
[0.568s] Level 1:colcon.colcon_core.package_identification:_identify(.) by extension 'colcon_pkg'
[0.568s] Level 1:colcon.colcon_core.package_identification:_identify(.) by extensions ['colcon_meta']
[0.568s] Level 1:colcon.colcon_core.package_identification:_identify(.) by extension 'colcon_meta'
[0.568s] Level 1:colcon.colcon_core.package_identification:_identify(.) by extensions ['ros']
[0.568s] Level 1:colcon.colcon_core.package_identification:_identify(.) by extension 'ros'
[0.585s] Level 1:colcon.colcon_core.package_identification:_identify(.) by extensions ['cmake', 'python']
[0.585s] Level 1:colcon.colcon_core.package_identification:_identify(.) by extension 'cmake'
[0.585s] Level 1:colcon.colcon_core.package_identification:_identify(.) by extension 'python'
[0.585s] Level 1:colcon.colcon_core.package_identification:_identify(.) by extensions ['python_setup_py']
[0.585s] Level 1:colcon.colcon_core.package_identification:_identify(.) by extension 'python_setup_py'
[0.585s] Level 1:colcon.colcon_core.package_identification:_identify(build) by extensions ['ignore', 'ignore_ament_install']
[0.585s] Level 1:colcon.colcon_core.package_identification:_identify(build) by extension 'ignore'
[0.585s] Level 1:colcon.colcon_core.package_identification:_identify(build) ignored
[0.585s] Level 1:colcon.colcon_core.package_identification:_identify(install) by extensions ['ignore', 'ignore_ament_install']
[0.585s] Level 1:colcon.colcon_core.package_identification:_identify(install) by extension 'ignore'
[0.586s] Level 1:colcon.colcon_core.package_identification:_identify(install) ignored
[0.586s] Level 1:colcon.colcon_core.package_identification:_identify(log) by extensions ['ignore', 'ignore_ament_install']
[0.586s] Level 1:colcon.colcon_core.package_identification:_identify(log) by extension 'ignore'
[0.586s] Level 1:colcon.colcon_core.package_identification:_identify(log) ignored
[0.586s] Level 1:colcon.colcon_core.package_identification:_identify(src) by extensions ['ignore', 'ignore_ament_install']
[0.586s] Level 1:colcon.colcon_core.package_identification:_identify(src) by extension 'ignore'
[0.586s] Level 1:colcon.colcon_core.package_identification:_identify(src) by extension 'ignore_ament_install'
[0.586s] Level 1:colcon.colcon_core.package_identification:_identify(src) by extensions ['colcon_pkg']
[0.586s] Level 1:colcon.colcon_core.package_identification:_identify(src) by extension 'colcon_pkg'
[0.586s] Level 1:colcon.colcon_core.package_identification:_identify(src) by extensions ['colcon_meta']
[0.586s] Level 1:colcon.colcon_core.package_identification:_identify(src) by extension 'colcon_meta'
[0.586s] Level 1:colcon.colcon_core.package_identification:_identify(src) by extensions ['ros']
[0.586s] Level 1:colcon.colcon_core.package_identification:_identify(src) by extension 'ros'
[0.586s] Level 1:colcon.colcon_core.package_identification:_identify(src) by extensions ['cmake', 'python']
[0.586s] Level 1:colcon.colcon_core.package_identification:_identify(src) by extension 'cmake'
[0.586s] Level 1:colcon.colcon_core.package_identification:_identify(src) by extension 'python'
[0.586s] Level 1:colcon.colcon_core.package_identification:_identify(src) by extensions ['python_setup_py']
[0.586s] Level 1:colcon.colcon_core.package_identification:_identify(src) by extension 'python_setup_py'
[0.587s] Level 1:colcon.colcon_core.package_identification:_identify(src/mindvision_camera) by extensions ['ignore', 'ignore_ament_install']
[0.587s] Level 1:colcon.colcon_core.package_identification:_identify(src/mindvision_camera) by extension 'ignore'
[0.587s] Level 1:colcon.colcon_core.package_identification:_identify(src/mindvision_camera) by extension 'ignore_ament_install'
[0.587s] Level 1:colcon.colcon_core.package_identification:_identify(src/mindvision_camera) by extensions ['colcon_pkg']
[0.587s] Level 1:colcon.colcon_core.package_identification:_identify(src/mindvision_camera) by extension 'colcon_pkg'
[0.587s] Level 1:colcon.colcon_core.package_identification:_identify(src/mindvision_camera) by extensions ['colcon_meta']
[0.587s] Level 1:colcon.colcon_core.package_identification:_identify(src/mindvision_camera) by extension 'colcon_meta'
[0.587s] Level 1:colcon.colcon_core.package_identification:_identify(src/mindvision_camera) by extensions ['ros']
[0.587s] Level 1:colcon.colcon_core.package_identification:_identify(src/mindvision_camera) by extension 'ros'
[0.591s] DEBUG:colcon.colcon_core.package_identification:Package 'src/mindvision_camera' with type 'ros.ament_cmake' and name 'mindvision_camera'
[0.591s] Level 1:colcon.colcon_core.package_identification:_identify(src/station_detector) by extensions ['ignore', 'ignore_ament_install']
[0.592s] Level 1:colcon.colcon_core.package_identification:_identify(src/station_detector) by extension 'ignore'
[0.592s] Level 1:colcon.colcon_core.package_identification:_identify(src/station_detector) by extension 'ignore_ament_install'
[0.592s] Level 1:colcon.colcon_core.package_identification:_identify(src/station_detector) by extensions ['colcon_pkg']
[0.592s] Level 1:colcon.colcon_core.package_identification:_identify(src/station_detector) by extension 'colcon_pkg'
[0.592s] Level 1:colcon.colcon_core.package_identification:_identify(src/station_detector) by extensions ['colcon_meta']
[0.592s] Level 1:colcon.colcon_core.package_identification:_identify(src/station_detector) by extension 'colcon_meta'
[0.592s] Level 1:colcon.colcon_core.package_identification:_identify(src/station_detector) by extensions ['ros']
[0.592s] Level 1:colcon.colcon_core.package_identification:_identify(src/station_detector) by extension 'ros'
[0.594s] DEBUG:colcon.colcon_core.package_identification:Package 'src/station_detector' with type 'ros.ament_cmake' and name 'station_detector'
[0.594s] Level 1:colcon.colcon_core.package_identification:_identify(src/station_detector_cpp) by extensions ['ignore', 'ignore_ament_install']
[0.594s] Level 1:colcon.colcon_core.package_identification:_identify(src/station_detector_cpp) by extension 'ignore'
[0.594s] Level 1:colcon.colcon_core.package_identification:_identify(src/station_detector_cpp) by extension 'ignore_ament_install'
[0.594s] Level 1:colcon.colcon_core.package_identification:_identify(src/station_detector_cpp) by extensions ['colcon_pkg']
[0.594s] Level 1:colcon.colcon_core.package_identification:_identify(src/station_detector_cpp) by extension 'colcon_pkg'
[0.594s] Level 1:colcon.colcon_core.package_identification:_identify(src/station_detector_cpp) by extensions ['colcon_meta']
[0.594s] Level 1:colcon.colcon_core.package_identification:_identify(src/station_detector_cpp) by extension 'colcon_meta'
[0.594s] Level 1:colcon.colcon_core.package_identification:_identify(src/station_detector_cpp) by extensions ['ros']
[0.594s] Level 1:colcon.colcon_core.package_identification:_identify(src/station_detector_cpp) by extension 'ros'
[0.595s] DEBUG:colcon.colcon_core.package_identification:Package 'src/station_detector_cpp' with type 'ros.ament_cmake' and name 'station_detector_cpp'
[0.595s] Level 1:colcon.colcon_core.package_discovery:discover_packages(recursive) using defaults
[0.595s] Level 1:colcon.colcon_core.package_discovery:discover_packages(ignore) discover
[0.595s] Level 1:colcon.colcon_core.package_discovery:discover_packages(ignore) using defaults
[0.596s] Level 1:colcon.colcon_core.package_discovery:discover_packages(path) discover
[0.596s] Level 1:colcon.colcon_core.package_discovery:discover_packages(path) using defaults
[0.644s] Level 1:colcon.colcon_core.package_discovery:discover_packages(prefix_path) check parameters
[0.645s] Level 1:colcon.colcon_core.package_discovery:discover_packages(prefix_path) discover
[0.647s] DEBUG:colcon.colcon_installed_package_information.package_discovery:Found 1 installed packages in /home/song/cv_bridge_ws/install
[0.649s] DEBUG:colcon.colcon_installed_package_information.package_discovery:Found 326 installed packages in /opt/ros/humble
[0.651s] Level 1:colcon.colcon_core.package_discovery:discover_packages(prefix_path) using defaults
[0.700s] Level 5:colcon.colcon_core.verb:set package 'mindvision_camera' build argument 'cmake_args' from command line to 'None'
[0.700s] Level 5:colcon.colcon_core.verb:set package 'mindvision_camera' build argument 'cmake_target' from command line to 'None'
[0.700s] Level 5:colcon.colcon_core.verb:set package 'mindvision_camera' build argument 'cmake_target_skip_unavailable' from command line to 'False'
[0.700s] Level 5:colcon.colcon_core.verb:set package 'mindvision_camera' build argument 'cmake_clean_cache' from command line to 'False'
[0.700s] Level 5:colcon.colcon_core.verb:set package 'mindvision_camera' build argument 'cmake_clean_first' from command line to 'False'
[0.700s] Level 5:colcon.colcon_core.verb:set package 'mindvision_camera' build argument 'cmake_force_configure' from command line to 'False'
[0.700s] Level 5:colcon.colcon_core.verb:set package 'mindvision_camera' build argument 'ament_cmake_args' from command line to 'None'
[0.700s] Level 5:colcon.colcon_core.verb:set package 'mindvision_camera' build argument 'catkin_cmake_args' from command line to 'None'
[0.700s] Level 5:colcon.colcon_core.verb:set package 'mindvision_camera' build argument 'catkin_skip_building_tests' from command line to 'False'
[0.700s] DEBUG:colcon.colcon_core.verb:Building package 'mindvision_camera' with the following arguments: {'ament_cmake_args': None, 'build_base': '/home/song/volleyball_detection/build/mindvision_camera', 'catkin_cmake_args': None, 'catkin_skip_building_tests': False, 'cmake_args': None, 'cmake_clean_cache': False, 'cmake_clean_first': False, 'cmake_force_configure': False, 'cmake_target': None, 'cmake_target_skip_unavailable': False, 'install_base': '/home/song/volleyball_detection/install/mindvision_camera', 'merge_install': False, 'path': '/home/song/volleyball_detection/src/mindvision_camera', 'symlink_install': True, 'test_result_base': None}
[0.701s] Level 5:colcon.colcon_core.verb:set package 'station_detector' build argument 'cmake_args' from command line to 'None'
[0.701s] Level 5:colcon.colcon_core.verb:set package 'station_detector' build argument 'cmake_target' from command line to 'None'
[0.701s] Level 5:colcon.colcon_core.verb:set package 'station_detector' build argument 'cmake_target_skip_unavailable' from command line to 'False'
[0.701s] Level 5:colcon.colcon_core.verb:set package 'station_detector' build argument 'cmake_clean_cache' from command line to 'False'
[0.701s] Level 5:colcon.colcon_core.verb:set package 'station_detector' build argument 'cmake_clean_first' from command line to 'False'
[0.701s] Level 5:colcon.colcon_core.verb:set package 'station_detector' build argument 'cmake_force_configure' from command line to 'False'
[0.701s] Level 5:colcon.colcon_core.verb:set package 'station_detector' build argument 'ament_cmake_args' from command line to 'None'
[0.701s] Level 5:colcon.colcon_core.verb:set package 'station_detector' build argument 'catkin_cmake_args' from command line to 'None'
[0.701s] Level 5:colcon.colcon_core.verb:set package 'station_detector' build argument 'catkin_skip_building_tests' from command line to 'False'
[0.701s] DEBUG:colcon.colcon_core.verb:Building package 'station_detector' with the following arguments: {'ament_cmake_args': None, 'build_base': '/home/song/volleyball_detection/build/station_detector', 'catkin_cmake_args': None, 'catkin_skip_building_tests': False, 'cmake_args': None, 'cmake_clean_cache': False, 'cmake_clean_first': False, 'cmake_force_configure': False, 'cmake_target': None, 'cmake_target_skip_unavailable': False, 'install_base': '/home/song/volleyball_detection/install/station_detector', 'merge_install': False, 'path': '/home/song/volleyball_detection/src/station_detector', 'symlink_install': True, 'test_result_base': None}
[0.701s] Level 5:colcon.colcon_core.verb:set package 'station_detector_cpp' build argument 'cmake_args' from command line to 'None'
[0.701s] Level 5:colcon.colcon_core.verb:set package 'station_detector_cpp' build argument 'cmake_target' from command line to 'None'
[0.702s] Level 5:colcon.colcon_core.verb:set package 'station_detector_cpp' build argument 'cmake_target_skip_unavailable' from command line to 'False'
[0.702s] Level 5:colcon.colcon_core.verb:set package 'station_detector_cpp' build argument 'cmake_clean_cache' from command line to 'False'
[0.702s] Level 5:colcon.colcon_core.verb:set package 'station_detector_cpp' build argument 'cmake_clean_first' from command line to 'False'
[0.702s] Level 5:colcon.colcon_core.verb:set package 'station_detector_cpp' build argument 'cmake_force_configure' from command line to 'False'
[0.702s] Level 5:colcon.colcon_core.verb:set package 'station_detector_cpp' build argument 'ament_cmake_args' from command line to 'None'
[0.702s] Level 5:colcon.colcon_core.verb:set package 'station_detector_cpp' build argument 'catkin_cmake_args' from command line to 'None'
[0.702s] Level 5:colcon.colcon_core.verb:set package 'station_detector_cpp' build argument 'catkin_skip_building_tests' from command line to 'False'
[0.702s] DEBUG:colcon.colcon_core.verb:Building package 'station_detector_cpp' with the following arguments: {'ament_cmake_args': None, 'build_base': '/home/song/volleyball_detection/build/station_detector_cpp', 'catkin_cmake_args': None, 'catkin_skip_building_tests': False, 'cmake_args': None, 'cmake_clean_cache': False, 'cmake_clean_first': False, 'cmake_force_configure': False, 'cmake_target': None, 'cmake_target_skip_unavailable': False, 'install_base': '/home/song/volleyball_detection/install/station_detector_cpp', 'merge_install': False, 'path': '/home/song/volleyball_detection/src/station_detector_cpp', 'symlink_install': True, 'test_result_base': None}
[0.702s] INFO:colcon.colcon_core.executor:Executing jobs using 'parallel' executor
[0.703s] DEBUG:colcon.colcon_parallel_executor.executor.parallel:run_until_complete
[0.703s] INFO:colcon.colcon_ros.task.ament_cmake.build:Building ROS package in '/home/song/volleyball_detection/src/mindvision_camera' with build type 'ament_cmake'
[0.704s] INFO:colcon.colcon_cmake.task.cmake.build:Building CMake package in '/home/song/volleyball_detection/src/mindvision_camera'
[0.708s] INFO:colcon.colcon_core.plugin_system:Skipping extension 'colcon_core.shell.bat': Not used on non-Windows systems
[0.708s] INFO:colcon.colcon_core.shell:Skip shell extension 'powershell' for command environment: Not usable outside of PowerShell
[0.708s] DEBUG:colcon.colcon_core.shell:Skip shell extension 'dsv' for command environment
[0.712s] INFO:colcon.colcon_ros.task.ament_cmake.build:Building ROS package in '/home/song/volleyball_detection/src/station_detector' with build type 'ament_cmake'
[0.713s] INFO:colcon.colcon_cmake.task.cmake.build:Building CMake package in '/home/song/volleyball_detection/src/station_detector'
[0.713s] INFO:colcon.colcon_core.shell:Skip shell extension 'powershell' for command environment: Not usable outside of PowerShell
[0.713s] DEBUG:colcon.colcon_core.shell:Skip shell extension 'dsv' for command environment
[0.717s] INFO:colcon.colcon_ros.task.ament_cmake.build:Building ROS package in '/home/song/volleyball_detection/src/station_detector_cpp' with build type 'ament_cmake'
[0.717s] INFO:colcon.colcon_cmake.task.cmake.build:Building CMake package in '/home/song/volleyball_detection/src/station_detector_cpp'
[0.717s] INFO:colcon.colcon_core.shell:Skip shell extension 'powershell' for command environment: Not usable outside of PowerShell
[0.717s] DEBUG:colcon.colcon_core.shell:Skip shell extension 'dsv' for command environment
[0.726s] DEBUG:colcon.colcon_core.event_handler.log_command:Invoking command in '/home/song/volleyball_detection/build/mindvision_camera': CMAKE_PREFIX_PATH=${CMAKE_PREFIX_PATH}:/opt/ros/humble /usr/bin/cmake /home/song/volleyball_detection/src/mindvision_camera -DAMENT_CMAKE_SYMLINK_INSTALL=1 -DCMAKE_INSTALL_PREFIX=/home/song/volleyball_detection/install/mindvision_camera
[0.728s] DEBUG:colcon.colcon_core.event_handler.log_command:Invoking command in '/home/song/volleyball_detection/build/station_detector': CMAKE_PREFIX_PATH=${CMAKE_PREFIX_PATH}:/opt/ros/humble /usr/bin/cmake /home/song/volleyball_detection/src/station_detector -DAMENT_CMAKE_SYMLINK_INSTALL=1 -DCMAKE_INSTALL_PREFIX=/home/song/volleyball_detection/install/station_detector
[0.733s] DEBUG:colcon.colcon_core.event_handler.log_command:Invoking command in '/home/song/volleyball_detection/build/station_detector_cpp': CMAKE_PREFIX_PATH=${CMAKE_PREFIX_PATH}:/opt/ros/humble /usr/bin/cmake /home/song/volleyball_detection/src/station_detector_cpp -DAMENT_CMAKE_SYMLINK_INSTALL=1 -DCMAKE_INSTALL_PREFIX=/home/song/volleyball_detection/install/station_detector_cpp
[2.777s] DEBUG:colcon.colcon_core.event_handler.log_command:Invoked command in '/home/song/volleyball_detection/build/mindvision_camera' returned '0': CMAKE_PREFIX_PATH=${CMAKE_PREFIX_PATH}:/opt/ros/humble /usr/bin/cmake /home/song/volleyball_detection/src/mindvision_camera -DAMENT_CMAKE_SYMLINK_INSTALL=1 -DCMAKE_INSTALL_PREFIX=/home/song/volleyball_detection/install/mindvision_camera
[2.777s] DEBUG:colcon.colcon_core.event_handler.log_command:Invoking command in '/home/song/volleyball_detection/build/mindvision_camera': CMAKE_PREFIX_PATH=${CMAKE_PREFIX_PATH}:/opt/ros/humble /usr/bin/cmake --build /home/song/volleyball_detection/build/mindvision_camera -- -j20 -l20
[2.839s] DEBUG:colcon.colcon_core.event_handler.log_command:Invoked command in '/home/song/volleyball_detection/build/station_detector_cpp' returned '0': CMAKE_PREFIX_PATH=${CMAKE_PREFIX_PATH}:/opt/ros/humble /usr/bin/cmake /home/song/volleyball_detection/src/station_detector_cpp -DAMENT_CMAKE_SYMLINK_INSTALL=1 -DCMAKE_INSTALL_PREFIX=/home/song/volleyball_detection/install/station_detector_cpp
[2.840s] DEBUG:colcon.colcon_core.event_handler.log_command:Invoking command in '/home/song/volleyball_detection/build/station_detector_cpp': CMAKE_PREFIX_PATH=${CMAKE_PREFIX_PATH}:/opt/ros/humble /usr/bin/cmake --build /home/song/volleyball_detection/build/station_detector_cpp -- -j20 -l20
[2.857s] DEBUG:colcon.colcon_core.event_handler.log_command:Invoked command in '/home/song/volleyball_detection/build/station_detector' returned '0': CMAKE_PREFIX_PATH=${CMAKE_PREFIX_PATH}:/opt/ros/humble /usr/bin/cmake /home/song/volleyball_detection/src/station_detector -DAMENT_CMAKE_SYMLINK_INSTALL=1 -DCMAKE_INSTALL_PREFIX=/home/song/volleyball_detection/install/station_detector
[2.858s] DEBUG:colcon.colcon_core.event_handler.log_command:Invoking command in '/home/song/volleyball_detection/build/station_detector': CMAKE_PREFIX_PATH=${CMAKE_PREFIX_PATH}:/opt/ros/humble /usr/bin/cmake --build /home/song/volleyball_detection/build/station_detector -- -j20 -l20
[6.257s] DEBUG:colcon.colcon_core.event_handler.log_command:Invoked command in '/home/song/volleyball_detection/build/mindvision_camera' returned '0': CMAKE_PREFIX_PATH=${CMAKE_PREFIX_PATH}:/opt/ros/humble /usr/bin/cmake --build /home/song/volleyball_detection/build/mindvision_camera -- -j20 -l20
[6.268s] DEBUG:colcon.colcon_core.event_handler.log_command:Invoking command in '/home/song/volleyball_detection/build/mindvision_camera': CMAKE_PREFIX_PATH=${CMAKE_PREFIX_PATH}:/opt/ros/humble /usr/bin/cmake --install /home/song/volleyball_detection/build/mindvision_camera
[6.474s] Level 1:colcon.colcon_core.environment:create_environment_scripts_only(mindvision_camera)
[6.474s] DEBUG:colcon.colcon_core.event_handler.log_command:Invoked command in '/home/song/volleyball_detection/build/mindvision_camera' returned '0': CMAKE_PREFIX_PATH=${CMAKE_PREFIX_PATH}:/opt/ros/humble /usr/bin/cmake --install /home/song/volleyball_detection/build/mindvision_camera
[6.484s] Level 1:colcon.colcon_core.environment:checking '/home/song/volleyball_detection/install/mindvision_camera' for CMake module files
[6.485s] Level 1:colcon.colcon_core.environment:checking '/home/song/volleyball_detection/install/mindvision_camera' for CMake config files
[6.485s] Level 1:colcon.colcon_core.shell:create_environment_hook('mindvision_camera', 'cmake_prefix_path')
[6.485s] INFO:colcon.colcon_core.shell:Creating environment hook '/home/song/volleyball_detection/install/mindvision_camera/share/mindvision_camera/hook/cmake_prefix_path.ps1'
[6.486s] INFO:colcon.colcon_core.shell:Creating environment descriptor '/home/song/volleyball_detection/install/mindvision_camera/share/mindvision_camera/hook/cmake_prefix_path.dsv'
[6.487s] INFO:colcon.colcon_core.shell:Creating environment hook '/home/song/volleyball_detection/install/mindvision_camera/share/mindvision_camera/hook/cmake_prefix_path.sh'
[6.488s] Level 1:colcon.colcon_core.environment:checking '/home/song/volleyball_detection/install/mindvision_camera/lib'
[6.488s] Level 1:colcon.colcon_core.shell:create_environment_hook('mindvision_camera', 'ld_library_path_lib')
[6.488s] INFO:colcon.colcon_core.shell:Creating environment hook '/home/song/volleyball_detection/install/mindvision_camera/share/mindvision_camera/hook/ld_library_path_lib.ps1'
[6.489s] INFO:colcon.colcon_core.shell:Creating environment descriptor '/home/song/volleyball_detection/install/mindvision_camera/share/mindvision_camera/hook/ld_library_path_lib.dsv'
[6.489s] INFO:colcon.colcon_core.shell:Creating environment hook '/home/song/volleyball_detection/install/mindvision_camera/share/mindvision_camera/hook/ld_library_path_lib.sh'
[6.489s] Level 1:colcon.colcon_core.environment:checking '/home/song/volleyball_detection/install/mindvision_camera/bin'
[6.489s] Level 1:colcon.colcon_core.environment:checking '/home/song/volleyball_detection/install/mindvision_camera/lib/pkgconfig/mindvision_camera.pc'
[6.489s] Level 1:colcon.colcon_core.environment:checking '/home/song/volleyball_detection/install/mindvision_camera/lib/python3.10/site-packages'
[6.490s] Level 1:colcon.colcon_core.environment:checking '/home/song/volleyball_detection/install/mindvision_camera/bin'
[6.490s] INFO:colcon.colcon_core.shell:Creating package script '/home/song/volleyball_detection/install/mindvision_camera/share/mindvision_camera/package.ps1'
[6.491s] INFO:colcon.colcon_core.shell:Creating package descriptor '/home/song/volleyball_detection/install/mindvision_camera/share/mindvision_camera/package.dsv'
[6.492s] INFO:colcon.colcon_core.shell:Creating package script '/home/song/volleyball_detection/install/mindvision_camera/share/mindvision_camera/package.sh'
[6.493s] INFO:colcon.colcon_core.shell:Creating package script '/home/song/volleyball_detection/install/mindvision_camera/share/mindvision_camera/package.bash'
[6.494s] INFO:colcon.colcon_core.shell:Creating package script '/home/song/volleyball_detection/install/mindvision_camera/share/mindvision_camera/package.zsh'
[6.495s] Level 1:colcon.colcon_core.environment:create_file_with_runtime_dependencies(/home/song/volleyball_detection/install/mindvision_camera/share/colcon-core/packages/mindvision_camera)
[6.495s] Level 1:colcon.colcon_core.environment:create_environment_scripts_only(mindvision_camera)
[6.495s] Level 1:colcon.colcon_core.environment:checking '/home/song/volleyball_detection/install/mindvision_camera' for CMake module files
[6.496s] Level 1:colcon.colcon_core.environment:checking '/home/song/volleyball_detection/install/mindvision_camera' for CMake config files
[6.496s] Level 1:colcon.colcon_core.shell:create_environment_hook('mindvision_camera', 'cmake_prefix_path')
[6.496s] INFO:colcon.colcon_core.shell:Creating environment hook '/home/song/volleyball_detection/install/mindvision_camera/share/mindvision_camera/hook/cmake_prefix_path.ps1'
[6.497s] INFO:colcon.colcon_core.shell:Creating environment descriptor '/home/song/volleyball_detection/install/mindvision_camera/share/mindvision_camera/hook/cmake_prefix_path.dsv'
[6.497s] INFO:colcon.colcon_core.shell:Creating environment hook '/home/song/volleyball_detection/install/mindvision_camera/share/mindvision_camera/hook/cmake_prefix_path.sh'
[6.498s] Level 1:colcon.colcon_core.environment:checking '/home/song/volleyball_detection/install/mindvision_camera/lib'
[6.498s] Level 1:colcon.colcon_core.shell:create_environment_hook('mindvision_camera', 'ld_library_path_lib')
[6.498s] INFO:colcon.colcon_core.shell:Creating environment hook '/home/song/volleyball_detection/install/mindvision_camera/share/mindvision_camera/hook/ld_library_path_lib.ps1'
[6.498s] INFO:colcon.colcon_core.shell:Creating environment descriptor '/home/song/volleyball_detection/install/mindvision_camera/share/mindvision_camera/hook/ld_library_path_lib.dsv'
[6.499s] INFO:colcon.colcon_core.shell:Creating environment hook '/home/song/volleyball_detection/install/mindvision_camera/share/mindvision_camera/hook/ld_library_path_lib.sh'
[6.499s] Level 1:colcon.colcon_core.environment:checking '/home/song/volleyball_detection/install/mindvision_camera/bin'
[6.499s] Level 1:colcon.colcon_core.environment:checking '/home/song/volleyball_detection/install/mindvision_camera/lib/pkgconfig/mindvision_camera.pc'
[6.499s] Level 1:colcon.colcon_core.environment:checking '/home/song/volleyball_detection/install/mindvision_camera/lib/python3.10/site-packages'
[6.499s] Level 1:colcon.colcon_core.environment:checking '/home/song/volleyball_detection/install/mindvision_camera/bin'
[6.500s] INFO:colcon.colcon_core.shell:Creating package script '/home/song/volleyball_detection/install/mindvision_camera/share/mindvision_camera/package.ps1'
[6.500s] INFO:colcon.colcon_core.shell:Creating package descriptor '/home/song/volleyball_detection/install/mindvision_camera/share/mindvision_camera/package.dsv'
[6.500s] INFO:colcon.colcon_core.shell:Creating package script '/home/song/volleyball_detection/install/mindvision_camera/share/mindvision_camera/package.sh'
[6.501s] INFO:colcon.colcon_core.shell:Creating package script '/home/song/volleyball_detection/install/mindvision_camera/share/mindvision_camera/package.bash'
[6.501s] INFO:colcon.colcon_core.shell:Creating package script '/home/song/volleyball_detection/install/mindvision_camera/share/mindvision_camera/package.zsh'
[6.501s] Level 1:colcon.colcon_core.environment:create_file_with_runtime_dependencies(/home/song/volleyball_detection/install/mindvision_camera/share/colcon-core/packages/mindvision_camera)
[8.592s] DEBUG:colcon.colcon_core.event_handler.log_command:Invoked command in '/home/song/volleyball_detection/build/station_detector_cpp' returned '2': CMAKE_PREFIX_PATH=${CMAKE_PREFIX_PATH}:/opt/ros/humble /usr/bin/cmake --build /home/song/volleyball_detection/build/station_detector_cpp -- -j20 -l20
[8.592s] Level 1:colcon.colcon_core.environment:create_environment_scripts_only(station_detector_cpp)
[8.593s] Level 1:colcon.colcon_core.environment:checking '/home/song/volleyball_detection/install/station_detector_cpp' for CMake module files
[8.593s] Level 1:colcon.colcon_core.environment:checking '/home/song/volleyball_detection/install/station_detector_cpp' for CMake config files
[8.593s] Level 1:colcon.colcon_core.environment:checking '/home/song/volleyball_detection/install/station_detector_cpp/bin'
[8.593s] Level 1:colcon.colcon_core.environment:checking '/home/song/volleyball_detection/install/station_detector_cpp/lib/pkgconfig/station_detector_cpp.pc'
[8.593s] Level 1:colcon.colcon_core.environment:checking '/home/song/volleyball_detection/install/station_detector_cpp/lib/python3.10/site-packages'
[8.594s] Level 1:colcon.colcon_core.environment:checking '/home/song/volleyball_detection/install/station_detector_cpp/bin'
[8.594s] INFO:colcon.colcon_core.shell:Creating package script '/home/song/volleyball_detection/install/station_detector_cpp/share/station_detector_cpp/package.ps1'
[8.594s] INFO:colcon.colcon_core.shell:Creating package descriptor '/home/song/volleyball_detection/install/station_detector_cpp/share/station_detector_cpp/package.dsv'
[8.595s] INFO:colcon.colcon_core.shell:Creating package script '/home/song/volleyball_detection/install/station_detector_cpp/share/station_detector_cpp/package.sh'
[8.595s] INFO:colcon.colcon_core.shell:Creating package script '/home/song/volleyball_detection/install/station_detector_cpp/share/station_detector_cpp/package.bash'
[8.595s] INFO:colcon.colcon_core.shell:Creating package script '/home/song/volleyball_detection/install/station_detector_cpp/share/station_detector_cpp/package.zsh'
[8.595s] Level 1:colcon.colcon_core.environment:create_file_with_runtime_dependencies(/home/song/volleyball_detection/install/station_detector_cpp/share/colcon-core/packages/station_detector_cpp)
[15.207s] DEBUG:colcon.colcon_parallel_executor.executor.parallel:closing loop
[15.207s] DEBUG:colcon.colcon_parallel_executor.executor.parallel:loop closed
[15.207s] DEBUG:colcon.colcon_parallel_executor.executor.parallel:run_until_complete finished with '2'
[15.207s] DEBUG:colcon.colcon_core.event_reactor:joining thread
[15.217s] INFO:colcon.colcon_core.plugin_system:Skipping extension 'colcon_notification.desktop_notification.terminal_notifier': Not used on non-Darwin systems
[15.217s] INFO:colcon.colcon_core.plugin_system:Skipping extension 'colcon_notification.desktop_notification.win32': Not used on non-Windows systems
[15.217s] INFO:colcon.colcon_notification.desktop_notification:Sending desktop notification using 'notify2'
[15.240s] DEBUG:colcon.colcon_core.event_reactor:joined thread
[15.241s] INFO:colcon.colcon_core.shell:Creating prefix script '/home/song/volleyball_detection/install/local_setup.ps1'
[15.242s] INFO:colcon.colcon_core.shell:Creating prefix util module '/home/song/volleyball_detection/install/_local_setup_util_ps1.py'
[15.244s] INFO:colcon.colcon_core.shell:Creating prefix chain script '/home/song/volleyball_detection/install/setup.ps1'
[15.246s] INFO:colcon.colcon_core.shell:Creating prefix script '/home/song/volleyball_detection/install/local_setup.sh'
[15.247s] INFO:colcon.colcon_core.shell:Creating prefix util module '/home/song/volleyball_detection/install/_local_setup_util_sh.py'
[15.248s] INFO:colcon.colcon_core.shell:Creating prefix chain script '/home/song/volleyball_detection/install/setup.sh'
[15.249s] INFO:colcon.colcon_core.shell:Creating prefix script '/home/song/volleyball_detection/install/local_setup.bash'
[15.250s] INFO:colcon.colcon_core.shell:Creating prefix chain script '/home/song/volleyball_detection/install/setup.bash'
[15.252s] INFO:colcon.colcon_core.shell:Creating prefix script '/home/song/volleyball_detection/install/local_setup.zsh'
[15.253s] INFO:colcon.colcon_core.shell:Creating prefix chain script '/home/song/volleyball_detection/install/setup.zsh'
