Consolidate compiler generated dependencies of target station_pose_estimator
[100%] Built target station_pose_estimator
-- Install configuration: ""
-- Execute custom install script
-- Symlinking: /home/song/volleyball_detection/install/station_detector/lib/station_detector/station_pose_estimator
-- Symlinking: /home/song/volleyball_detection/install/station_detector/lib/station_detector/static_image_pub.py
-- Symlinking: /home/song/volleyball_detection/install/station_detector/lib/station_detector/video_publisher.py
-- Symlinking: /home/song/volleyball_detection/install/station_detector/lib/station_detector/yolo_volleyball_node.py
-- Symlinking: /home/song/volleyball_detection/install/station_detector/lib/station_detector/yolo_detector.py
-- Symlinking: /home/song/volleyball_detection/install/station_detector/lib/station_detector/kalman_tracker.py
-- Symlinking: /home/song/volleyball_detection/install/station_detector/lib/station_detector/detection_validator.py
-- Symlinking: /home/song/volleyball_detection/install/station_detector/share/station_detector/launch/real_camera.launch.py
-- Symlinking: /home/song/volleyball_detection/install/station_detector/share/station_detector/launch/static_image_pub.launch.py
-- Symlinking: /home/song/volleyball_detection/install/station_detector/share/station_detector/launch/test_video.launch.py
-- Symlinking: /home/song/volleyball_detection/install/station_detector/share/station_detector/launch/yolo_real_camera.launch.py
-- Symlinking: /home/song/volleyball_detection/install/station_detector/share/station_detector/launch/yolo_static_image.launch.py
-- Symlinking: /home/song/volleyball_detection/install/station_detector/share/station_detector/launch/yolo_test_video.launch.py
-- Symlinking: /home/song/volleyball_detection/install/station_detector/share/station_detector/config/fake_camera_info.yaml
-- Symlinking: /home/song/volleyball_detection/install/station_detector/share/station_detector/config/station_params.yaml
-- Symlinking: /home/song/volleyball_detection/install/station_detector/share/station_detector/config/yolo_params.yaml
-- Symlinking: /home/song/volleyball_detection/install/station_detector/share/station_detector/test_images/ScreenShot_2025-12-23_155249_394.png
-- Symlinking: /home/song/volleyball_detection/install/station_detector/share/station_detector/test_images/ScreenShot_2025-12-23_155305_578.png
-- Symlinking: /home/song/volleyball_detection/install/station_detector/share/station_detector/test_images/ScreenShot_2025-12-23_155320_564.png
-- Symlinking: /home/song/volleyball_detection/install/station_detector/share/station_detector/test_images/image.png
-- Symlinking: /home/song/volleyball_detection/install/station_detector/share/station_detector/test_images/image111.png
-- Symlinking: /home/song/volleyball_detection/install/station_detector/share/station_detector/test_images/image4.png
-- Symlinking: /home/song/volleyball_detection/install/station_detector/share/station_detector/test_images/image5.png
-- Symlinking: /home/song/volleyball_detection/install/station_detector/share/ament_index/resource_index/package_run_dependencies/station_detector
-- Symlinking: /home/song/volleyball_detection/install/station_detector/share/ament_index/resource_index/parent_prefix_path/station_detector
-- Symlinking: /home/song/volleyball_detection/install/station_detector/share/station_detector/environment/ament_prefix_path.sh
-- Symlinking: /home/song/volleyball_detection/install/station_detector/share/station_detector/environment/ament_prefix_path.dsv
-- Symlinking: /home/song/volleyball_detection/install/station_detector/share/station_detector/environment/path.sh
-- Symlinking: /home/song/volleyball_detection/install/station_detector/share/station_detector/environment/path.dsv
-- Symlinking: /home/song/volleyball_detection/install/station_detector/share/station_detector/local_setup.bash
-- Symlinking: /home/song/volleyball_detection/install/station_detector/share/station_detector/local_setup.sh
-- Symlinking: /home/song/volleyball_detection/install/station_detector/share/station_detector/local_setup.zsh
-- Symlinking: /home/song/volleyball_detection/install/station_detector/share/station_detector/local_setup.dsv
-- Symlinking: /home/song/volleyball_detection/install/station_detector/share/station_detector/package.dsv
-- Symlinking: /home/song/volleyball_detection/install/station_detector/share/ament_index/resource_index/packages/station_detector
-- Symlinking: /home/song/volleyball_detection/install/station_detector/share/station_detector/cmake/station_detectorConfig.cmake
-- Symlinking: /home/song/volleyball_detection/install/station_detector/share/station_detector/cmake/station_detectorConfig-version.cmake
-- Symlinking: /home/song/volleyball_detection/install/station_detector/share/station_detector/package.xml
