[0.090s] DEBUG:colcon:Command line arguments: ['/usr/bin/colcon', 'build', '--symlink-install']
[0.090s] DEBUG:colcon:Parsed command line arguments: Namespace(log_base=None, log_level=None, verb_name='build', build_base='build', install_base='install', merge_install=False, symlink_install=True, test_result_base=None, continue_on_error=False, executor='parallel', parallel_workers=20, event_handlers=None, ignore_user_meta=False, metas=['./colcon.meta'], base_paths=['.'], packages_ignore=None, packages_ignore_regex=None, paths=None, packages_up_to=None, packages_up_to_regex=None, packages_above=None, packages_above_and_dependencies=None, packages_above_depth=None, packages_select_by_dep=None, packages_skip_by_dep=None, packages_skip_up_to=None, packages_select_build_failed=False, packages_skip_build_finished=False, packages_select_test_failures=False, packages_skip_test_passed=False, packages_select=None, packages_skip=None, packages_select_regex=None, packages_skip_regex=None, packages_start=None, packages_end=None, allow_overriding=[], cmake_args=None, cmake_target=None, cmake_target_skip_unavailable=False, cmake_clean_cache=False, cmake_clean_first=False, cmake_force_configure=False, ament_cmake_args=None, catkin_cmake_args=None, catkin_skip_building_tests=False, mixin_files=None, mixin=None, verb_parser=<colcon_mixin.mixin.mixin_argument.MixinArgumentDecorator object at 0x7d08e7c63040>, verb_extension=<colcon_core.verb.build.BuildVerb object at 0x7d08e7c62a70>, main=<bound method BuildVerb.main of <colcon_core.verb.build.BuildVerb object at 0x7d08e7c62a70>>, mixin_verb=('build',))
[0.173s] Level 1:colcon.colcon_core.package_discovery:discover_packages(colcon_meta) check parameters
[0.173s] Level 1:colcon.colcon_core.package_discovery:discover_packages(recursive) check parameters
[0.173s] Level 1:colcon.colcon_core.package_discovery:discover_packages(ignore) check parameters
[0.173s] Level 1:colcon.colcon_core.package_discovery:discover_packages(path) check parameters
[0.173s] Level 1:colcon.colcon_core.package_discovery:discover_packages(colcon_meta) discover
[0.174s] Level 1:colcon.colcon_core.package_discovery:discover_packages(recursive) discover
[0.174s] INFO:colcon.colcon_core.package_discovery:Crawling recursively for packages in '/home/song/volleyball_detection'
[0.174s] Level 1:colcon.colcon_core.package_identification:_identify(.) by extensions ['ignore', 'ignore_ament_install']
[0.174s] Level 1:colcon.colcon_core.package_identification:_identify(.) by extension 'ignore'
[0.174s] Level 1:colcon.colcon_core.package_identification:_identify(.) by extension 'ignore_ament_install'
[0.174s] Level 1:colcon.colcon_core.package_identification:_identify(.) by extensions ['colcon_pkg']
[0.174s] Level 1:colcon.colcon_core.package_identification:_identify(.) by extension 'colcon_pkg'
[0.174s] Level 1:colcon.colcon_core.package_identification:_identify(.) by extensions ['colcon_meta']
[0.174s] Level 1:colcon.colcon_core.package_identification:_identify(.) by extension 'colcon_meta'
[0.174s] Level 1:colcon.colcon_core.package_identification:_identify(.) by extensions ['ros']
[0.174s] Level 1:colcon.colcon_core.package_identification:_identify(.) by extension 'ros'
[0.180s] Level 1:colcon.colcon_core.package_identification:_identify(.) by extensions ['cmake', 'python']
[0.180s] Level 1:colcon.colcon_core.package_identification:_identify(.) by extension 'cmake'
[0.180s] Level 1:colcon.colcon_core.package_identification:_identify(.) by extension 'python'
[0.180s] Level 1:colcon.colcon_core.package_identification:_identify(.) by extensions ['python_setup_py']
[0.180s] Level 1:colcon.colcon_core.package_identification:_identify(.) by extension 'python_setup_py'
[0.180s] Level 1:colcon.colcon_core.package_identification:_identify(build) by extensions ['ignore', 'ignore_ament_install']
[0.180s] Level 1:colcon.colcon_core.package_identification:_identify(build) by extension 'ignore'
[0.180s] Level 1:colcon.colcon_core.package_identification:_identify(build) ignored
[0.180s] Level 1:colcon.colcon_core.package_identification:_identify(install) by extensions ['ignore', 'ignore_ament_install']
[0.180s] Level 1:colcon.colcon_core.package_identification:_identify(install) by extension 'ignore'
[0.180s] Level 1:colcon.colcon_core.package_identification:_identify(install) ignored
[0.180s] Level 1:colcon.colcon_core.package_identification:_identify(log) by extensions ['ignore', 'ignore_ament_install']
[0.180s] Level 1:colcon.colcon_core.package_identification:_identify(log) by extension 'ignore'
[0.180s] Level 1:colcon.colcon_core.package_identification:_identify(log) ignored
[0.180s] Level 1:colcon.colcon_core.package_identification:_identify(src) by extensions ['ignore', 'ignore_ament_install']
[0.180s] Level 1:colcon.colcon_core.package_identification:_identify(src) by extension 'ignore'
[0.180s] Level 1:colcon.colcon_core.package_identification:_identify(src) by extension 'ignore_ament_install'
[0.180s] Level 1:colcon.colcon_core.package_identification:_identify(src) by extensions ['colcon_pkg']
[0.180s] Level 1:colcon.colcon_core.package_identification:_identify(src) by extension 'colcon_pkg'
[0.180s] Level 1:colcon.colcon_core.package_identification:_identify(src) by extensions ['colcon_meta']
[0.180s] Level 1:colcon.colcon_core.package_identification:_identify(src) by extension 'colcon_meta'
[0.180s] Level 1:colcon.colcon_core.package_identification:_identify(src) by extensions ['ros']
[0.180s] Level 1:colcon.colcon_core.package_identification:_identify(src) by extension 'ros'
[0.180s] Level 1:colcon.colcon_core.package_identification:_identify(src) by extensions ['cmake', 'python']
[0.180s] Level 1:colcon.colcon_core.package_identification:_identify(src) by extension 'cmake'
[0.180s] Level 1:colcon.colcon_core.package_identification:_identify(src) by extension 'python'
[0.180s] Level 1:colcon.colcon_core.package_identification:_identify(src) by extensions ['python_setup_py']
[0.180s] Level 1:colcon.colcon_core.package_identification:_identify(src) by extension 'python_setup_py'
[0.180s] Level 1:colcon.colcon_core.package_identification:_identify(src/mindvision_camera) by extensions ['ignore', 'ignore_ament_install']
[0.181s] Level 1:colcon.colcon_core.package_identification:_identify(src/mindvision_camera) by extension 'ignore'
[0.181s] Level 1:colcon.colcon_core.package_identification:_identify(src/mindvision_camera) by extension 'ignore_ament_install'
[0.181s] Level 1:colcon.colcon_core.package_identification:_identify(src/mindvision_camera) by extensions ['colcon_pkg']
[0.181s] Level 1:colcon.colcon_core.package_identification:_identify(src/mindvision_camera) by extension 'colcon_pkg'
[0.181s] Level 1:colcon.colcon_core.package_identification:_identify(src/mindvision_camera) by extensions ['colcon_meta']
[0.181s] Level 1:colcon.colcon_core.package_identification:_identify(src/mindvision_camera) by extension 'colcon_meta'
[0.181s] Level 1:colcon.colcon_core.package_identification:_identify(src/mindvision_camera) by extensions ['ros']
[0.181s] Level 1:colcon.colcon_core.package_identification:_identify(src/mindvision_camera) by extension 'ros'
[0.182s] DEBUG:colcon.colcon_core.package_identification:Package 'src/mindvision_camera' with type 'ros.ament_cmake' and name 'mindvision_camera'
[0.182s] Level 1:colcon.colcon_core.package_identification:_identify(src/station_detector) by extensions ['ignore', 'ignore_ament_install']
[0.182s] Level 1:colcon.colcon_core.package_identification:_identify(src/station_detector) by extension 'ignore'
[0.182s] Level 1:colcon.colcon_core.package_identification:_identify(src/station_detector) by extension 'ignore_ament_install'
[0.183s] Level 1:colcon.colcon_core.package_identification:_identify(src/station_detector) by extensions ['colcon_pkg']
[0.183s] Level 1:colcon.colcon_core.package_identification:_identify(src/station_detector) by extension 'colcon_pkg'
[0.183s] Level 1:colcon.colcon_core.package_identification:_identify(src/station_detector) by extensions ['colcon_meta']
[0.183s] Level 1:colcon.colcon_core.package_identification:_identify(src/station_detector) by extension 'colcon_meta'
[0.183s] Level 1:colcon.colcon_core.package_identification:_identify(src/station_detector) by extensions ['ros']
[0.183s] Level 1:colcon.colcon_core.package_identification:_identify(src/station_detector) by extension 'ros'
[0.183s] DEBUG:colcon.colcon_core.package_identification:Package 'src/station_detector' with type 'ros.ament_cmake' and name 'station_detector'
[0.183s] Level 1:colcon.colcon_core.package_identification:_identify(src/station_detector_cpp) by extensions ['ignore', 'ignore_ament_install']
[0.183s] Level 1:colcon.colcon_core.package_identification:_identify(src/station_detector_cpp) by extension 'ignore'
[0.183s] Level 1:colcon.colcon_core.package_identification:_identify(src/station_detector_cpp) by extension 'ignore_ament_install'
[0.183s] Level 1:colcon.colcon_core.package_identification:_identify(src/station_detector_cpp) by extensions ['colcon_pkg']
[0.183s] Level 1:colcon.colcon_core.package_identification:_identify(src/station_detector_cpp) by extension 'colcon_pkg'
[0.183s] Level 1:colcon.colcon_core.package_identification:_identify(src/station_detector_cpp) by extensions ['colcon_meta']
[0.183s] Level 1:colcon.colcon_core.package_identification:_identify(src/station_detector_cpp) by extension 'colcon_meta'
[0.183s] Level 1:colcon.colcon_core.package_identification:_identify(src/station_detector_cpp) by extensions ['ros']
[0.184s] Level 1:colcon.colcon_core.package_identification:_identify(src/station_detector_cpp) by extension 'ros'
[0.184s] DEBUG:colcon.colcon_core.package_identification:Package 'src/station_detector_cpp' with type 'ros.ament_cmake' and name 'station_detector_cpp'
[0.184s] Level 1:colcon.colcon_core.package_discovery:discover_packages(recursive) using defaults
[0.184s] Level 1:colcon.colcon_core.package_discovery:discover_packages(ignore) discover
[0.184s] Level 1:colcon.colcon_core.package_discovery:discover_packages(ignore) using defaults
[0.184s] Level 1:colcon.colcon_core.package_discovery:discover_packages(path) discover
[0.184s] Level 1:colcon.colcon_core.package_discovery:discover_packages(path) using defaults
[0.201s] Level 1:colcon.colcon_core.package_discovery:discover_packages(prefix_path) check parameters
[0.201s] Level 1:colcon.colcon_core.package_discovery:discover_packages(prefix_path) discover
[0.201s] DEBUG:colcon.colcon_installed_package_information.package_discovery:Found 1 installed packages in /home/song/cv_bridge_ws/install
[0.202s] DEBUG:colcon.colcon_installed_package_information.package_discovery:Found 326 installed packages in /opt/ros/humble
[0.203s] Level 1:colcon.colcon_core.package_discovery:discover_packages(prefix_path) using defaults
[0.222s] Level 5:colcon.colcon_core.verb:set package 'mindvision_camera' build argument 'cmake_args' from command line to 'None'
[0.223s] Level 5:colcon.colcon_core.verb:set package 'mindvision_camera' build argument 'cmake_target' from command line to 'None'
[0.223s] Level 5:colcon.colcon_core.verb:set package 'mindvision_camera' build argument 'cmake_target_skip_unavailable' from command line to 'False'
[0.223s] Level 5:colcon.colcon_core.verb:set package 'mindvision_camera' build argument 'cmake_clean_cache' from command line to 'False'
[0.223s] Level 5:colcon.colcon_core.verb:set package 'mindvision_camera' build argument 'cmake_clean_first' from command line to 'False'
[0.223s] Level 5:colcon.colcon_core.verb:set package 'mindvision_camera' build argument 'cmake_force_configure' from command line to 'False'
[0.223s] Level 5:colcon.colcon_core.verb:set package 'mindvision_camera' build argument 'ament_cmake_args' from command line to 'None'
[0.223s] Level 5:colcon.colcon_core.verb:set package 'mindvision_camera' build argument 'catkin_cmake_args' from command line to 'None'
[0.223s] Level 5:colcon.colcon_core.verb:set package 'mindvision_camera' build argument 'catkin_skip_building_tests' from command line to 'False'
[0.223s] DEBUG:colcon.colcon_core.verb:Building package 'mindvision_camera' with the following arguments: {'ament_cmake_args': None, 'build_base': '/home/song/volleyball_detection/build/mindvision_camera', 'catkin_cmake_args': None, 'catkin_skip_building_tests': False, 'cmake_args': None, 'cmake_clean_cache': False, 'cmake_clean_first': False, 'cmake_force_configure': False, 'cmake_target': None, 'cmake_target_skip_unavailable': False, 'install_base': '/home/song/volleyball_detection/install/mindvision_camera', 'merge_install': False, 'path': '/home/song/volleyball_detection/src/mindvision_camera', 'symlink_install': True, 'test_result_base': None}
[0.223s] Level 5:colcon.colcon_core.verb:set package 'station_detector' build argument 'cmake_args' from command line to 'None'
[0.223s] Level 5:colcon.colcon_core.verb:set package 'station_detector' build argument 'cmake_target' from command line to 'None'
[0.223s] Level 5:colcon.colcon_core.verb:set package 'station_detector' build argument 'cmake_target_skip_unavailable' from command line to 'False'
[0.223s] Level 5:colcon.colcon_core.verb:set package 'station_detector' build argument 'cmake_clean_cache' from command line to 'False'
[0.223s] Level 5:colcon.colcon_core.verb:set package 'station_detector' build argument 'cmake_clean_first' from command line to 'False'
[0.223s] Level 5:colcon.colcon_core.verb:set package 'station_detector' build argument 'cmake_force_configure' from command line to 'False'
[0.223s] Level 5:colcon.colcon_core.verb:set package 'station_detector' build argument 'ament_cmake_args' from command line to 'None'
[0.223s] Level 5:colcon.colcon_core.verb:set package 'station_detector' build argument 'catkin_cmake_args' from command line to 'None'
[0.223s] Level 5:colcon.colcon_core.verb:set package 'station_detector' build argument 'catkin_skip_building_tests' from command line to 'False'
[0.223s] DEBUG:colcon.colcon_core.verb:Building package 'station_detector' with the following arguments: {'ament_cmake_args': None, 'build_base': '/home/song/volleyball_detection/build/station_detector', 'catkin_cmake_args': None, 'catkin_skip_building_tests': False, 'cmake_args': None, 'cmake_clean_cache': False, 'cmake_clean_first': False, 'cmake_force_configure': False, 'cmake_target': None, 'cmake_target_skip_unavailable': False, 'install_base': '/home/song/volleyball_detection/install/station_detector', 'merge_install': False, 'path': '/home/song/volleyball_detection/src/station_detector', 'symlink_install': True, 'test_result_base': None}
[0.223s] Level 5:colcon.colcon_core.verb:set package 'station_detector_cpp' build argument 'cmake_args' from command line to 'None'
[0.223s] Level 5:colcon.colcon_core.verb:set package 'station_detector_cpp' build argument 'cmake_target' from command line to 'None'
[0.223s] Level 5:colcon.colcon_core.verb:set package 'station_detector_cpp' build argument 'cmake_target_skip_unavailable' from command line to 'False'
[0.223s] Level 5:colcon.colcon_core.verb:set package 'station_detector_cpp' build argument 'cmake_clean_cache' from command line to 'False'
[0.223s] Level 5:colcon.colcon_core.verb:set package 'station_detector_cpp' build argument 'cmake_clean_first' from command line to 'False'
[0.223s] Level 5:colcon.colcon_core.verb:set package 'station_detector_cpp' build argument 'cmake_force_configure' from command line to 'False'
[0.223s] Level 5:colcon.colcon_core.verb:set package 'station_detector_cpp' build argument 'ament_cmake_args' from command line to 'None'
[0.223s] Level 5:colcon.colcon_core.verb:set package 'station_detector_cpp' build argument 'catkin_cmake_args' from command line to 'None'
[0.223s] Level 5:colcon.colcon_core.verb:set package 'station_detector_cpp' build argument 'catkin_skip_building_tests' from command line to 'False'
[0.223s] DEBUG:colcon.colcon_core.verb:Building package 'station_detector_cpp' with the following arguments: {'ament_cmake_args': None, 'build_base': '/home/song/volleyball_detection/build/station_detector_cpp', 'catkin_cmake_args': None, 'catkin_skip_building_tests': False, 'cmake_args': None, 'cmake_clean_cache': False, 'cmake_clean_first': False, 'cmake_force_configure': False, 'cmake_target': None, 'cmake_target_skip_unavailable': False, 'install_base': '/home/song/volleyball_detection/install/station_detector_cpp', 'merge_install': False, 'path': '/home/song/volleyball_detection/src/station_detector_cpp', 'symlink_install': True, 'test_result_base': None}
[0.223s] INFO:colcon.colcon_core.executor:Executing jobs using 'parallel' executor
[0.224s] DEBUG:colcon.colcon_parallel_executor.executor.parallel:run_until_complete
[0.224s] INFO:colcon.colcon_ros.task.ament_cmake.build:Building ROS package in '/home/song/volleyball_detection/src/mindvision_camera' with build type 'ament_cmake'
[0.224s] INFO:colcon.colcon_cmake.task.cmake.build:Building CMake package in '/home/song/volleyball_detection/src/mindvision_camera'
[0.225s] INFO:colcon.colcon_core.plugin_system:Skipping extension 'colcon_core.shell.bat': Not used on non-Windows systems
[0.225s] INFO:colcon.colcon_core.shell:Skip shell extension 'powershell' for command environment: Not usable outside of PowerShell
[0.225s] DEBUG:colcon.colcon_core.shell:Skip shell extension 'dsv' for command environment
[0.227s] INFO:colcon.colcon_ros.task.ament_cmake.build:Building ROS package in '/home/song/volleyball_detection/src/station_detector' with build type 'ament_cmake'
[0.227s] INFO:colcon.colcon_cmake.task.cmake.build:Building CMake package in '/home/song/volleyball_detection/src/station_detector'
[0.227s] INFO:colcon.colcon_core.shell:Skip shell extension 'powershell' for command environment: Not usable outside of PowerShell
[0.227s] DEBUG:colcon.colcon_core.shell:Skip shell extension 'dsv' for command environment
[0.229s] INFO:colcon.colcon_ros.task.ament_cmake.build:Building ROS package in '/home/song/volleyball_detection/src/station_detector_cpp' with build type 'ament_cmake'
[0.229s] INFO:colcon.colcon_cmake.task.cmake.build:Building CMake package in '/home/song/volleyball_detection/src/station_detector_cpp'
[0.229s] INFO:colcon.colcon_core.shell:Skip shell extension 'powershell' for command environment: Not usable outside of PowerShell
[0.229s] DEBUG:colcon.colcon_core.shell:Skip shell extension 'dsv' for command environment
[0.233s] DEBUG:colcon.colcon_core.event_handler.log_command:Invoking command in '/home/song/volleyball_detection/build/mindvision_camera': CMAKE_PREFIX_PATH=${CMAKE_PREFIX_PATH}:/opt/ros/humble /usr/bin/cmake --build /home/song/volleyball_detection/build/mindvision_camera -- -j20 -l20
[0.234s] DEBUG:colcon.colcon_core.event_handler.log_command:Invoking command in '/home/song/volleyball_detection/build/station_detector': CMAKE_PREFIX_PATH=${CMAKE_PREFIX_PATH}:/opt/ros/humble /usr/bin/cmake --build /home/song/volleyball_detection/build/station_detector -- -j20 -l20
[0.236s] DEBUG:colcon.colcon_core.event_handler.log_command:Invoking command in '/home/song/volleyball_detection/build/station_detector_cpp': CMAKE_PREFIX_PATH=${CMAKE_PREFIX_PATH}:/opt/ros/humble /usr/bin/cmake --build /home/song/volleyball_detection/build/station_detector_cpp -- -j20 -l20
[0.343s] DEBUG:colcon.colcon_core.event_handler.log_command:Invoked command in '/home/song/volleyball_detection/build/mindvision_camera' returned '0': CMAKE_PREFIX_PATH=${CMAKE_PREFIX_PATH}:/opt/ros/humble /usr/bin/cmake --build /home/song/volleyball_detection/build/mindvision_camera -- -j20 -l20
[0.362s] DEBUG:colcon.colcon_core.event_handler.log_command:Invoking command in '/home/song/volleyball_detection/build/mindvision_camera': CMAKE_PREFIX_PATH=${CMAKE_PREFIX_PATH}:/opt/ros/humble /usr/bin/cmake --install /home/song/volleyball_detection/build/mindvision_camera
[0.374s] DEBUG:colcon.colcon_core.event_handler.log_command:Invoked command in '/home/song/volleyball_detection/build/station_detector_cpp' returned '0': CMAKE_PREFIX_PATH=${CMAKE_PREFIX_PATH}:/opt/ros/humble /usr/bin/cmake --build /home/song/volleyball_detection/build/station_detector_cpp -- -j20 -l20
[0.375s] DEBUG:colcon.colcon_core.event_handler.log_command:Invoking command in '/home/song/volleyball_detection/build/station_detector_cpp': CMAKE_PREFIX_PATH=${CMAKE_PREFIX_PATH}:/opt/ros/humble /usr/bin/cmake --install /home/song/volleyball_detection/build/station_detector_cpp
[0.379s] DEBUG:colcon.colcon_core.event_handler.log_command:Invoked command in '/home/song/volleyball_detection/build/station_detector' returned '0': CMAKE_PREFIX_PATH=${CMAKE_PREFIX_PATH}:/opt/ros/humble /usr/bin/cmake --build /home/song/volleyball_detection/build/station_detector -- -j20 -l20
[0.380s] DEBUG:colcon.colcon_core.event_handler.log_command:Invoking command in '/home/song/volleyball_detection/build/station_detector': CMAKE_PREFIX_PATH=${CMAKE_PREFIX_PATH}:/opt/ros/humble /usr/bin/cmake --install /home/song/volleyball_detection/build/station_detector
[0.382s] Level 1:colcon.colcon_core.environment:create_environment_scripts_only(mindvision_camera)
[0.383s] DEBUG:colcon.colcon_core.event_handler.log_command:Invoked command in '/home/song/volleyball_detection/build/mindvision_camera' returned '0': CMAKE_PREFIX_PATH=${CMAKE_PREFIX_PATH}:/opt/ros/humble /usr/bin/cmake --install /home/song/volleyball_detection/build/mindvision_camera
[0.385s] Level 1:colcon.colcon_core.environment:checking '/home/song/volleyball_detection/install/mindvision_camera' for CMake module files
[0.386s] Level 1:colcon.colcon_core.environment:checking '/home/song/volleyball_detection/install/mindvision_camera' for CMake config files
[0.386s] Level 1:colcon.colcon_core.shell:create_environment_hook('mindvision_camera', 'cmake_prefix_path')
[0.386s] INFO:colcon.colcon_core.shell:Creating environment hook '/home/song/volleyball_detection/install/mindvision_camera/share/mindvision_camera/hook/cmake_prefix_path.ps1'
[0.387s] INFO:colcon.colcon_core.shell:Creating environment descriptor '/home/song/volleyball_detection/install/mindvision_camera/share/mindvision_camera/hook/cmake_prefix_path.dsv'
[0.388s] INFO:colcon.colcon_core.shell:Creating environment hook '/home/song/volleyball_detection/install/mindvision_camera/share/mindvision_camera/hook/cmake_prefix_path.sh'
[0.388s] Level 1:colcon.colcon_core.environment:checking '/home/song/volleyball_detection/install/mindvision_camera/lib'
[0.389s] Level 1:colcon.colcon_core.shell:create_environment_hook('mindvision_camera', 'ld_library_path_lib')
[0.389s] INFO:colcon.colcon_core.shell:Creating environment hook '/home/song/volleyball_detection/install/mindvision_camera/share/mindvision_camera/hook/ld_library_path_lib.ps1'
[0.389s] INFO:colcon.colcon_core.shell:Creating environment descriptor '/home/song/volleyball_detection/install/mindvision_camera/share/mindvision_camera/hook/ld_library_path_lib.dsv'
[0.389s] INFO:colcon.colcon_core.shell:Creating environment hook '/home/song/volleyball_detection/install/mindvision_camera/share/mindvision_camera/hook/ld_library_path_lib.sh'
[0.390s] Level 1:colcon.colcon_core.environment:checking '/home/song/volleyball_detection/install/mindvision_camera/bin'
[0.390s] Level 1:colcon.colcon_core.environment:checking '/home/song/volleyball_detection/install/mindvision_camera/lib/pkgconfig/mindvision_camera.pc'
[0.390s] Level 1:colcon.colcon_core.environment:checking '/home/song/volleyball_detection/install/mindvision_camera/lib/python3.10/site-packages'
[0.390s] Level 1:colcon.colcon_core.environment:checking '/home/song/volleyball_detection/install/mindvision_camera/bin'
[0.391s] INFO:colcon.colcon_core.shell:Creating package script '/home/song/volleyball_detection/install/mindvision_camera/share/mindvision_camera/package.ps1'
[0.391s] INFO:colcon.colcon_core.shell:Creating package descriptor '/home/song/volleyball_detection/install/mindvision_camera/share/mindvision_camera/package.dsv'
[0.392s] INFO:colcon.colcon_core.shell:Creating package script '/home/song/volleyball_detection/install/mindvision_camera/share/mindvision_camera/package.sh'
[0.393s] INFO:colcon.colcon_core.shell:Creating package script '/home/song/volleyball_detection/install/mindvision_camera/share/mindvision_camera/package.bash'
[0.393s] INFO:colcon.colcon_core.shell:Creating package script '/home/song/volleyball_detection/install/mindvision_camera/share/mindvision_camera/package.zsh'
[0.394s] Level 1:colcon.colcon_core.environment:create_file_with_runtime_dependencies(/home/song/volleyball_detection/install/mindvision_camera/share/colcon-core/packages/mindvision_camera)
[0.394s] Level 1:colcon.colcon_core.environment:create_environment_scripts_only(mindvision_camera)
[0.395s] Level 1:colcon.colcon_core.environment:checking '/home/song/volleyball_detection/install/mindvision_camera' for CMake module files
[0.395s] Level 1:colcon.colcon_core.environment:checking '/home/song/volleyball_detection/install/mindvision_camera' for CMake config files
[0.395s] Level 1:colcon.colcon_core.shell:create_environment_hook('mindvision_camera', 'cmake_prefix_path')
[0.396s] INFO:colcon.colcon_core.shell:Creating environment hook '/home/song/volleyball_detection/install/mindvision_camera/share/mindvision_camera/hook/cmake_prefix_path.ps1'
[0.396s] INFO:colcon.colcon_core.shell:Creating environment descriptor '/home/song/volleyball_detection/install/mindvision_camera/share/mindvision_camera/hook/cmake_prefix_path.dsv'
[0.396s] INFO:colcon.colcon_core.shell:Creating environment hook '/home/song/volleyball_detection/install/mindvision_camera/share/mindvision_camera/hook/cmake_prefix_path.sh'
[0.397s] Level 1:colcon.colcon_core.environment:checking '/home/song/volleyball_detection/install/mindvision_camera/lib'
[0.397s] Level 1:colcon.colcon_core.shell:create_environment_hook('mindvision_camera', 'ld_library_path_lib')
[0.397s] INFO:colcon.colcon_core.shell:Creating environment hook '/home/song/volleyball_detection/install/mindvision_camera/share/mindvision_camera/hook/ld_library_path_lib.ps1'
[0.397s] INFO:colcon.colcon_core.shell:Creating environment descriptor '/home/song/volleyball_detection/install/mindvision_camera/share/mindvision_camera/hook/ld_library_path_lib.dsv'
[0.398s] INFO:colcon.colcon_core.shell:Creating environment hook '/home/song/volleyball_detection/install/mindvision_camera/share/mindvision_camera/hook/ld_library_path_lib.sh'
[0.398s] Level 1:colcon.colcon_core.environment:checking '/home/song/volleyball_detection/install/mindvision_camera/bin'
[0.398s] Level 1:colcon.colcon_core.environment:checking '/home/song/volleyball_detection/install/mindvision_camera/lib/pkgconfig/mindvision_camera.pc'
[0.398s] Level 1:colcon.colcon_core.environment:checking '/home/song/volleyball_detection/install/mindvision_camera/lib/python3.10/site-packages'
[0.398s] Level 1:colcon.colcon_core.environment:checking '/home/song/volleyball_detection/install/mindvision_camera/bin'
[0.398s] INFO:colcon.colcon_core.shell:Creating package script '/home/song/volleyball_detection/install/mindvision_camera/share/mindvision_camera/package.ps1'
[0.398s] INFO:colcon.colcon_core.shell:Creating package descriptor '/home/song/volleyball_detection/install/mindvision_camera/share/mindvision_camera/package.dsv'
[0.399s] INFO:colcon.colcon_core.shell:Creating package script '/home/song/volleyball_detection/install/mindvision_camera/share/mindvision_camera/package.sh'
[0.399s] INFO:colcon.colcon_core.shell:Creating package script '/home/song/volleyball_detection/install/mindvision_camera/share/mindvision_camera/package.bash'
[0.399s] INFO:colcon.colcon_core.shell:Creating package script '/home/song/volleyball_detection/install/mindvision_camera/share/mindvision_camera/package.zsh'
[0.399s] Level 1:colcon.colcon_core.environment:create_file_with_runtime_dependencies(/home/song/volleyball_detection/install/mindvision_camera/share/colcon-core/packages/mindvision_camera)
[0.400s] Level 1:colcon.colcon_core.environment:create_environment_scripts_only(station_detector_cpp)
[0.400s] Level 1:colcon.colcon_core.environment:checking '/home/song/volleyball_detection/install/station_detector_cpp' for CMake module files
[0.400s] Level 1:colcon.colcon_core.environment:checking '/home/song/volleyball_detection/install/station_detector_cpp' for CMake config files
[0.401s] Level 1:colcon.colcon_core.shell:create_environment_hook('station_detector_cpp', 'cmake_prefix_path')
[0.401s] INFO:colcon.colcon_core.shell:Creating environment hook '/home/song/volleyball_detection/install/station_detector_cpp/share/station_detector_cpp/hook/cmake_prefix_path.ps1'
[0.402s] INFO:colcon.colcon_core.shell:Creating environment descriptor '/home/song/volleyball_detection/install/station_detector_cpp/share/station_detector_cpp/hook/cmake_prefix_path.dsv'
[0.402s] INFO:colcon.colcon_core.shell:Creating environment hook '/home/song/volleyball_detection/install/station_detector_cpp/share/station_detector_cpp/hook/cmake_prefix_path.sh'
[0.402s] Level 1:colcon.colcon_core.environment:checking '/home/song/volleyball_detection/install/station_detector_cpp/lib'
[0.402s] Level 1:colcon.colcon_core.environment:checking '/home/song/volleyball_detection/install/station_detector_cpp/bin'
[0.402s] Level 1:colcon.colcon_core.environment:checking '/home/song/volleyball_detection/install/station_detector_cpp/lib/pkgconfig/station_detector_cpp.pc'
[0.403s] Level 1:colcon.colcon_core.environment:checking '/home/song/volleyball_detection/install/station_detector_cpp/lib/python3.10/site-packages'
[0.403s] Level 1:colcon.colcon_core.environment:checking '/home/song/volleyball_detection/install/station_detector_cpp/bin'
[0.403s] INFO:colcon.colcon_core.shell:Creating package script '/home/song/volleyball_detection/install/station_detector_cpp/share/station_detector_cpp/package.ps1'
[0.403s] INFO:colcon.colcon_core.shell:Creating package descriptor '/home/song/volleyball_detection/install/station_detector_cpp/share/station_detector_cpp/package.dsv'
[0.404s] INFO:colcon.colcon_core.shell:Creating package script '/home/song/volleyball_detection/install/station_detector_cpp/share/station_detector_cpp/package.sh'
[0.404s] INFO:colcon.colcon_core.shell:Creating package script '/home/song/volleyball_detection/install/station_detector_cpp/share/station_detector_cpp/package.bash'
[0.404s] INFO:colcon.colcon_core.shell:Creating package script '/home/song/volleyball_detection/install/station_detector_cpp/share/station_detector_cpp/package.zsh'
[0.404s] Level 1:colcon.colcon_core.environment:create_file_with_runtime_dependencies(/home/song/volleyball_detection/install/station_detector_cpp/share/colcon-core/packages/station_detector_cpp)
[0.405s] Level 1:colcon.colcon_core.environment:create_environment_scripts_only(station_detector_cpp)
[0.405s] DEBUG:colcon.colcon_core.event_handler.log_command:Invoked command in '/home/song/volleyball_detection/build/station_detector_cpp' returned '0': CMAKE_PREFIX_PATH=${CMAKE_PREFIX_PATH}:/opt/ros/humble /usr/bin/cmake --install /home/song/volleyball_detection/build/station_detector_cpp
[0.405s] Level 1:colcon.colcon_core.environment:checking '/home/song/volleyball_detection/install/station_detector_cpp' for CMake module files
[0.405s] Level 1:colcon.colcon_core.environment:checking '/home/song/volleyball_detection/install/station_detector_cpp' for CMake config files
[0.405s] Level 1:colcon.colcon_core.shell:create_environment_hook('station_detector_cpp', 'cmake_prefix_path')
[0.406s] INFO:colcon.colcon_core.shell:Creating environment hook '/home/song/volleyball_detection/install/station_detector_cpp/share/station_detector_cpp/hook/cmake_prefix_path.ps1'
[0.406s] INFO:colcon.colcon_core.shell:Creating environment descriptor '/home/song/volleyball_detection/install/station_detector_cpp/share/station_detector_cpp/hook/cmake_prefix_path.dsv'
[0.406s] INFO:colcon.colcon_core.shell:Creating environment hook '/home/song/volleyball_detection/install/station_detector_cpp/share/station_detector_cpp/hook/cmake_prefix_path.sh'
[0.406s] Level 1:colcon.colcon_core.environment:checking '/home/song/volleyball_detection/install/station_detector_cpp/lib'
[0.406s] Level 1:colcon.colcon_core.environment:checking '/home/song/volleyball_detection/install/station_detector_cpp/bin'
[0.406s] Level 1:colcon.colcon_core.environment:checking '/home/song/volleyball_detection/install/station_detector_cpp/lib/pkgconfig/station_detector_cpp.pc'
[0.406s] Level 1:colcon.colcon_core.environment:checking '/home/song/volleyball_detection/install/station_detector_cpp/lib/python3.10/site-packages'
[0.407s] Level 1:colcon.colcon_core.environment:checking '/home/song/volleyball_detection/install/station_detector_cpp/bin'
[0.407s] INFO:colcon.colcon_core.shell:Creating package script '/home/song/volleyball_detection/install/station_detector_cpp/share/station_detector_cpp/package.ps1'
[0.407s] INFO:colcon.colcon_core.shell:Creating package descriptor '/home/song/volleyball_detection/install/station_detector_cpp/share/station_detector_cpp/package.dsv'
[0.407s] INFO:colcon.colcon_core.shell:Creating package script '/home/song/volleyball_detection/install/station_detector_cpp/share/station_detector_cpp/package.sh'
[0.407s] INFO:colcon.colcon_core.shell:Creating package script '/home/song/volleyball_detection/install/station_detector_cpp/share/station_detector_cpp/package.bash'
[0.407s] INFO:colcon.colcon_core.shell:Creating package script '/home/song/volleyball_detection/install/station_detector_cpp/share/station_detector_cpp/package.zsh'
[0.408s] Level 1:colcon.colcon_core.environment:create_file_with_runtime_dependencies(/home/song/volleyball_detection/install/station_detector_cpp/share/colcon-core/packages/station_detector_cpp)
[0.629s] Level 1:colcon.colcon_core.environment:create_environment_scripts_only(station_detector)
[0.629s] Level 1:colcon.colcon_core.environment:checking '/home/song/volleyball_detection/install/station_detector' for CMake module files
[0.629s] DEBUG:colcon.colcon_core.event_handler.log_command:Invoked command in '/home/song/volleyball_detection/build/station_detector' returned '0': CMAKE_PREFIX_PATH=${CMAKE_PREFIX_PATH}:/opt/ros/humble /usr/bin/cmake --install /home/song/volleyball_detection/build/station_detector
[0.630s] Level 1:colcon.colcon_core.environment:checking '/home/song/volleyball_detection/install/station_detector' for CMake config files
[0.630s] Level 1:colcon.colcon_core.shell:create_environment_hook('station_detector', 'cmake_prefix_path')
[0.630s] INFO:colcon.colcon_core.shell:Creating environment hook '/home/song/volleyball_detection/install/station_detector/share/station_detector/hook/cmake_prefix_path.ps1'
[0.630s] INFO:colcon.colcon_core.shell:Creating environment descriptor '/home/song/volleyball_detection/install/station_detector/share/station_detector/hook/cmake_prefix_path.dsv'
[0.630s] INFO:colcon.colcon_core.shell:Creating environment hook '/home/song/volleyball_detection/install/station_detector/share/station_detector/hook/cmake_prefix_path.sh'
[0.631s] Level 1:colcon.colcon_core.environment:checking '/home/song/volleyball_detection/install/station_detector/lib'
[0.631s] Level 1:colcon.colcon_core.environment:checking '/home/song/volleyball_detection/install/station_detector/bin'
[0.631s] Level 1:colcon.colcon_core.environment:checking '/home/song/volleyball_detection/install/station_detector/lib/pkgconfig/station_detector.pc'
[0.631s] Level 1:colcon.colcon_core.environment:checking '/home/song/volleyball_detection/install/station_detector/lib/python3.10/site-packages'
[0.631s] Level 1:colcon.colcon_core.environment:checking '/home/song/volleyball_detection/install/station_detector/bin'
[0.631s] INFO:colcon.colcon_core.shell:Creating package script '/home/song/volleyball_detection/install/station_detector/share/station_detector/package.ps1'
[0.631s] INFO:colcon.colcon_core.shell:Creating package descriptor '/home/song/volleyball_detection/install/station_detector/share/station_detector/package.dsv'
[0.632s] INFO:colcon.colcon_core.shell:Creating package script '/home/song/volleyball_detection/install/station_detector/share/station_detector/package.sh'
[0.632s] INFO:colcon.colcon_core.shell:Creating package script '/home/song/volleyball_detection/install/station_detector/share/station_detector/package.bash'
[0.632s] INFO:colcon.colcon_core.shell:Creating package script '/home/song/volleyball_detection/install/station_detector/share/station_detector/package.zsh'
[0.632s] Level 1:colcon.colcon_core.environment:create_file_with_runtime_dependencies(/home/song/volleyball_detection/install/station_detector/share/colcon-core/packages/station_detector)
[0.632s] Level 1:colcon.colcon_core.environment:create_environment_scripts_only(station_detector)
[0.633s] Level 1:colcon.colcon_core.environment:checking '/home/song/volleyball_detection/install/station_detector' for CMake module files
[0.633s] Level 1:colcon.colcon_core.environment:checking '/home/song/volleyball_detection/install/station_detector' for CMake config files
[0.633s] Level 1:colcon.colcon_core.shell:create_environment_hook('station_detector', 'cmake_prefix_path')
[0.633s] INFO:colcon.colcon_core.shell:Creating environment hook '/home/song/volleyball_detection/install/station_detector/share/station_detector/hook/cmake_prefix_path.ps1'
[0.633s] INFO:colcon.colcon_core.shell:Creating environment descriptor '/home/song/volleyball_detection/install/station_detector/share/station_detector/hook/cmake_prefix_path.dsv'
[0.633s] INFO:colcon.colcon_core.shell:Creating environment hook '/home/song/volleyball_detection/install/station_detector/share/station_detector/hook/cmake_prefix_path.sh'
[0.634s] Level 1:colcon.colcon_core.environment:checking '/home/song/volleyball_detection/install/station_detector/lib'
[0.634s] Level 1:colcon.colcon_core.environment:checking '/home/song/volleyball_detection/install/station_detector/bin'
[0.634s] Level 1:colcon.colcon_core.environment:checking '/home/song/volleyball_detection/install/station_detector/lib/pkgconfig/station_detector.pc'
[0.634s] Level 1:colcon.colcon_core.environment:checking '/home/song/volleyball_detection/install/station_detector/lib/python3.10/site-packages'
[0.634s] Level 1:colcon.colcon_core.environment:checking '/home/song/volleyball_detection/install/station_detector/bin'
[0.634s] INFO:colcon.colcon_core.shell:Creating package script '/home/song/volleyball_detection/install/station_detector/share/station_detector/package.ps1'
[0.634s] INFO:colcon.colcon_core.shell:Creating package descriptor '/home/song/volleyball_detection/install/station_detector/share/station_detector/package.dsv'
[0.635s] INFO:colcon.colcon_core.shell:Creating package script '/home/song/volleyball_detection/install/station_detector/share/station_detector/package.sh'
[0.635s] INFO:colcon.colcon_core.shell:Creating package script '/home/song/volleyball_detection/install/station_detector/share/station_detector/package.bash'
[0.635s] INFO:colcon.colcon_core.shell:Creating package script '/home/song/volleyball_detection/install/station_detector/share/station_detector/package.zsh'
[0.635s] Level 1:colcon.colcon_core.environment:create_file_with_runtime_dependencies(/home/song/volleyball_detection/install/station_detector/share/colcon-core/packages/station_detector)
[0.635s] DEBUG:colcon.colcon_parallel_executor.executor.parallel:closing loop
[0.635s] DEBUG:colcon.colcon_parallel_executor.executor.parallel:loop closed
[0.635s] DEBUG:colcon.colcon_parallel_executor.executor.parallel:run_until_complete finished with '0'
[0.635s] DEBUG:colcon.colcon_core.event_reactor:joining thread
[0.639s] INFO:colcon.colcon_core.plugin_system:Skipping extension 'colcon_notification.desktop_notification.terminal_notifier': Not used on non-Darwin systems
[0.639s] INFO:colcon.colcon_core.plugin_system:Skipping extension 'colcon_notification.desktop_notification.win32': Not used on non-Windows systems
[0.639s] INFO:colcon.colcon_notification.desktop_notification:Sending desktop notification using 'notify2'
[0.645s] DEBUG:colcon.colcon_core.event_reactor:joined thread
[0.645s] INFO:colcon.colcon_core.shell:Creating prefix script '/home/song/volleyball_detection/install/local_setup.ps1'
[0.646s] INFO:colcon.colcon_core.shell:Creating prefix util module '/home/song/volleyball_detection/install/_local_setup_util_ps1.py'
[0.646s] INFO:colcon.colcon_core.shell:Creating prefix chain script '/home/song/volleyball_detection/install/setup.ps1'
[0.647s] INFO:colcon.colcon_core.shell:Creating prefix script '/home/song/volleyball_detection/install/local_setup.sh'
[0.647s] INFO:colcon.colcon_core.shell:Creating prefix util module '/home/song/volleyball_detection/install/_local_setup_util_sh.py'
[0.647s] INFO:colcon.colcon_core.shell:Creating prefix chain script '/home/song/volleyball_detection/install/setup.sh'
[0.648s] INFO:colcon.colcon_core.shell:Creating prefix script '/home/song/volleyball_detection/install/local_setup.bash'
[0.648s] INFO:colcon.colcon_core.shell:Creating prefix chain script '/home/song/volleyball_detection/install/setup.bash'
[0.649s] INFO:colcon.colcon_core.shell:Creating prefix script '/home/song/volleyball_detection/install/local_setup.zsh'
[0.649s] INFO:colcon.colcon_core.shell:Creating prefix chain script '/home/song/volleyball_detection/install/setup.zsh'
