[0.000000] (-) TimerEvent: {}
[0.000262] (-) JobUnselected: {'identifier': 'mindvision_camera'}
[0.000384] (-) JobUnselected: {'identifier': 'station_detector'}
[0.000433] (station_detector_cpp) JobQueued: {'identifier': 'station_detector_cpp', 'dependencies': OrderedDict()}
[0.000479] (station_detector_cpp) JobStarted: {'identifier': 'station_detector_cpp'}
[0.005955] (station_detector_cpp) JobProgress: {'identifier': 'station_detector_cpp', 'progress': 'cmake'}
[0.006379] (station_detector_cpp) JobProgress: {'identifier': 'station_detector_cpp', 'progress': 'build'}
[0.007229] (station_detector_cpp) Command: {'cmd': ['/usr/bin/cmake', '--build', '/home/song/volleyball_detection/build/station_detector_cpp', '--', '-j20', '-l20'], 'cwd': '/home/song/volleyball_detection/build/station_detector_cpp', 'env': OrderedDict([('GJS_DEBUG_TOPICS', 'JS ERROR;JS LOG'), ('LESSOPEN', '| /usr/bin/lesspipe %s'), ('VSCODE_CWD', '/home/song'), ('CURSOR_EXTENSION_HOST_ROLE', 'agent-exec'), ('VSCODE_ESM_ENTRYPOINT', 'vs/workbench/api/node/extensionHostProcess'), ('LANGUAGE', 'en_US:en'), ('USER', 'song'), ('LC_TIME', 'zh_CN.UTF-8'), ('VSCODE_NLS_CONFIG', '{"userLocale":"en-us","osLocale":"en-us","resolvedLanguage":"en","defaultMessagesFile":"/usr/share/cursor/resources/app/out/nls.messages.json","locale":"en-us","availableLanguages":{}}'), ('CI', '1'), ('VSCODE_HANDLES_UNCAUGHT_ERRORS', 'true'), ('XDG_SESSION_TYPE', 'wayland'), ('SHLVL', '1'), ('LD_LIBRARY_PATH', '/usr/local/lib:/usr/local/lib:/usr/local/lib:/home/song/cv_bridge_ws/install/cv_bridge/lib:/usr/lib/x86_64-linux-gnu/gazebo-11/plugins:/opt/ros/humble/opt/rviz_ogre_vendor/lib:/opt/ros/humble/lib/x86_64-linux-gnu:/opt/ros/humble/lib:/usr/local/lib:/usr/local/lib:'), ('HOME', '/home/song'), ('CHROME_DESKTOP', 'cursor.desktop'), ('OLDPWD', '/home/song/volleyball_detection'), ('DESKTOP_SESSION', 'ubuntu'), ('VSCODE_IPC_HOOK', '/run/user/1000/vscode-8dcdf1b3-2.6.-main.sock'), ('GIO_LAUNCHED_DESKTOP_FILE', '/usr/share/applications/cursor.desktop'), ('GAZEBO_MASTER_URI', 'http://localhost:11345'), ('ROS_PYTHON_VERSION', '3'), ('GNOME_SHELL_SESSION_MODE', 'ubuntu'), ('GTK_MODULES', 'gail:atk-bridge'), ('LC_MONETARY', 'zh_CN.UTF-8'), ('CURSOR_WORKSPACE_LABEL', 'volleyball_detection'), ('MANAGERPID', '1734'), ('SYSTEMD_EXEC_PID', '1903'), ('IM_CONFIG_CHECK_ENV', '1'), ('NO_COLOR', '1'), ('DBUS_SESSION_BUS_ADDRESS', 'unix:path=/run/user/1000/bus'), ('GIO_LAUNCHED_DESKTOP_FILE_PID', '3261'), ('VSCODE_CRASH_REPORTER_PROCESS_TYPE', 'extensionHost'), ('IM_CONFIG_PHASE', '1'), ('WAYLAND_DISPLAY', 'wayland-0'), ('COLCON_PREFIX_PATH', '/home/song/cv_bridge_ws/install'), ('ROS_DISTRO', 'humble'), ('LOGNAME', 'song'), ('FORCE_COLOR', '0'), ('JOURNAL_STREAM', '8:12809'), ('_', '/usr/bin/colcon'), ('ROS_VERSION', '2'), ('PKG_CONFIG_PATH', '/usr/local/lib/pkgconfig:/usr/local/lib/pkgconfig:/usr/local/lib/pkgconfig:'), ('XDG_SESSION_CLASS', 'user'), ('USERNAME', 'song'), ('TERM', 'dumb'), ('GAZEBO_MODEL_PATH', '/usr/share/gazebo-11/models:/home/song/.gazebo/models'), ('GNOME_DESKTOP_SESSION_ID', 'this-is-deprecated'), ('FC_FONTATIONS', '1'), ('ROS_LOCALHOST_ONLY', '0'), ('PATH', '/home/song/.local/bin:/home/song/.local/bin:/opt/ros/humble/bin:/home/song/.local/bin:/usr/local/sbin:/usr/local/bin:/usr/sbin:/usr/bin:/sbin:/bin:/usr/games:/usr/local/games:/snap/bin:/snap/bin'), ('SESSION_MANAGER', 'local/JSong:@/tmp/.ICE-unix/1878,unix/JSong:/tmp/.ICE-unix/1878'), ('INVOCATION_ID', 'ae99d94a2a2b4ab2879df1168288cf9e'), ('PAPERSIZE', 'a4'), ('XDG_MENU_PREFIX', 'gnome-'), ('LC_ADDRESS', 'zh_CN.UTF-8'), ('VSCODE_PROCESS_TITLE', 'extension-host (agent-exec) volleyball_detection [1-3]'), ('GNOME_SETUP_DISPLAY', ':1'), ('XDG_RUNTIME_DIR', '/run/user/1000'), ('GDK_BACKEND', 'wayland'), ('CURSOR_AGENT', '1'), ('DISPLAY', ':0'), ('LANG', 'en_US.UTF-8'), ('XDG_CURRENT_DESKTOP', 'ubuntu:GNOME'), ('LC_TELEPHONE', 'zh_CN.UTF-8'), ('XMODIFIERS', '@im=ibus'), ('XDG_SESSION_DESKTOP', 'ubuntu'), ('XAUTHORITY', '/run/user/1000/.mutter-Xwaylandauth.XWK8L3'), ('LS_COLORS', ''), ('CURSOR_TRACE_ID', '3d88cd416b244f418a64a93a083dd528'), ('SSH_AGENT_LAUNCHER', 'gnome-keyring'), ('SSH_AUTH_SOCK', '/run/user/1000/keyring/ssh'), ('AMENT_PREFIX_PATH', '/home/song/cv_bridge_ws/install/cv_bridge:/opt/ros/humble'), ('SHELL', '/bin/bash'), ('LC_NAME', 'zh_CN.UTF-8'), ('QT_ACCESSIBILITY', '1'), ('GDMSESSION', 'ubuntu'), ('LESSCLOSE', '/usr/bin/lesspipe %s %s'), ('LC_MEASUREMENT', 'zh_CN.UTF-8'), ('GAZEBO_RESOURCE_PATH', '/usr/share/gazebo-11:/usr/share/gazebo-11:'), ('GJS_DEBUG_OUTPUT', 'stderr'), ('OpenCV_DIR', '/usr/local'), ('LC_IDENTIFICATION', 'zh_CN.UTF-8'), ('QT_IM_MODULE', 'ibus'), ('PWD', '/home/song/volleyball_detection/build/station_detector_cpp'), ('LC_ALL', 'en_US.UTF-8'), ('XDG_CONFIG_DIRS', '/etc/xdg/xdg-ubuntu:/etc/xdg'), ('VSCODE_CODE_CACHE_PATH', '/home/song/.config/Cursor/CachedData/b29eb4ee5f9f6d1cb2afbc09070198d3ea6ad760'), ('XDG_DATA_DIRS', '/usr/share/ubuntu:/usr/local/share/:/usr/share/:/var/lib/snapd/desktop'), ('PYTHONPATH', '/home/song/cv_bridge_ws/install/cv_bridge/local/lib/python3.10/dist-packages:/opt/ros/humble/lib/python3.10/site-packages:/opt/ros/humble/local/lib/python3.10/dist-packages'), ('LC_NUMERIC', 'zh_CN.UTF-8'), ('LC_PAPER', 'zh_CN.UTF-8'), ('COLCON', '1'), ('_ZO_DOCTOR', '0'), ('CMAKE_PREFIX_PATH', '/home/song/cv_bridge_ws/install/cv_bridge:/opt/ros/humble'), ('VSCODE_PID', '3261')]), 'shell': False}
[0.078189] (station_detector_cpp) StdoutLine: {'line': b'Consolidate compiler generated dependencies of target ball_detector_node\n'}
[0.099967] (-) TimerEvent: {}
[0.106550] (station_detector_cpp) StdoutLine: {'line': b'[ 28%] Building CXX object CMakeFiles/ball_detector_node.dir/src/ball_tracker.cpp.o\n'}
[0.106759] (station_detector_cpp) StdoutLine: {'line': b'[ 28%] Building CXX object CMakeFiles/ball_detector_node.dir/src/ball_detector_node.cpp.o\n'}
[0.200138] (-) TimerEvent: {}
[0.300444] (-) TimerEvent: {}
[0.400640] (-) TimerEvent: {}
[0.500823] (-) TimerEvent: {}
[0.601057] (-) TimerEvent: {}
[0.701279] (-) TimerEvent: {}
[0.801463] (-) TimerEvent: {}
[0.901642] (-) TimerEvent: {}
[1.001821] (-) TimerEvent: {}
[1.101986] (-) TimerEvent: {}
[1.202161] (-) TimerEvent: {}
[1.302545] (-) TimerEvent: {}
[1.402742] (-) TimerEvent: {}
[1.502919] (-) TimerEvent: {}
[1.603095] (-) TimerEvent: {}
[1.703261] (-) TimerEvent: {}
[1.803463] (-) TimerEvent: {}
[1.903629] (-) TimerEvent: {}
[2.003795] (-) TimerEvent: {}
[2.103970] (-) TimerEvent: {}
[2.204192] (-) TimerEvent: {}
[2.304424] (-) TimerEvent: {}
[2.404588] (-) TimerEvent: {}
[2.504757] (-) TimerEvent: {}
[2.604908] (-) TimerEvent: {}
[2.705138] (-) TimerEvent: {}
[2.805331] (-) TimerEvent: {}
[2.905512] (-) TimerEvent: {}
[3.005721] (-) TimerEvent: {}
[3.105948] (-) TimerEvent: {}
[3.206115] (-) TimerEvent: {}
[3.306292] (-) TimerEvent: {}
[3.406495] (-) TimerEvent: {}
[3.506679] (-) TimerEvent: {}
[3.606883] (-) TimerEvent: {}
[3.707101] (-) TimerEvent: {}
[3.807307] (-) TimerEvent: {}
[3.907531] (-) TimerEvent: {}
[4.007709] (-) TimerEvent: {}
[4.107897] (-) TimerEvent: {}
[4.208115] (-) TimerEvent: {}
[4.308325] (-) TimerEvent: {}
[4.408486] (-) TimerEvent: {}
[4.508657] (-) TimerEvent: {}
[4.608920] (-) TimerEvent: {}
[4.709129] (-) TimerEvent: {}
[4.809318] (-) TimerEvent: {}
[4.909500] (-) TimerEvent: {}
[5.009731] (-) TimerEvent: {}
[5.109937] (-) TimerEvent: {}
[5.210124] (-) TimerEvent: {}
[5.310302] (-) TimerEvent: {}
[5.410491] (-) TimerEvent: {}
[5.510664] (-) TimerEvent: {}
[5.610846] (-) TimerEvent: {}
[5.711019] (-) TimerEvent: {}
[5.811216] (-) TimerEvent: {}
[5.911411] (-) TimerEvent: {}
[6.011569] (-) TimerEvent: {}
[6.111733] (-) TimerEvent: {}
[6.211897] (-) TimerEvent: {}
[6.312057] (-) TimerEvent: {}
[6.412223] (-) TimerEvent: {}
[6.512385] (-) TimerEvent: {}
[6.612540] (-) TimerEvent: {}
[6.712697] (-) TimerEvent: {}
[6.812857] (-) TimerEvent: {}
[6.913015] (-) TimerEvent: {}
[7.013170] (-) TimerEvent: {}
[7.113340] (-) TimerEvent: {}
[7.213500] (-) TimerEvent: {}
[7.313661] (-) TimerEvent: {}
[7.413820] (-) TimerEvent: {}
[7.513976] (-) TimerEvent: {}
[7.614135] (-) TimerEvent: {}
[7.714322] (-) TimerEvent: {}
[7.814548] (-) TimerEvent: {}
[7.914783] (-) TimerEvent: {}
[8.015046] (-) TimerEvent: {}
[8.115239] (-) TimerEvent: {}
[8.215488] (-) TimerEvent: {}
[8.313963] (station_detector_cpp) StdoutLine: {'line': b'[ 42%] Linking CXX executable ball_detector_node\n'}
[8.315581] (-) TimerEvent: {}
[8.415806] (-) TimerEvent: {}
[8.516040] (-) TimerEvent: {}
[8.616322] (-) TimerEvent: {}
[8.716485] (-) TimerEvent: {}
[8.816719] (-) TimerEvent: {}
[8.916894] (-) TimerEvent: {}
[8.944181] (station_detector_cpp) StdoutLine: {'line': b'[100%] Built target ball_detector_node\n'}
[8.952100] (station_detector_cpp) CommandEnded: {'returncode': 0}
[8.952737] (station_detector_cpp) JobProgress: {'identifier': 'station_detector_cpp', 'progress': 'install'}
[8.964388] (station_detector_cpp) Command: {'cmd': ['/usr/bin/cmake', '--install', '/home/song/volleyball_detection/build/station_detector_cpp'], 'cwd': '/home/song/volleyball_detection/build/station_detector_cpp', 'env': OrderedDict([('GJS_DEBUG_TOPICS', 'JS ERROR;JS LOG'), ('LESSOPEN', '| /usr/bin/lesspipe %s'), ('VSCODE_CWD', '/home/song'), ('CURSOR_EXTENSION_HOST_ROLE', 'agent-exec'), ('VSCODE_ESM_ENTRYPOINT', 'vs/workbench/api/node/extensionHostProcess'), ('LANGUAGE', 'en_US:en'), ('USER', 'song'), ('LC_TIME', 'zh_CN.UTF-8'), ('VSCODE_NLS_CONFIG', '{"userLocale":"en-us","osLocale":"en-us","resolvedLanguage":"en","defaultMessagesFile":"/usr/share/cursor/resources/app/out/nls.messages.json","locale":"en-us","availableLanguages":{}}'), ('CI', '1'), ('VSCODE_HANDLES_UNCAUGHT_ERRORS', 'true'), ('XDG_SESSION_TYPE', 'wayland'), ('SHLVL', '1'), ('LD_LIBRARY_PATH', '/usr/local/lib:/usr/local/lib:/usr/local/lib:/home/song/cv_bridge_ws/install/cv_bridge/lib:/usr/lib/x86_64-linux-gnu/gazebo-11/plugins:/opt/ros/humble/opt/rviz_ogre_vendor/lib:/opt/ros/humble/lib/x86_64-linux-gnu:/opt/ros/humble/lib:/usr/local/lib:/usr/local/lib:'), ('HOME', '/home/song'), ('CHROME_DESKTOP', 'cursor.desktop'), ('OLDPWD', '/home/song/volleyball_detection'), ('DESKTOP_SESSION', 'ubuntu'), ('VSCODE_IPC_HOOK', '/run/user/1000/vscode-8dcdf1b3-2.6.-main.sock'), ('GIO_LAUNCHED_DESKTOP_FILE', '/usr/share/applications/cursor.desktop'), ('GAZEBO_MASTER_URI', 'http://localhost:11345'), ('ROS_PYTHON_VERSION', '3'), ('GNOME_SHELL_SESSION_MODE', 'ubuntu'), ('GTK_MODULES', 'gail:atk-bridge'), ('LC_MONETARY', 'zh_CN.UTF-8'), ('CURSOR_WORKSPACE_LABEL', 'volleyball_detection'), ('MANAGERPID', '1734'), ('SYSTEMD_EXEC_PID', '1903'), ('IM_CONFIG_CHECK_ENV', '1'), ('NO_COLOR', '1'), ('DBUS_SESSION_BUS_ADDRESS', 'unix:path=/run/user/1000/bus'), ('GIO_LAUNCHED_DESKTOP_FILE_PID', '3261'), ('VSCODE_CRASH_REPORTER_PROCESS_TYPE', 'extensionHost'), ('IM_CONFIG_PHASE', '1'), ('WAYLAND_DISPLAY', 'wayland-0'), ('COLCON_PREFIX_PATH', '/home/song/cv_bridge_ws/install'), ('ROS_DISTRO', 'humble'), ('LOGNAME', 'song'), ('FORCE_COLOR', '0'), ('JOURNAL_STREAM', '8:12809'), ('_', '/usr/bin/colcon'), ('ROS_VERSION', '2'), ('PKG_CONFIG_PATH', '/usr/local/lib/pkgconfig:/usr/local/lib/pkgconfig:/usr/local/lib/pkgconfig:'), ('XDG_SESSION_CLASS', 'user'), ('USERNAME', 'song'), ('TERM', 'dumb'), ('GAZEBO_MODEL_PATH', '/usr/share/gazebo-11/models:/home/song/.gazebo/models'), ('GNOME_DESKTOP_SESSION_ID', 'this-is-deprecated'), ('FC_FONTATIONS', '1'), ('ROS_LOCALHOST_ONLY', '0'), ('PATH', '/home/song/.local/bin:/home/song/.local/bin:/opt/ros/humble/bin:/home/song/.local/bin:/usr/local/sbin:/usr/local/bin:/usr/sbin:/usr/bin:/sbin:/bin:/usr/games:/usr/local/games:/snap/bin:/snap/bin'), ('SESSION_MANAGER', 'local/JSong:@/tmp/.ICE-unix/1878,unix/JSong:/tmp/.ICE-unix/1878'), ('INVOCATION_ID', 'ae99d94a2a2b4ab2879df1168288cf9e'), ('PAPERSIZE', 'a4'), ('XDG_MENU_PREFIX', 'gnome-'), ('LC_ADDRESS', 'zh_CN.UTF-8'), ('VSCODE_PROCESS_TITLE', 'extension-host (agent-exec) volleyball_detection [1-3]'), ('GNOME_SETUP_DISPLAY', ':1'), ('XDG_RUNTIME_DIR', '/run/user/1000'), ('GDK_BACKEND', 'wayland'), ('CURSOR_AGENT', '1'), ('DISPLAY', ':0'), ('LANG', 'en_US.UTF-8'), ('XDG_CURRENT_DESKTOP', 'ubuntu:GNOME'), ('LC_TELEPHONE', 'zh_CN.UTF-8'), ('XMODIFIERS', '@im=ibus'), ('XDG_SESSION_DESKTOP', 'ubuntu'), ('XAUTHORITY', '/run/user/1000/.mutter-Xwaylandauth.XWK8L3'), ('LS_COLORS', ''), ('CURSOR_TRACE_ID', '3d88cd416b244f418a64a93a083dd528'), ('SSH_AGENT_LAUNCHER', 'gnome-keyring'), ('SSH_AUTH_SOCK', '/run/user/1000/keyring/ssh'), ('AMENT_PREFIX_PATH', '/home/song/cv_bridge_ws/install/cv_bridge:/opt/ros/humble'), ('SHELL', '/bin/bash'), ('LC_NAME', 'zh_CN.UTF-8'), ('QT_ACCESSIBILITY', '1'), ('GDMSESSION', 'ubuntu'), ('LESSCLOSE', '/usr/bin/lesspipe %s %s'), ('LC_MEASUREMENT', 'zh_CN.UTF-8'), ('GAZEBO_RESOURCE_PATH', '/usr/share/gazebo-11:/usr/share/gazebo-11:'), ('GJS_DEBUG_OUTPUT', 'stderr'), ('OpenCV_DIR', '/usr/local'), ('LC_IDENTIFICATION', 'zh_CN.UTF-8'), ('QT_IM_MODULE', 'ibus'), ('PWD', '/home/song/volleyball_detection/build/station_detector_cpp'), ('LC_ALL', 'en_US.UTF-8'), ('XDG_CONFIG_DIRS', '/etc/xdg/xdg-ubuntu:/etc/xdg'), ('VSCODE_CODE_CACHE_PATH', '/home/song/.config/Cursor/CachedData/b29eb4ee5f9f6d1cb2afbc09070198d3ea6ad760'), ('XDG_DATA_DIRS', '/usr/share/ubuntu:/usr/local/share/:/usr/share/:/var/lib/snapd/desktop'), ('PYTHONPATH', '/home/song/cv_bridge_ws/install/cv_bridge/local/lib/python3.10/dist-packages:/opt/ros/humble/lib/python3.10/site-packages:/opt/ros/humble/local/lib/python3.10/dist-packages'), ('LC_NUMERIC', 'zh_CN.UTF-8'), ('LC_PAPER', 'zh_CN.UTF-8'), ('COLCON', '1'), ('_ZO_DOCTOR', '0'), ('CMAKE_PREFIX_PATH', '/home/song/cv_bridge_ws/install/cv_bridge:/opt/ros/humble'), ('VSCODE_PID', '3261')]), 'shell': False}
[8.973335] (station_detector_cpp) StdoutLine: {'line': b'-- Install configuration: ""\n'}
[8.974047] (station_detector_cpp) StdoutLine: {'line': b'-- Execute custom install script\n'}
[8.974447] (station_detector_cpp) StdoutLine: {'line': b'-- Up-to-date symlink: /home/song/volleyball_detection/install/station_detector_cpp/lib/station_detector_cpp/ball_detector_node\n'}
[8.974787] (station_detector_cpp) StdoutLine: {'line': b'-- Up-to-date symlink: /home/song/volleyball_detection/install/station_detector_cpp/include/ball_position_estimator.hpp\n'}
[8.975030] (station_detector_cpp) StdoutLine: {'line': b'-- Up-to-date symlink: /home/song/volleyball_detection/install/station_detector_cpp/include/ball_tracker.hpp\n'}
[8.975182] (station_detector_cpp) StdoutLine: {'line': b'-- Up-to-date symlink: /home/song/volleyball_detection/install/station_detector_cpp/include/detection_filter.hpp\n'}
[8.975364] (station_detector_cpp) StdoutLine: {'line': b'-- Up-to-date symlink: /home/song/volleyball_detection/install/station_detector_cpp/include/trajectory_predictor.hpp\n'}
[8.975514] (station_detector_cpp) StdoutLine: {'line': b'-- Up-to-date symlink: /home/song/volleyball_detection/install/station_detector_cpp/include/yolo_inference.hpp\n'}
[8.975612] (station_detector_cpp) StdoutLine: {'line': b'-- Up-to-date symlink: /home/song/volleyball_detection/install/station_detector_cpp/share/station_detector_cpp/ball_detector_params.yaml\n'}
[8.975774] (station_detector_cpp) StdoutLine: {'line': b'-- Up-to-date symlink: /home/song/volleyball_detection/install/station_detector_cpp/share/ament_index/resource_index/package_run_dependencies/station_detector_cpp\n'}
[8.975874] (station_detector_cpp) StdoutLine: {'line': b'-- Up-to-date symlink: /home/song/volleyball_detection/install/station_detector_cpp/share/ament_index/resource_index/parent_prefix_path/station_detector_cpp\n'}
[8.976029] (station_detector_cpp) StdoutLine: {'line': b'-- Up-to-date symlink: /home/song/volleyball_detection/install/station_detector_cpp/share/station_detector_cpp/environment/ament_prefix_path.sh\n'}
[8.976184] (station_detector_cpp) StdoutLine: {'line': b'-- Up-to-date symlink: /home/song/volleyball_detection/install/station_detector_cpp/share/station_detector_cpp/environment/ament_prefix_path.dsv\n'}
[8.976378] (station_detector_cpp) StdoutLine: {'line': b'-- Up-to-date symlink: /home/song/volleyball_detection/install/station_detector_cpp/share/station_detector_cpp/environment/path.sh\n'}
[8.976480] (station_detector_cpp) StdoutLine: {'line': b'-- Up-to-date symlink: /home/song/volleyball_detection/install/station_detector_cpp/share/station_detector_cpp/environment/path.dsv\n'}
[8.976629] (station_detector_cpp) StdoutLine: {'line': b'-- Up-to-date symlink: /home/song/volleyball_detection/install/station_detector_cpp/share/station_detector_cpp/local_setup.bash\n'}
[8.976783] (station_detector_cpp) StdoutLine: {'line': b'-- Up-to-date symlink: /home/song/volleyball_detection/install/station_detector_cpp/share/station_detector_cpp/local_setup.sh\n'}
[8.976889] (station_detector_cpp) StdoutLine: {'line': b'-- Up-to-date symlink: /home/song/volleyball_detection/install/station_detector_cpp/share/station_detector_cpp/local_setup.zsh\n'}
[8.977035] (station_detector_cpp) StdoutLine: {'line': b'-- Up-to-date symlink: /home/song/volleyball_detection/install/station_detector_cpp/share/station_detector_cpp/local_setup.dsv\n'}
[8.977127] (station_detector_cpp) StdoutLine: {'line': b'-- Symlinking: /home/song/volleyball_detection/install/station_detector_cpp/share/station_detector_cpp/package.dsv\n'}
[8.989327] (station_detector_cpp) StdoutLine: {'line': b'-- Up-to-date symlink: /home/song/volleyball_detection/install/station_detector_cpp/share/ament_index/resource_index/packages/station_detector_cpp\n'}
[8.989747] (station_detector_cpp) StdoutLine: {'line': b'-- Up-to-date symlink: /home/song/volleyball_detection/install/station_detector_cpp/share/station_detector_cpp/cmake/station_detector_cppConfig.cmake\n'}
[8.989891] (station_detector_cpp) StdoutLine: {'line': b'-- Up-to-date symlink: /home/song/volleyball_detection/install/station_detector_cpp/share/station_detector_cpp/cmake/station_detector_cppConfig-version.cmake\n'}
[8.989971] (station_detector_cpp) StdoutLine: {'line': b'-- Up-to-date symlink: /home/song/volleyball_detection/install/station_detector_cpp/share/station_detector_cpp/package.xml\n'}
[8.991410] (station_detector_cpp) CommandEnded: {'returncode': 0}
[9.017051] (station_detector_cpp) JobEnded: {'identifier': 'station_detector_cpp', 'rc': 0}
[9.017799] (-) TimerEvent: {}
[9.017850] (-) EventReactorShutdown: {}
