[0.000000] (-) TimerEvent: {}
[0.000078] (-) JobUnselected: {'identifier': 'mindvision_camera'}
[0.000108] (-) JobUnselected: {'identifier': 'station_detector'}
[0.000133] (station_detector_cpp) JobQueued: {'identifier': 'station_detector_cpp', 'dependencies': OrderedDict()}
[0.000192] (station_detector_cpp) JobStarted: {'identifier': 'station_detector_cpp'}
[0.004357] (station_detector_cpp) JobProgress: {'identifier': 'station_detector_cpp', 'progress': 'cmake'}
[0.004867] (station_detector_cpp) JobProgress: {'identifier': 'station_detector_cpp', 'progress': 'build'}
[0.005504] (station_detector_cpp) Command: {'cmd': ['/usr/bin/cmake', '--build', '/home/song/volleyball_detection/build/station_detector_cpp', '--', '-j20', '-l20'], 'cwd': '/home/song/volleyball_detection/build/station_detector_cpp', 'env': OrderedDict([('GJS_DEBUG_TOPICS', 'JS ERROR;JS LOG'), ('LESSOPEN', '| /usr/bin/lesspipe %s'), ('VSCODE_CWD', '/home/song'), ('CURSOR_EXTENSION_HOST_ROLE', 'agent-exec'), ('VSCODE_ESM_ENTRYPOINT', 'vs/workbench/api/node/extensionHostProcess'), ('LANGUAGE', 'en_US:en'), ('USER', 'song'), ('LC_TIME', 'zh_CN.UTF-8'), ('VSCODE_NLS_CONFIG', '{"userLocale":"en-us","osLocale":"en-us","resolvedLanguage":"en","defaultMessagesFile":"/usr/share/cursor/resources/app/out/nls.messages.json","locale":"en-us","availableLanguages":{}}'), ('CI', '1'), ('VSCODE_HANDLES_UNCAUGHT_ERRORS', 'true'), ('XDG_SESSION_TYPE', 'wayland'), ('SHLVL', '1'), ('LD_LIBRARY_PATH', '/usr/local/lib:/usr/local/lib:/usr/local/lib:/home/song/cv_bridge_ws/install/cv_bridge/lib:/usr/lib/x86_64-linux-gnu/gazebo-11/plugins:/opt/ros/humble/opt/rviz_ogre_vendor/lib:/opt/ros/humble/lib/x86_64-linux-gnu:/opt/ros/humble/lib:/usr/local/lib:/usr/local/lib:'), ('HOME', '/home/song'), ('CHROME_DESKTOP', 'cursor.desktop'), ('OLDPWD', '/home/song/volleyball_detection'), ('DESKTOP_SESSION', 'ubuntu'), ('VSCODE_IPC_HOOK', '/run/user/1000/vscode-8dcdf1b3-2.6.-main.sock'), ('GIO_LAUNCHED_DESKTOP_FILE', '/usr/share/applications/cursor.desktop'), ('GAZEBO_MASTER_URI', 'http://localhost:11345'), ('ROS_PYTHON_VERSION', '3'), ('GNOME_SHELL_SESSION_MODE', 'ubuntu'), ('GTK_MODULES', 'gail:atk-bridge'), ('LC_MONETARY', 'zh_CN.UTF-8'), ('CURSOR_WORKSPACE_LABEL', 'volleyball_detection'), ('MANAGERPID', '1740'), ('SYSTEMD_EXEC_PID', '1908'), ('IM_CONFIG_CHECK_ENV', '1'), ('NO_COLOR', '1'), ('DBUS_SESSION_BUS_ADDRESS', 'unix:path=/run/user/1000/bus'), ('GIO_LAUNCHED_DESKTOP_FILE_PID', '105888'), ('VSCODE_CRASH_REPORTER_PROCESS_TYPE', 'extensionHost'), ('IM_CONFIG_PHASE', '1'), ('WAYLAND_DISPLAY', 'wayland-0'), ('COLCON_PREFIX_PATH', '/home/song/cv_bridge_ws/install'), ('ROS_DISTRO', 'humble'), ('LOGNAME', 'song'), ('FORCE_COLOR', '0'), ('JOURNAL_STREAM', '8:26744'), ('_', '/usr/bin/colcon'), ('ROS_VERSION', '2'), ('PKG_CONFIG_PATH', '/usr/local/lib/pkgconfig:/usr/local/lib/pkgconfig:/usr/local/lib/pkgconfig:'), ('XDG_SESSION_CLASS', 'user'), ('USERNAME', 'song'), ('TERM', 'dumb'), ('GAZEBO_MODEL_PATH', '/usr/share/gazebo-11/models:/home/song/.gazebo/models'), ('GNOME_DESKTOP_SESSION_ID', 'this-is-deprecated'), ('FC_FONTATIONS', '1'), ('ROS_LOCALHOST_ONLY', '0'), ('PATH', '/home/song/.local/bin:/home/song/.local/bin:/opt/ros/humble/bin:/home/song/.local/bin:/usr/local/sbin:/usr/local/bin:/usr/sbin:/usr/bin:/sbin:/bin:/usr/games:/usr/local/games:/snap/bin:/snap/bin'), ('SESSION_MANAGER', 'local/JSong:@/tmp/.ICE-unix/1880,unix/JSong:/tmp/.ICE-unix/1880'), ('INVOCATION_ID', '3aa53464a47e43b68a460cf72d8b1a3f'), ('PAPERSIZE', 'a4'), ('XDG_MENU_PREFIX', 'gnome-'), ('LC_ADDRESS', 'zh_CN.UTF-8'), ('VSCODE_PROCESS_TITLE', 'extension-host (agent-exec) volleyball_detection [1-4]'), ('GNOME_SETUP_DISPLAY', ':1'), ('XDG_RUNTIME_DIR', '/run/user/1000'), ('GDK_BACKEND', 'wayland'), ('CURSOR_AGENT', '1'), ('DISPLAY', ':0'), ('LANG', 'en_US.UTF-8'), ('XDG_CURRENT_DESKTOP', 'ubuntu:GNOME'), ('LC_TELEPHONE', 'zh_CN.UTF-8'), ('XMODIFIERS', '@im=ibus'), ('XDG_SESSION_DESKTOP', 'ubuntu'), ('XAUTHORITY', '/run/user/1000/.mutter-Xwaylandauth.KK72L3'), ('LS_COLORS', ''), ('CURSOR_TRACE_ID', 'eb46557923b04ecc82c56333d14bb7a7'), ('SSH_AGENT_LAUNCHER', 'gnome-keyring'), ('SSH_AUTH_SOCK', '/run/user/1000/keyring/ssh'), ('AMENT_PREFIX_PATH', '/home/song/cv_bridge_ws/install/cv_bridge:/opt/ros/humble'), ('SHELL', '/bin/bash'), ('LC_NAME', 'zh_CN.UTF-8'), ('QT_ACCESSIBILITY', '1'), ('GDMSESSION', 'ubuntu'), ('LESSCLOSE', '/usr/bin/lesspipe %s %s'), ('LC_MEASUREMENT', 'zh_CN.UTF-8'), ('GAZEBO_RESOURCE_PATH', '/usr/share/gazebo-11:/usr/share/gazebo-11:'), ('GJS_DEBUG_OUTPUT', 'stderr'), ('OpenCV_DIR', '/usr/local'), ('LC_IDENTIFICATION', 'zh_CN.UTF-8'), ('QT_IM_MODULE', 'ibus'), ('PWD', '/home/song/volleyball_detection/build/station_detector_cpp'), ('LC_ALL', 'en_US.UTF-8'), ('XDG_CONFIG_DIRS', '/etc/xdg/xdg-ubuntu:/etc/xdg'), ('VSCODE_CODE_CACHE_PATH', '/home/song/.config/Cursor/CachedData/b29eb4ee5f9f6d1cb2afbc09070198d3ea6ad760'), ('XDG_DATA_DIRS', '/usr/share/ubuntu:/usr/local/share/:/usr/share/:/var/lib/snapd/desktop'), ('PYTHONPATH', '/home/song/cv_bridge_ws/install/cv_bridge/local/lib/python3.10/dist-packages:/opt/ros/humble/lib/python3.10/site-packages:/opt/ros/humble/local/lib/python3.10/dist-packages'), ('LC_NUMERIC', 'zh_CN.UTF-8'), ('LC_PAPER', 'zh_CN.UTF-8'), ('COLCON', '1'), ('_ZO_DOCTOR', '0'), ('CMAKE_PREFIX_PATH', '/home/song/cv_bridge_ws/install/cv_bridge:/opt/ros/humble'), ('VSCODE_PID', '105888')]), 'shell': False}
[0.090224] (station_detector_cpp) StdoutLine: {'line': b'[ 14%] Building CXX object CMakeFiles/ball_detector_node.dir/src/ball_detector_node.cpp.o\n'}
[0.099618] (-) TimerEvent: {}
[0.199843] (-) TimerEvent: {}
[0.300027] (-) TimerEvent: {}
[0.400195] (-) TimerEvent: {}
[0.500386] (-) TimerEvent: {}
[0.600583] (-) TimerEvent: {}
[0.700737] (-) TimerEvent: {}
[0.800908] (-) TimerEvent: {}
[0.901118] (-) TimerEvent: {}
[1.001318] (-) TimerEvent: {}
[1.101577] (-) TimerEvent: {}
[1.201755] (-) TimerEvent: {}
[1.301955] (-) TimerEvent: {}
[1.402135] (-) TimerEvent: {}
[1.502445] (-) TimerEvent: {}
[1.602643] (-) TimerEvent: {}
[1.702920] (-) TimerEvent: {}
[1.803122] (-) TimerEvent: {}
[1.903355] (-) TimerEvent: {}
[2.003613] (-) TimerEvent: {}
[2.103783] (-) TimerEvent: {}
[2.203944] (-) TimerEvent: {}
[2.304123] (-) TimerEvent: {}
[2.404315] (-) TimerEvent: {}
[2.504504] (-) TimerEvent: {}
[2.604680] (-) TimerEvent: {}
[2.704834] (-) TimerEvent: {}
[2.805008] (-) TimerEvent: {}
[2.905181] (-) TimerEvent: {}
[3.005328] (-) TimerEvent: {}
[3.105504] (-) TimerEvent: {}
[3.205679] (-) TimerEvent: {}
[3.305843] (-) TimerEvent: {}
[3.406016] (-) TimerEvent: {}
[3.506196] (-) TimerEvent: {}
[3.606374] (-) TimerEvent: {}
[3.706585] (-) TimerEvent: {}
[3.806751] (-) TimerEvent: {}
[3.906930] (-) TimerEvent: {}
[4.007101] (-) TimerEvent: {}
[4.107276] (-) TimerEvent: {}
[4.207465] (-) TimerEvent: {}
[4.307654] (-) TimerEvent: {}
[4.407808] (-) TimerEvent: {}
[4.507982] (-) TimerEvent: {}
[4.608164] (-) TimerEvent: {}
[4.708324] (-) TimerEvent: {}
[4.808579] (-) TimerEvent: {}
[4.908738] (-) TimerEvent: {}
[5.008902] (-) TimerEvent: {}
[5.109094] (-) TimerEvent: {}
[5.209278] (-) TimerEvent: {}
[5.309457] (-) TimerEvent: {}
[5.409613] (-) TimerEvent: {}
[5.509769] (-) TimerEvent: {}
[5.609959] (-) TimerEvent: {}
[5.710139] (-) TimerEvent: {}
[5.810309] (-) TimerEvent: {}
[5.910454] (-) TimerEvent: {}
[6.010588] (-) TimerEvent: {}
[6.110734] (-) TimerEvent: {}
[6.210877] (-) TimerEvent: {}
[6.311024] (-) TimerEvent: {}
[6.411196] (-) TimerEvent: {}
[6.511411] (-) TimerEvent: {}
[6.611597] (-) TimerEvent: {}
[6.711758] (-) TimerEvent: {}
[6.811953] (-) TimerEvent: {}
[6.912109] (-) TimerEvent: {}
[7.012366] (-) TimerEvent: {}
[7.112627] (-) TimerEvent: {}
[7.212792] (-) TimerEvent: {}
[7.312982] (-) TimerEvent: {}
[7.413130] (-) TimerEvent: {}
[7.513308] (-) TimerEvent: {}
[7.613552] (-) TimerEvent: {}
[7.713742] (-) TimerEvent: {}
[7.813985] (-) TimerEvent: {}
[7.914169] (-) TimerEvent: {}
[8.014336] (-) TimerEvent: {}
[8.105361] (station_detector_cpp) StdoutLine: {'line': b'[ 28%] Linking CXX executable ball_detector_node\n'}
[8.114508] (-) TimerEvent: {}
[8.214715] (-) TimerEvent: {}
[8.314929] (-) TimerEvent: {}
[8.415171] (-) TimerEvent: {}
[8.515384] (-) TimerEvent: {}
[8.615599] (-) TimerEvent: {}
[8.708994] (station_detector_cpp) StdoutLine: {'line': b'[100%] Built target ball_detector_node\n'}
[8.715728] (-) TimerEvent: {}
[8.722609] (station_detector_cpp) CommandEnded: {'returncode': 0}
[8.723760] (station_detector_cpp) JobProgress: {'identifier': 'station_detector_cpp', 'progress': 'install'}
[8.737387] (station_detector_cpp) Command: {'cmd': ['/usr/bin/cmake', '--install', '/home/song/volleyball_detection/build/station_detector_cpp'], 'cwd': '/home/song/volleyball_detection/build/station_detector_cpp', 'env': OrderedDict([('GJS_DEBUG_TOPICS', 'JS ERROR;JS LOG'), ('LESSOPEN', '| /usr/bin/lesspipe %s'), ('VSCODE_CWD', '/home/song'), ('CURSOR_EXTENSION_HOST_ROLE', 'agent-exec'), ('VSCODE_ESM_ENTRYPOINT', 'vs/workbench/api/node/extensionHostProcess'), ('LANGUAGE', 'en_US:en'), ('USER', 'song'), ('LC_TIME', 'zh_CN.UTF-8'), ('VSCODE_NLS_CONFIG', '{"userLocale":"en-us","osLocale":"en-us","resolvedLanguage":"en","defaultMessagesFile":"/usr/share/cursor/resources/app/out/nls.messages.json","locale":"en-us","availableLanguages":{}}'), ('CI', '1'), ('VSCODE_HANDLES_UNCAUGHT_ERRORS', 'true'), ('XDG_SESSION_TYPE', 'wayland'), ('SHLVL', '1'), ('LD_LIBRARY_PATH', '/usr/local/lib:/usr/local/lib:/usr/local/lib:/home/song/cv_bridge_ws/install/cv_bridge/lib:/usr/lib/x86_64-linux-gnu/gazebo-11/plugins:/opt/ros/humble/opt/rviz_ogre_vendor/lib:/opt/ros/humble/lib/x86_64-linux-gnu:/opt/ros/humble/lib:/usr/local/lib:/usr/local/lib:'), ('HOME', '/home/song'), ('CHROME_DESKTOP', 'cursor.desktop'), ('OLDPWD', '/home/song/volleyball_detection'), ('DESKTOP_SESSION', 'ubuntu'), ('VSCODE_IPC_HOOK', '/run/user/1000/vscode-8dcdf1b3-2.6.-main.sock'), ('GIO_LAUNCHED_DESKTOP_FILE', '/usr/share/applications/cursor.desktop'), ('GAZEBO_MASTER_URI', 'http://localhost:11345'), ('ROS_PYTHON_VERSION', '3'), ('GNOME_SHELL_SESSION_MODE', 'ubuntu'), ('GTK_MODULES', 'gail:atk-bridge'), ('LC_MONETARY', 'zh_CN.UTF-8'), ('CURSOR_WORKSPACE_LABEL', 'volleyball_detection'), ('MANAGERPID', '1740'), ('SYSTEMD_EXEC_PID', '1908'), ('IM_CONFIG_CHECK_ENV', '1'), ('NO_COLOR', '1'), ('DBUS_SESSION_BUS_ADDRESS', 'unix:path=/run/user/1000/bus'), ('GIO_LAUNCHED_DESKTOP_FILE_PID', '105888'), ('VSCODE_CRASH_REPORTER_PROCESS_TYPE', 'extensionHost'), ('IM_CONFIG_PHASE', '1'), ('WAYLAND_DISPLAY', 'wayland-0'), ('COLCON_PREFIX_PATH', '/home/song/cv_bridge_ws/install'), ('ROS_DISTRO', 'humble'), ('LOGNAME', 'song'), ('FORCE_COLOR', '0'), ('JOURNAL_STREAM', '8:26744'), ('_', '/usr/bin/colcon'), ('ROS_VERSION', '2'), ('PKG_CONFIG_PATH', '/usr/local/lib/pkgconfig:/usr/local/lib/pkgconfig:/usr/local/lib/pkgconfig:'), ('XDG_SESSION_CLASS', 'user'), ('USERNAME', 'song'), ('TERM', 'dumb'), ('GAZEBO_MODEL_PATH', '/usr/share/gazebo-11/models:/home/song/.gazebo/models'), ('GNOME_DESKTOP_SESSION_ID', 'this-is-deprecated'), ('FC_FONTATIONS', '1'), ('ROS_LOCALHOST_ONLY', '0'), ('PATH', '/home/song/.local/bin:/home/song/.local/bin:/opt/ros/humble/bin:/home/song/.local/bin:/usr/local/sbin:/usr/local/bin:/usr/sbin:/usr/bin:/sbin:/bin:/usr/games:/usr/local/games:/snap/bin:/snap/bin'), ('SESSION_MANAGER', 'local/JSong:@/tmp/.ICE-unix/1880,unix/JSong:/tmp/.ICE-unix/1880'), ('INVOCATION_ID', '3aa53464a47e43b68a460cf72d8b1a3f'), ('PAPERSIZE', 'a4'), ('XDG_MENU_PREFIX', 'gnome-'), ('LC_ADDRESS', 'zh_CN.UTF-8'), ('VSCODE_PROCESS_TITLE', 'extension-host (agent-exec) volleyball_detection [1-4]'), ('GNOME_SETUP_DISPLAY', ':1'), ('XDG_RUNTIME_DIR', '/run/user/1000'), ('GDK_BACKEND', 'wayland'), ('CURSOR_AGENT', '1'), ('DISPLAY', ':0'), ('LANG', 'en_US.UTF-8'), ('XDG_CURRENT_DESKTOP', 'ubuntu:GNOME'), ('LC_TELEPHONE', 'zh_CN.UTF-8'), ('XMODIFIERS', '@im=ibus'), ('XDG_SESSION_DESKTOP', 'ubuntu'), ('XAUTHORITY', '/run/user/1000/.mutter-Xwaylandauth.KK72L3'), ('LS_COLORS', ''), ('CURSOR_TRACE_ID', 'eb46557923b04ecc82c56333d14bb7a7'), ('SSH_AGENT_LAUNCHER', 'gnome-keyring'), ('SSH_AUTH_SOCK', '/run/user/1000/keyring/ssh'), ('AMENT_PREFIX_PATH', '/home/song/cv_bridge_ws/install/cv_bridge:/opt/ros/humble'), ('SHELL', '/bin/bash'), ('LC_NAME', 'zh_CN.UTF-8'), ('QT_ACCESSIBILITY', '1'), ('GDMSESSION', 'ubuntu'), ('LESSCLOSE', '/usr/bin/lesspipe %s %s'), ('LC_MEASUREMENT', 'zh_CN.UTF-8'), ('GAZEBO_RESOURCE_PATH', '/usr/share/gazebo-11:/usr/share/gazebo-11:'), ('GJS_DEBUG_OUTPUT', 'stderr'), ('OpenCV_DIR', '/usr/local'), ('LC_IDENTIFICATION', 'zh_CN.UTF-8'), ('QT_IM_MODULE', 'ibus'), ('PWD', '/home/song/volleyball_detection/build/station_detector_cpp'), ('LC_ALL', 'en_US.UTF-8'), ('XDG_CONFIG_DIRS', '/etc/xdg/xdg-ubuntu:/etc/xdg'), ('VSCODE_CODE_CACHE_PATH', '/home/song/.config/Cursor/CachedData/b29eb4ee5f9f6d1cb2afbc09070198d3ea6ad760'), ('XDG_DATA_DIRS', '/usr/share/ubuntu:/usr/local/share/:/usr/share/:/var/lib/snapd/desktop'), ('PYTHONPATH', '/home/song/cv_bridge_ws/install/cv_bridge/local/lib/python3.10/dist-packages:/opt/ros/humble/lib/python3.10/site-packages:/opt/ros/humble/local/lib/python3.10/dist-packages'), ('LC_NUMERIC', 'zh_CN.UTF-8'), ('LC_PAPER', 'zh_CN.UTF-8'), ('COLCON', '1'), ('_ZO_DOCTOR', '0'), ('CMAKE_PREFIX_PATH', '/home/song/cv_bridge_ws/install/cv_bridge:/opt/ros/humble'), ('VSCODE_PID', '105888')]), 'shell': False}
[8.748694] (station_detector_cpp) StdoutLine: {'line': b'-- Install configuration: ""\n'}
[8.749296] (station_detector_cpp) StdoutLine: {'line': b'-- Execute custom install script\n'}
[8.749562] (station_detector_cpp) StdoutLine: {'line': b'-- Up-to-date symlink: /home/song/volleyball_detection/install/station_detector_cpp/lib/station_detector_cpp/ball_detector_node\n'}
[8.749861] (station_detector_cpp) StdoutLine: {'line': b'-- Up-to-date symlink: /home/song/volleyball_detection/install/station_detector_cpp/include/ball_position_estimator.hpp\n'}
[8.750045] (station_detector_cpp) StdoutLine: {'line': b'-- Up-to-date symlink: /home/song/volleyball_detection/install/station_detector_cpp/include/ball_tracker.hpp\n'}
[8.750232] (station_detector_cpp) StdoutLine: {'line': b'-- Up-to-date symlink: /home/song/volleyball_detection/install/station_detector_cpp/include/detection_filter.hpp\n'}
[8.750295] (station_detector_cpp) StdoutLine: {'line': b'-- Up-to-date symlink: /home/song/volleyball_detection/install/station_detector_cpp/include/trajectory_predictor.hpp\n'}
[8.750354] (station_detector_cpp) StdoutLine: {'line': b'-- Up-to-date symlink: /home/song/volleyball_detection/install/station_detector_cpp/include/yolo_inference.hpp\n'}
[8.750509] (station_detector_cpp) StdoutLine: {'line': b'-- Up-to-date symlink: /home/song/volleyball_detection/install/station_detector_cpp/share/station_detector_cpp/ball_detector_params.yaml\n'}
[8.750685] (station_detector_cpp) StdoutLine: {'line': b'-- Up-to-date symlink: /home/song/volleyball_detection/install/station_detector_cpp/share/ament_index/resource_index/package_run_dependencies/station_detector_cpp\n'}
[8.750840] (station_detector_cpp) StdoutLine: {'line': b'-- Up-to-date symlink: /home/song/volleyball_detection/install/station_detector_cpp/share/ament_index/resource_index/parent_prefix_path/station_detector_cpp\n'}
[8.750988] (station_detector_cpp) StdoutLine: {'line': b'-- Up-to-date symlink: /home/song/volleyball_detection/install/station_detector_cpp/share/station_detector_cpp/environment/ament_prefix_path.sh\n'}
[8.751121] (station_detector_cpp) StdoutLine: {'line': b'-- Up-to-date symlink: /home/song/volleyball_detection/install/station_detector_cpp/share/station_detector_cpp/environment/ament_prefix_path.dsv\n'}
[8.751258] (station_detector_cpp) StdoutLine: {'line': b'-- Up-to-date symlink: /home/song/volleyball_detection/install/station_detector_cpp/share/station_detector_cpp/environment/path.sh\n'}
[8.751389] (station_detector_cpp) StdoutLine: {'line': b'-- Up-to-date symlink: /home/song/volleyball_detection/install/station_detector_cpp/share/station_detector_cpp/environment/path.dsv\n'}
[8.751520] (station_detector_cpp) StdoutLine: {'line': b'-- Up-to-date symlink: /home/song/volleyball_detection/install/station_detector_cpp/share/station_detector_cpp/local_setup.bash\n'}
[8.751679] (station_detector_cpp) StdoutLine: {'line': b'-- Up-to-date symlink: /home/song/volleyball_detection/install/station_detector_cpp/share/station_detector_cpp/local_setup.sh\n'}
[8.752037] (station_detector_cpp) StdoutLine: {'line': b'-- Up-to-date symlink: /home/song/volleyball_detection/install/station_detector_cpp/share/station_detector_cpp/local_setup.zsh\n'}
[8.752102] (station_detector_cpp) StdoutLine: {'line': b'-- Up-to-date symlink: /home/song/volleyball_detection/install/station_detector_cpp/share/station_detector_cpp/local_setup.dsv\n'}
[8.752162] (station_detector_cpp) StdoutLine: {'line': b'-- Symlinking: /home/song/volleyball_detection/install/station_detector_cpp/share/station_detector_cpp/package.dsv\n'}
[8.765207] (station_detector_cpp) StdoutLine: {'line': b'-- Up-to-date symlink: /home/song/volleyball_detection/install/station_detector_cpp/share/ament_index/resource_index/packages/station_detector_cpp\n'}
[8.765612] (station_detector_cpp) StdoutLine: {'line': b'-- Up-to-date symlink: /home/song/volleyball_detection/install/station_detector_cpp/share/station_detector_cpp/cmake/station_detector_cppConfig.cmake\n'}
[8.765695] (station_detector_cpp) StdoutLine: {'line': b'-- Up-to-date symlink: /home/song/volleyball_detection/install/station_detector_cpp/share/station_detector_cpp/cmake/station_detector_cppConfig-version.cmake\n'}
[8.765764] (station_detector_cpp) StdoutLine: {'line': b'-- Up-to-date symlink: /home/song/volleyball_detection/install/station_detector_cpp/share/station_detector_cpp/package.xml\n'}
[8.767507] (station_detector_cpp) CommandEnded: {'returncode': 0}
[8.792642] (station_detector_cpp) JobEnded: {'identifier': 'station_detector_cpp', 'rc': 0}
[8.793507] (-) EventReactorShutdown: {}
