Consolidate compiler generated dependencies of target ball_detector_node
[ 14%] Building CXX object CMakeFiles/ball_detector_node.dir/src/yolo_inference.cpp.o
[ 28%] Building CXX object CMakeFiles/ball_detector_node.dir/src/ball_detector_node.cpp.o
[ 42%] Linking CXX executable ball_detector_node
[100%] Built target ball_detector_node
-- Install configuration: ""
-- Execute custom install script
-- Symlinking: /home/song/volleyball_detection/install/station_detector_cpp/lib/station_detector_cpp/ball_detector_node
-- Symlinking: /home/song/volleyball_detection/install/station_detector_cpp/include/ball_position_estimator.hpp
-- Symlinking: /home/song/volleyball_detection/install/station_detector_cpp/include/ball_tracker.hpp
-- Symlinking: /home/song/volleyball_detection/install/station_detector_cpp/include/detection_filter.hpp
-- Symlinking: /home/song/volleyball_detection/install/station_detector_cpp/include/trajectory_predictor.hpp
-- Symlinking: /home/song/volleyball_detection/install/station_detector_cpp/include/yolo_inference.hpp
-- Symlinking: /home/song/volleyball_detection/install/station_detector_cpp/share/station_detector_cpp/ball_detector_params.yaml
-- Symlinking: /home/song/volleyball_detection/install/station_detector_cpp/share/ament_index/resource_index/package_run_dependencies/station_detector_cpp
-- Symlinking: /home/song/volleyball_detection/install/station_detector_cpp/share/ament_index/resource_index/parent_prefix_path/station_detector_cpp
-- Symlinking: /home/song/volleyball_detection/install/station_detector_cpp/share/station_detector_cpp/environment/ament_prefix_path.sh
-- Symlinking: /home/song/volleyball_detection/install/station_detector_cpp/share/station_detector_cpp/environment/ament_prefix_path.dsv
-- Symlinking: /home/song/volleyball_detection/install/station_detector_cpp/share/station_detector_cpp/environment/path.sh
-- Symlinking: /home/song/volleyball_detection/install/station_detector_cpp/share/station_detector_cpp/environment/path.dsv
-- Symlinking: /home/song/volleyball_detection/install/station_detector_cpp/share/station_detector_cpp/local_setup.bash
-- Symlinking: /home/song/volleyball_detection/install/station_detector_cpp/share/station_detector_cpp/local_setup.sh
-- Symlinking: /home/song/volleyball_detection/install/station_detector_cpp/share/station_detector_cpp/local_setup.zsh
-- Symlinking: /home/song/volleyball_detection/install/station_detector_cpp/share/station_detector_cpp/local_setup.dsv
-- Symlinking: /home/song/volleyball_detection/install/station_detector_cpp/share/station_detector_cpp/package.dsv
-- Symlinking: /home/song/volleyball_detection/install/station_detector_cpp/share/ament_index/resource_index/packages/station_detector_cpp
-- Symlinking: /home/song/volleyball_detection/install/station_detector_cpp/share/station_detector_cpp/cmake/station_detector_cppConfig.cmake
-- Symlinking: /home/song/volleyball_detection/install/station_detector_cpp/share/station_detector_cpp/cmake/station_detector_cppConfig-version.cmake
-- Symlinking: /home/song/volleyball_detection/install/station_detector_cpp/share/station_detector_cpp/package.xml
