[0.009s] Invoking command in '/home/song/volleyball_detection/build/mindvision_camera': CMAKE_PREFIX_PATH=${CMAKE_PREFIX_PATH}:/opt/ros/humble /usr/bin/cmake --build /home/song/volleyball_detection/build/mindvision_camera -- -j20 -l20
[0.072s] Consolidate compiler generated dependencies of target mindvision_camera
[0.073s] Consolidate compiler generated dependencies of target mindvision_camera_node
[0.099s] [ 50%] Built target mindvision_camera
[0.100s] [100%] Built target mindvision_camera_node
[0.118s] Invoked command in '/home/song/volleyball_detection/build/mindvision_camera' returned '0': CMAKE_PREFIX_PATH=${CMAKE_PREFIX_PATH}:/opt/ros/humble /usr/bin/cmake --build /home/song/volleyball_detection/build/mindvision_camera -- -j20 -l20
[0.137s] Invoking command in '/home/song/volleyball_detection/build/mindvision_camera': CMAKE_PREFIX_PATH=${CMAKE_PREFIX_PATH}:/opt/ros/humble /usr/bin/cmake --install /home/song/volleyball_detection/build/mindvision_camera
[0.146s] -- Install configuration: ""
[0.146s] -- Execute custom install script
[0.146s] -- Up-to-date symlink: /home/song/volleyball_detection/install/mindvision_camera/lib/mindvision_camera/mindvision_camera_node
[0.147s] -- Up-to-date symlink: /home/song/volleyball_detection/install/mindvision_camera/share/mindvision_camera/environment/library_path.sh
[0.147s] -- Up-to-date symlink: /home/song/volleyball_detection/install/mindvision_camera/share/mindvision_camera/environment/library_path.dsv
[0.147s] -- Up-to-date symlink: /home/song/volleyball_detection/install/mindvision_camera/lib/libmindvision_camera.so
[0.147s] -- Up-to-date symlink: /home/song/volleyball_detection/install/mindvision_camera/share/mindvision_camera/config/camera_info.yaml
[0.148s] -- Up-to-date symlink: /home/song/volleyball_detection/install/mindvision_camera/share/mindvision_camera/config/camera_params.yaml
[0.148s] -- Up-to-date symlink: /home/song/volleyball_detection/install/mindvision_camera/share/mindvision_camera/launch/mv_launch.py
[0.148s] -- Up-to-date symlink: /home/song/volleyball_detection/install/mindvision_camera/share/ament_index/resource_index/package_run_dependencies/mindvision_camera
[0.148s] -- Up-to-date symlink: /home/song/volleyball_detection/install/mindvision_camera/share/ament_index/resource_index/parent_prefix_path/mindvision_camera
[0.148s] -- Up-to-date symlink: /home/song/volleyball_detection/install/mindvision_camera/share/mindvision_camera/environment/ament_prefix_path.sh
[0.148s] -- Up-to-date symlink: /home/song/volleyball_detection/install/mindvision_camera/share/mindvision_camera/environment/ament_prefix_path.dsv
[0.148s] -- Up-to-date symlink: /home/song/volleyball_detection/install/mindvision_camera/share/mindvision_camera/environment/path.sh
[0.148s] -- Up-to-date symlink: /home/song/volleyball_detection/install/mindvision_camera/share/mindvision_camera/environment/path.dsv
[0.148s] -- Up-to-date symlink: /home/song/volleyball_detection/install/mindvision_camera/share/mindvision_camera/local_setup.bash
[0.148s] -- Up-to-date symlink: /home/song/volleyball_detection/install/mindvision_camera/share/mindvision_camera/local_setup.sh
[0.148s] -- Up-to-date symlink: /home/song/volleyball_detection/install/mindvision_camera/share/mindvision_camera/local_setup.zsh
[0.148s] -- Up-to-date symlink: /home/song/volleyball_detection/install/mindvision_camera/share/mindvision_camera/local_setup.dsv
[0.148s] -- Symlinking: /home/song/volleyball_detection/install/mindvision_camera/share/mindvision_camera/package.dsv
[0.157s] -- Up-to-date symlink: /home/song/volleyball_detection/install/mindvision_camera/share/ament_index/resource_index/packages/mindvision_camera
[0.157s] -- Up-to-date symlink: /home/song/volleyball_detection/install/mindvision_camera/share/ament_index/resource_index/rclcpp_components/mindvision_camera
[0.157s] -- Up-to-date symlink: /home/song/volleyball_detection/install/mindvision_camera/share/mindvision_camera/cmake/ament_cmake_export_dependencies-extras.cmake
[0.157s] -- Up-to-date symlink: /home/song/volleyball_detection/install/mindvision_camera/share/mindvision_camera/cmake/ament_cmake_export_libraries-extras.cmake
[0.157s] -- Up-to-date symlink: /home/song/volleyball_detection/install/mindvision_camera/share/mindvision_camera/cmake/mindvision_cameraConfig.cmake
[0.157s] -- Up-to-date symlink: /home/song/volleyball_detection/install/mindvision_camera/share/mindvision_camera/cmake/mindvision_cameraConfig-version.cmake
[0.157s] -- Up-to-date symlink: /home/song/volleyball_detection/install/mindvision_camera/share/mindvision_camera/package.xml
[0.159s] Invoked command in '/home/song/volleyball_detection/build/mindvision_camera' returned '0': CMAKE_PREFIX_PATH=${CMAKE_PREFIX_PATH}:/opt/ros/humble /usr/bin/cmake --install /home/song/volleyball_detection/build/mindvision_camera
