[0.000000] (-) TimerEvent: {}
[0.000346] (-) JobUnselected: {'identifier': 'mindvision_camera'}
[0.000413] (-) JobUnselected: {'identifier': 'station_detector'}
[0.000436] (station_detector_cpp) JobQueued: {'identifier': 'station_detector_cpp', 'dependencies': OrderedDict()}
[0.000458] (station_detector_cpp) JobStarted: {'identifier': 'station_detector_cpp'}
[0.004678] (station_detector_cpp) JobProgress: {'identifier': 'station_detector_cpp', 'progress': 'cmake'}
[0.005231] (station_detector_cpp) JobProgress: {'identifier': 'station_detector_cpp', 'progress': 'build'}
[0.005912] (station_detector_cpp) Command: {'cmd': ['/usr/bin/cmake', '--build', '/home/song/volleyball_detection/build/station_detector_cpp', '--', '-j20', '-l20'], 'cwd': '/home/song/volleyball_detection/build/station_detector_cpp', 'env': OrderedDict([('GJS_DEBUG_TOPICS', 'JS ERROR;JS LOG'), ('LESSOPEN', '| /usr/bin/lesspipe %s'), ('VSCODE_CWD', '/home/song'), ('CURSOR_EXTENSION_HOST_ROLE', 'agent-exec'), ('VSCODE_ESM_ENTRYPOINT', 'vs/workbench/api/node/extensionHostProcess'), ('LANGUAGE', 'en_US:en'), ('USER', 'song'), ('LC_TIME', 'zh_CN.UTF-8'), ('VSCODE_NLS_CONFIG', '{"userLocale":"en-us","osLocale":"en-us","resolvedLanguage":"en","defaultMessagesFile":"/usr/share/cursor/resources/app/out/nls.messages.json","locale":"en-us","availableLanguages":{}}'), ('CI', '1'), ('VSCODE_HANDLES_UNCAUGHT_ERRORS', 'true'), ('XDG_SESSION_TYPE', 'wayland'), ('SHLVL', '1'), ('LD_LIBRARY_PATH', '/usr/local/lib:/usr/local/lib:/usr/local/lib:/home/song/cv_bridge_ws/install/cv_bridge/lib:/usr/lib/x86_64-linux-gnu/gazebo-11/plugins:/opt/ros/humble/opt/rviz_ogre_vendor/lib:/opt/ros/humble/lib/x86_64-linux-gnu:/opt/ros/humble/lib:/usr/local/lib:/usr/local/lib:'), ('HOME', '/home/song'), ('CHROME_DESKTOP', 'cursor.desktop'), ('OLDPWD', '/home/song/volleyball_detection'), ('DESKTOP_SESSION', 'ubuntu'), ('VSCODE_IPC_HOOK', '/run/user/1000/vscode-8dcdf1b3-2.6.-main.sock'), ('GIO_LAUNCHED_DESKTOP_FILE', '/usr/share/applications/cursor.desktop'), ('GAZEBO_MASTER_URI', 'http://localhost:11345'), ('ROS_PYTHON_VERSION', '3'), ('GNOME_SHELL_SESSION_MODE', 'ubuntu'), ('GTK_MODULES', 'gail:atk-bridge'), ('LC_MONETARY', 'zh_CN.UTF-8'), ('CURSOR_WORKSPACE_LABEL', 'volleyball_detection'), ('MANAGERPID', '1740'), ('SYSTEMD_EXEC_PID', '1908'), ('IM_CONFIG_CHECK_ENV', '1'), ('NO_COLOR', '1'), ('DBUS_SESSION_BUS_ADDRESS', 'unix:path=/run/user/1000/bus'), ('GIO_LAUNCHED_DESKTOP_FILE_PID', '105888'), ('VSCODE_CRASH_REPORTER_PROCESS_TYPE', 'extensionHost'), ('IM_CONFIG_PHASE', '1'), ('WAYLAND_DISPLAY', 'wayland-0'), ('COLCON_PREFIX_PATH', '/home/song/cv_bridge_ws/install'), ('ROS_DISTRO', 'humble'), ('LOGNAME', 'song'), ('FORCE_COLOR', '0'), ('JOURNAL_STREAM', '8:26744'), ('_', '/usr/bin/colcon'), ('ROS_VERSION', '2'), ('PKG_CONFIG_PATH', '/usr/local/lib/pkgconfig:/usr/local/lib/pkgconfig:/usr/local/lib/pkgconfig:'), ('XDG_SESSION_CLASS', 'user'), ('USERNAME', 'song'), ('TERM', 'dumb'), ('GAZEBO_MODEL_PATH', '/usr/share/gazebo-11/models:/home/song/.gazebo/models'), ('GNOME_DESKTOP_SESSION_ID', 'this-is-deprecated'), ('FC_FONTATIONS', '1'), ('ROS_LOCALHOST_ONLY', '0'), ('PATH', '/home/song/.local/bin:/home/song/.local/bin:/opt/ros/humble/bin:/home/song/.local/bin:/usr/local/sbin:/usr/local/bin:/usr/sbin:/usr/bin:/sbin:/bin:/usr/games:/usr/local/games:/snap/bin:/snap/bin'), ('SESSION_MANAGER', 'local/JSong:@/tmp/.ICE-unix/1880,unix/JSong:/tmp/.ICE-unix/1880'), ('INVOCATION_ID', '3aa53464a47e43b68a460cf72d8b1a3f'), ('PAPERSIZE', 'a4'), ('XDG_MENU_PREFIX', 'gnome-'), ('LC_ADDRESS', 'zh_CN.UTF-8'), ('VSCODE_PROCESS_TITLE', 'extension-host (agent-exec) volleyball_detection [1-4]'), ('GNOME_SETUP_DISPLAY', ':1'), ('XDG_RUNTIME_DIR', '/run/user/1000'), ('GDK_BACKEND', 'wayland'), ('CURSOR_AGENT', '1'), ('DISPLAY', ':0'), ('LANG', 'en_US.UTF-8'), ('XDG_CURRENT_DESKTOP', 'ubuntu:GNOME'), ('LC_TELEPHONE', 'zh_CN.UTF-8'), ('XMODIFIERS', '@im=ibus'), ('XDG_SESSION_DESKTOP', 'ubuntu'), ('XAUTHORITY', '/run/user/1000/.mutter-Xwaylandauth.KK72L3'), ('LS_COLORS', ''), ('CURSOR_TRACE_ID', 'eb46557923b04ecc82c56333d14bb7a7'), ('SSH_AGENT_LAUNCHER', 'gnome-keyring'), ('SSH_AUTH_SOCK', '/run/user/1000/keyring/ssh'), ('AMENT_PREFIX_PATH', '/home/song/cv_bridge_ws/install/cv_bridge:/opt/ros/humble'), ('SHELL', '/bin/bash'), ('LC_NAME', 'zh_CN.UTF-8'), ('QT_ACCESSIBILITY', '1'), ('GDMSESSION', 'ubuntu'), ('LESSCLOSE', '/usr/bin/lesspipe %s %s'), ('LC_MEASUREMENT', 'zh_CN.UTF-8'), ('GAZEBO_RESOURCE_PATH', '/usr/share/gazebo-11:/usr/share/gazebo-11:'), ('GJS_DEBUG_OUTPUT', 'stderr'), ('OpenCV_DIR', '/usr/local'), ('LC_IDENTIFICATION', 'zh_CN.UTF-8'), ('QT_IM_MODULE', 'ibus'), ('PWD', '/home/song/volleyball_detection/build/station_detector_cpp'), ('LC_ALL', 'en_US.UTF-8'), ('XDG_CONFIG_DIRS', '/etc/xdg/xdg-ubuntu:/etc/xdg'), ('VSCODE_CODE_CACHE_PATH', '/home/song/.config/Cursor/CachedData/b29eb4ee5f9f6d1cb2afbc09070198d3ea6ad760'), ('XDG_DATA_DIRS', '/usr/share/ubuntu:/usr/local/share/:/usr/share/:/var/lib/snapd/desktop'), ('PYTHONPATH', '/home/song/cv_bridge_ws/install/cv_bridge/local/lib/python3.10/dist-packages:/opt/ros/humble/lib/python3.10/site-packages:/opt/ros/humble/local/lib/python3.10/dist-packages'), ('LC_NUMERIC', 'zh_CN.UTF-8'), ('LC_PAPER', 'zh_CN.UTF-8'), ('COLCON', '1'), ('_ZO_DOCTOR', '0'), ('CMAKE_PREFIX_PATH', '/home/song/cv_bridge_ws/install/cv_bridge:/opt/ros/humble'), ('VSCODE_PID', '105888')]), 'shell': False}
[0.081021] (station_detector_cpp) StdoutLine: {'line': b'Consolidate compiler generated dependencies of target ball_detector_node\n'}
[0.099913] (-) TimerEvent: {}
[0.111747] (station_detector_cpp) StdoutLine: {'line': b'[ 14%] Building CXX object CMakeFiles/ball_detector_node.dir/src/yolo_inference.cpp.o\n'}
[0.113601] (station_detector_cpp) StdoutLine: {'line': b'[ 28%] Building CXX object CMakeFiles/ball_detector_node.dir/src/ball_detector_node.cpp.o\n'}
[0.200076] (-) TimerEvent: {}
[0.300365] (-) TimerEvent: {}
[0.400599] (-) TimerEvent: {}
[0.500822] (-) TimerEvent: {}
[0.601081] (-) TimerEvent: {}
[0.701370] (-) TimerEvent: {}
[0.801583] (-) TimerEvent: {}
[0.901807] (-) TimerEvent: {}
[1.002076] (-) TimerEvent: {}
[1.102289] (-) TimerEvent: {}
[1.202501] (-) TimerEvent: {}
[1.302712] (-) TimerEvent: {}
[1.403032] (-) TimerEvent: {}
[1.503226] (-) TimerEvent: {}
[1.603441] (-) TimerEvent: {}
[1.703670] (-) TimerEvent: {}
[1.803939] (-) TimerEvent: {}
[1.904190] (-) TimerEvent: {}
[2.004426] (-) TimerEvent: {}
[2.104720] (-) TimerEvent: {}
[2.204944] (-) TimerEvent: {}
[2.305198] (-) TimerEvent: {}
[2.405421] (-) TimerEvent: {}
[2.505693] (-) TimerEvent: {}
[2.605919] (-) TimerEvent: {}
[2.706107] (-) TimerEvent: {}
[2.806321] (-) TimerEvent: {}
[2.906577] (-) TimerEvent: {}
[3.006871] (-) TimerEvent: {}
[3.107068] (-) TimerEvent: {}
[3.207282] (-) TimerEvent: {}
[3.307535] (-) TimerEvent: {}
[3.407805] (-) TimerEvent: {}
[3.508046] (-) TimerEvent: {}
[3.608255] (-) TimerEvent: {}
[3.708459] (-) TimerEvent: {}
[3.808733] (-) TimerEvent: {}
[3.909084] (-) TimerEvent: {}
[4.009293] (-) TimerEvent: {}
[4.109466] (-) TimerEvent: {}
[4.209647] (-) TimerEvent: {}
[4.309842] (-) TimerEvent: {}
[4.410054] (-) TimerEvent: {}
[4.510242] (-) TimerEvent: {}
[4.610446] (-) TimerEvent: {}
[4.710682] (-) TimerEvent: {}
[4.810935] (-) TimerEvent: {}
[4.911151] (-) TimerEvent: {}
[5.011341] (-) TimerEvent: {}
[5.111526] (-) TimerEvent: {}
[5.211702] (-) TimerEvent: {}
[5.311911] (-) TimerEvent: {}
[5.412069] (-) TimerEvent: {}
[5.512210] (-) TimerEvent: {}
[5.612411] (-) TimerEvent: {}
[5.712599] (-) TimerEvent: {}
[5.812770] (-) TimerEvent: {}
[5.912900] (-) TimerEvent: {}
[6.013059] (-) TimerEvent: {}
[6.113222] (-) TimerEvent: {}
[6.213374] (-) TimerEvent: {}
[6.313550] (-) TimerEvent: {}
[6.413728] (-) TimerEvent: {}
[6.513920] (-) TimerEvent: {}
[6.614172] (-) TimerEvent: {}
[6.714408] (-) TimerEvent: {}
[6.814649] (-) TimerEvent: {}
[6.914921] (-) TimerEvent: {}
[7.015098] (-) TimerEvent: {}
[7.115298] (-) TimerEvent: {}
[7.215499] (-) TimerEvent: {}
[7.315746] (-) TimerEvent: {}
[7.415993] (-) TimerEvent: {}
[7.516182] (-) TimerEvent: {}
[7.616399] (-) TimerEvent: {}
[7.716684] (-) TimerEvent: {}
[7.817073] (-) TimerEvent: {}
[7.917271] (-) TimerEvent: {}
[8.017445] (-) TimerEvent: {}
[8.117632] (-) TimerEvent: {}
[8.183851] (station_detector_cpp) StdoutLine: {'line': b'[ 42%] Linking CXX executable ball_detector_node\n'}
[8.217785] (-) TimerEvent: {}
[8.318043] (-) TimerEvent: {}
[8.418271] (-) TimerEvent: {}
[8.518462] (-) TimerEvent: {}
[8.618645] (-) TimerEvent: {}
[8.718835] (-) TimerEvent: {}
[8.800064] (station_detector_cpp) StdoutLine: {'line': b'[100%] Built target ball_detector_node\n'}
[8.807302] (station_detector_cpp) CommandEnded: {'returncode': 0}
[8.807827] (station_detector_cpp) JobProgress: {'identifier': 'station_detector_cpp', 'progress': 'install'}
[8.818940] (-) TimerEvent: {}
[8.819819] (station_detector_cpp) Command: {'cmd': ['/usr/bin/cmake', '--install', '/home/song/volleyball_detection/build/station_detector_cpp'], 'cwd': '/home/song/volleyball_detection/build/station_detector_cpp', 'env': OrderedDict([('GJS_DEBUG_TOPICS', 'JS ERROR;JS LOG'), ('LESSOPEN', '| /usr/bin/lesspipe %s'), ('VSCODE_CWD', '/home/song'), ('CURSOR_EXTENSION_HOST_ROLE', 'agent-exec'), ('VSCODE_ESM_ENTRYPOINT', 'vs/workbench/api/node/extensionHostProcess'), ('LANGUAGE', 'en_US:en'), ('USER', 'song'), ('LC_TIME', 'zh_CN.UTF-8'), ('VSCODE_NLS_CONFIG', '{"userLocale":"en-us","osLocale":"en-us","resolvedLanguage":"en","defaultMessagesFile":"/usr/share/cursor/resources/app/out/nls.messages.json","locale":"en-us","availableLanguages":{}}'), ('CI', '1'), ('VSCODE_HANDLES_UNCAUGHT_ERRORS', 'true'), ('XDG_SESSION_TYPE', 'wayland'), ('SHLVL', '1'), ('LD_LIBRARY_PATH', '/usr/local/lib:/usr/local/lib:/usr/local/lib:/home/song/cv_bridge_ws/install/cv_bridge/lib:/usr/lib/x86_64-linux-gnu/gazebo-11/plugins:/opt/ros/humble/opt/rviz_ogre_vendor/lib:/opt/ros/humble/lib/x86_64-linux-gnu:/opt/ros/humble/lib:/usr/local/lib:/usr/local/lib:'), ('HOME', '/home/song'), ('CHROME_DESKTOP', 'cursor.desktop'), ('OLDPWD', '/home/song/volleyball_detection'), ('DESKTOP_SESSION', 'ubuntu'), ('VSCODE_IPC_HOOK', '/run/user/1000/vscode-8dcdf1b3-2.6.-main.sock'), ('GIO_LAUNCHED_DESKTOP_FILE', '/usr/share/applications/cursor.desktop'), ('GAZEBO_MASTER_URI', 'http://localhost:11345'), ('ROS_PYTHON_VERSION', '3'), ('GNOME_SHELL_SESSION_MODE', 'ubuntu'), ('GTK_MODULES', 'gail:atk-bridge'), ('LC_MONETARY', 'zh_CN.UTF-8'), ('CURSOR_WORKSPACE_LABEL', 'volleyball_detection'), ('MANAGERPID', '1740'), ('SYSTEMD_EXEC_PID', '1908'), ('IM_CONFIG_CHECK_ENV', '1'), ('NO_COLOR', '1'), ('DBUS_SESSION_BUS_ADDRESS', 'unix:path=/run/user/1000/bus'), ('GIO_LAUNCHED_DESKTOP_FILE_PID', '105888'), ('VSCODE_CRASH_REPORTER_PROCESS_TYPE', 'extensionHost'), ('IM_CONFIG_PHASE', '1'), ('WAYLAND_DISPLAY', 'wayland-0'), ('COLCON_PREFIX_PATH', '/home/song/cv_bridge_ws/install'), ('ROS_DISTRO', 'humble'), ('LOGNAME', 'song'), ('FORCE_COLOR', '0'), ('JOURNAL_STREAM', '8:26744'), ('_', '/usr/bin/colcon'), ('ROS_VERSION', '2'), ('PKG_CONFIG_PATH', '/usr/local/lib/pkgconfig:/usr/local/lib/pkgconfig:/usr/local/lib/pkgconfig:'), ('XDG_SESSION_CLASS', 'user'), ('USERNAME', 'song'), ('TERM', 'dumb'), ('GAZEBO_MODEL_PATH', '/usr/share/gazebo-11/models:/home/song/.gazebo/models'), ('GNOME_DESKTOP_SESSION_ID', 'this-is-deprecated'), ('FC_FONTATIONS', '1'), ('ROS_LOCALHOST_ONLY', '0'), ('PATH', '/home/song/.local/bin:/home/song/.local/bin:/opt/ros/humble/bin:/home/song/.local/bin:/usr/local/sbin:/usr/local/bin:/usr/sbin:/usr/bin:/sbin:/bin:/usr/games:/usr/local/games:/snap/bin:/snap/bin'), ('SESSION_MANAGER', 'local/JSong:@/tmp/.ICE-unix/1880,unix/JSong:/tmp/.ICE-unix/1880'), ('INVOCATION_ID', '3aa53464a47e43b68a460cf72d8b1a3f'), ('PAPERSIZE', 'a4'), ('XDG_MENU_PREFIX', 'gnome-'), ('LC_ADDRESS', 'zh_CN.UTF-8'), ('VSCODE_PROCESS_TITLE', 'extension-host (agent-exec) volleyball_detection [1-4]'), ('GNOME_SETUP_DISPLAY', ':1'), ('XDG_RUNTIME_DIR', '/run/user/1000'), ('GDK_BACKEND', 'wayland'), ('CURSOR_AGENT', '1'), ('DISPLAY', ':0'), ('LANG', 'en_US.UTF-8'), ('XDG_CURRENT_DESKTOP', 'ubuntu:GNOME'), ('LC_TELEPHONE', 'zh_CN.UTF-8'), ('XMODIFIERS', '@im=ibus'), ('XDG_SESSION_DESKTOP', 'ubuntu'), ('XAUTHORITY', '/run/user/1000/.mutter-Xwaylandauth.KK72L3'), ('LS_COLORS', ''), ('CURSOR_TRACE_ID', 'eb46557923b04ecc82c56333d14bb7a7'), ('SSH_AGENT_LAUNCHER', 'gnome-keyring'), ('SSH_AUTH_SOCK', '/run/user/1000/keyring/ssh'), ('AMENT_PREFIX_PATH', '/home/song/cv_bridge_ws/install/cv_bridge:/opt/ros/humble'), ('SHELL', '/bin/bash'), ('LC_NAME', 'zh_CN.UTF-8'), ('QT_ACCESSIBILITY', '1'), ('GDMSESSION', 'ubuntu'), ('LESSCLOSE', '/usr/bin/lesspipe %s %s'), ('LC_MEASUREMENT', 'zh_CN.UTF-8'), ('GAZEBO_RESOURCE_PATH', '/usr/share/gazebo-11:/usr/share/gazebo-11:'), ('GJS_DEBUG_OUTPUT', 'stderr'), ('OpenCV_DIR', '/usr/local'), ('LC_IDENTIFICATION', 'zh_CN.UTF-8'), ('QT_IM_MODULE', 'ibus'), ('PWD', '/home/song/volleyball_detection/build/station_detector_cpp'), ('LC_ALL', 'en_US.UTF-8'), ('XDG_CONFIG_DIRS', '/etc/xdg/xdg-ubuntu:/etc/xdg'), ('VSCODE_CODE_CACHE_PATH', '/home/song/.config/Cursor/CachedData/b29eb4ee5f9f6d1cb2afbc09070198d3ea6ad760'), ('XDG_DATA_DIRS', '/usr/share/ubuntu:/usr/local/share/:/usr/share/:/var/lib/snapd/desktop'), ('PYTHONPATH', '/home/song/cv_bridge_ws/install/cv_bridge/local/lib/python3.10/dist-packages:/opt/ros/humble/lib/python3.10/site-packages:/opt/ros/humble/local/lib/python3.10/dist-packages'), ('LC_NUMERIC', 'zh_CN.UTF-8'), ('LC_PAPER', 'zh_CN.UTF-8'), ('COLCON', '1'), ('_ZO_DOCTOR', '0'), ('CMAKE_PREFIX_PATH', '/home/song/cv_bridge_ws/install/cv_bridge:/opt/ros/humble'), ('VSCODE_PID', '105888')]), 'shell': False}
[8.831318] (station_detector_cpp) StdoutLine: {'line': b'-- Install configuration: ""\n'}
[8.832161] (station_detector_cpp) StdoutLine: {'line': b'-- Execute custom install script\n'}
[8.832577] (station_detector_cpp) StdoutLine: {'line': b'-- Symlinking: /home/song/volleyball_detection/install/station_detector_cpp/lib/station_detector_cpp/ball_detector_node\n'}
[8.846638] (station_detector_cpp) StdoutLine: {'line': b'-- Symlinking: /home/song/volleyball_detection/install/station_detector_cpp/include/ball_position_estimator.hpp\n'}
[8.857666] (station_detector_cpp) StdoutLine: {'line': b'-- Symlinking: /home/song/volleyball_detection/install/station_detector_cpp/include/ball_tracker.hpp\n'}
[8.869525] (station_detector_cpp) StdoutLine: {'line': b'-- Symlinking: /home/song/volleyball_detection/install/station_detector_cpp/include/detection_filter.hpp\n'}
[8.880693] (station_detector_cpp) StdoutLine: {'line': b'-- Symlinking: /home/song/volleyball_detection/install/station_detector_cpp/include/trajectory_predictor.hpp\n'}
[8.892468] (station_detector_cpp) StdoutLine: {'line': b'-- Symlinking: /home/song/volleyball_detection/install/station_detector_cpp/include/yolo_inference.hpp\n'}
[8.905621] (station_detector_cpp) StdoutLine: {'line': b'-- Symlinking: /home/song/volleyball_detection/install/station_detector_cpp/share/station_detector_cpp/ball_detector_params.yaml\n'}
[8.917220] (station_detector_cpp) StdoutLine: {'line': b'-- Symlinking: /home/song/volleyball_detection/install/station_detector_cpp/share/ament_index/resource_index/package_run_dependencies/station_detector_cpp\n'}
[8.919025] (-) TimerEvent: {}
[8.929906] (station_detector_cpp) StdoutLine: {'line': b'-- Symlinking: /home/song/volleyball_detection/install/station_detector_cpp/share/ament_index/resource_index/parent_prefix_path/station_detector_cpp\n'}
[8.941067] (station_detector_cpp) StdoutLine: {'line': b'-- Symlinking: /home/song/volleyball_detection/install/station_detector_cpp/share/station_detector_cpp/environment/ament_prefix_path.sh\n'}
[8.952442] (station_detector_cpp) StdoutLine: {'line': b'-- Symlinking: /home/song/volleyball_detection/install/station_detector_cpp/share/station_detector_cpp/environment/ament_prefix_path.dsv\n'}
[8.966385] (station_detector_cpp) StdoutLine: {'line': b'-- Symlinking: /home/song/volleyball_detection/install/station_detector_cpp/share/station_detector_cpp/environment/path.sh\n'}
[8.977624] (station_detector_cpp) StdoutLine: {'line': b'-- Symlinking: /home/song/volleyball_detection/install/station_detector_cpp/share/station_detector_cpp/environment/path.dsv\n'}
[8.988966] (station_detector_cpp) StdoutLine: {'line': b'-- Symlinking: /home/song/volleyball_detection/install/station_detector_cpp/share/station_detector_cpp/local_setup.bash\n'}
[9.000557] (station_detector_cpp) StdoutLine: {'line': b'-- Symlinking: /home/song/volleyball_detection/install/station_detector_cpp/share/station_detector_cpp/local_setup.sh\n'}
[9.011787] (station_detector_cpp) StdoutLine: {'line': b'-- Symlinking: /home/song/volleyball_detection/install/station_detector_cpp/share/station_detector_cpp/local_setup.zsh\n'}
[9.019135] (-) TimerEvent: {}
[9.023339] (station_detector_cpp) StdoutLine: {'line': b'-- Symlinking: /home/song/volleyball_detection/install/station_detector_cpp/share/station_detector_cpp/local_setup.dsv\n'}
[9.036258] (station_detector_cpp) StdoutLine: {'line': b'-- Symlinking: /home/song/volleyball_detection/install/station_detector_cpp/share/station_detector_cpp/package.dsv\n'}
[9.047550] (station_detector_cpp) StdoutLine: {'line': b'-- Symlinking: /home/song/volleyball_detection/install/station_detector_cpp/share/ament_index/resource_index/packages/station_detector_cpp\n'}
[9.058558] (station_detector_cpp) StdoutLine: {'line': b'-- Symlinking: /home/song/volleyball_detection/install/station_detector_cpp/share/station_detector_cpp/cmake/station_detector_cppConfig.cmake\n'}
[9.068877] (station_detector_cpp) StdoutLine: {'line': b'-- Symlinking: /home/song/volleyball_detection/install/station_detector_cpp/share/station_detector_cpp/cmake/station_detector_cppConfig-version.cmake\n'}
[9.079743] (station_detector_cpp) StdoutLine: {'line': b'-- Symlinking: /home/song/volleyball_detection/install/station_detector_cpp/share/station_detector_cpp/package.xml\n'}
[9.097306] (station_detector_cpp) CommandEnded: {'returncode': 0}
[9.118372] (station_detector_cpp) JobEnded: {'identifier': 'station_detector_cpp', 'rc': 0}
[9.119082] (-) EventReactorShutdown: {}
