[0.007s] Invoking command in '/home/song/volleyball_detection/build/station_detector_cpp': CMAKE_PREFIX_PATH=${CMAKE_PREFIX_PATH}:/opt/ros/humble /usr/bin/cmake --build /home/song/volleyball_detection/build/station_detector_cpp -- -j20 -l20
[0.076s] Consolidate compiler generated dependencies of target ball_detector_node
[0.102s] [ 14%] Building CXX object CMakeFiles/ball_detector_node.dir/src/ball_detector_node.cpp.o
[8.172s] [ 28%] Linking CXX executable ball_detector_node
[8.859s] [100%] Built target ball_detector_node
[8.868s] Invoked command in '/home/song/volleyball_detection/build/station_detector_cpp' returned '0': CMAKE_PREFIX_PATH=${CMAKE_PREFIX_PATH}:/opt/ros/humble /usr/bin/cmake --build /home/song/volleyball_detection/build/station_detector_cpp -- -j20 -l20
[8.882s] Invoking command in '/home/song/volleyball_detection/build/station_detector_cpp': CMAKE_PREFIX_PATH=${CMAKE_PREFIX_PATH}:/opt/ros/humble /usr/bin/cmake --install /home/song/volleyball_detection/build/station_detector_cpp
[8.890s] -- Install configuration: ""
[8.891s] -- Execute custom install script
[8.891s] -- Up-to-date symlink: /home/song/volleyball_detection/install/station_detector_cpp/lib/station_detector_cpp/ball_detector_node
[8.892s] -- Up-to-date symlink: /home/song/volleyball_detection/install/station_detector_cpp/include/ball_position_estimator.hpp
[8.892s] -- Up-to-date symlink: /home/song/volleyball_detection/install/station_detector_cpp/include/ball_tracker.hpp
[8.892s] -- Up-to-date symlink: /home/song/volleyball_detection/install/station_detector_cpp/include/detection_filter.hpp
[8.892s] -- Up-to-date symlink: /home/song/volleyball_detection/install/station_detector_cpp/include/trajectory_predictor.hpp
[8.892s] -- Up-to-date symlink: /home/song/volleyball_detection/install/station_detector_cpp/include/yolo_inference.hpp
[8.893s] -- Up-to-date symlink: /home/song/volleyball_detection/install/station_detector_cpp/share/station_detector_cpp/ball_detector_params.yaml
[8.893s] -- Up-to-date symlink: /home/song/volleyball_detection/install/station_detector_cpp/share/ament_index/resource_index/package_run_dependencies/station_detector_cpp
[8.893s] -- Up-to-date symlink: /home/song/volleyball_detection/install/station_detector_cpp/share/ament_index/resource_index/parent_prefix_path/station_detector_cpp
[8.893s] -- Up-to-date symlink: /home/song/volleyball_detection/install/station_detector_cpp/share/station_detector_cpp/environment/ament_prefix_path.sh
[8.893s] -- Up-to-date symlink: /home/song/volleyball_detection/install/station_detector_cpp/share/station_detector_cpp/environment/ament_prefix_path.dsv
[8.893s] -- Up-to-date symlink: /home/song/volleyball_detection/install/station_detector_cpp/share/station_detector_cpp/environment/path.sh
[8.893s] -- Up-to-date symlink: /home/song/volleyball_detection/install/station_detector_cpp/share/station_detector_cpp/environment/path.dsv
[8.894s] -- Up-to-date symlink: /home/song/volleyball_detection/install/station_detector_cpp/share/station_detector_cpp/local_setup.bash
[8.894s] -- Up-to-date symlink: /home/song/volleyball_detection/install/station_detector_cpp/share/station_detector_cpp/local_setup.sh
[8.894s] -- Up-to-date symlink: /home/song/volleyball_detection/install/station_detector_cpp/share/station_detector_cpp/local_setup.zsh
[8.894s] -- Up-to-date symlink: /home/song/volleyball_detection/install/station_detector_cpp/share/station_detector_cpp/local_setup.dsv
[8.894s] -- Symlinking: /home/song/volleyball_detection/install/station_detector_cpp/share/station_detector_cpp/package.dsv
[8.906s] -- Up-to-date symlink: /home/song/volleyball_detection/install/station_detector_cpp/share/ament_index/resource_index/packages/station_detector_cpp
[8.906s] -- Up-to-date symlink: /home/song/volleyball_detection/install/station_detector_cpp/share/station_detector_cpp/cmake/station_detector_cppConfig.cmake
[8.906s] -- Up-to-date symlink: /home/song/volleyball_detection/install/station_detector_cpp/share/station_detector_cpp/cmake/station_detector_cppConfig-version.cmake
[8.907s] -- Up-to-date symlink: /home/song/volleyball_detection/install/station_detector_cpp/share/station_detector_cpp/package.xml
[8.909s] Invoked command in '/home/song/volleyball_detection/build/station_detector_cpp' returned '0': CMAKE_PREFIX_PATH=${CMAKE_PREFIX_PATH}:/opt/ros/humble /usr/bin/cmake --install /home/song/volleyball_detection/build/station_detector_cpp
