[0.000000] (-) TimerEvent: {}
[0.000099] (-) JobUnselected: {'identifier': 'mindvision_camera'}
[0.000150] (-) JobUnselected: {'identifier': 'station_detector'}
[0.000268] (station_detector_cpp) JobQueued: {'identifier': 'station_detector_cpp', 'dependencies': OrderedDict()}
[0.000305] (station_detector_cpp) JobStarted: {'identifier': 'station_detector_cpp'}
[0.007972] (station_detector_cpp) JobProgress: {'identifier': 'station_detector_cpp', 'progress': 'cmake'}
[0.009155] (station_detector_cpp) JobProgress: {'identifier': 'station_detector_cpp', 'progress': 'build'}
[0.010628] (station_detector_cpp) Command: {'cmd': ['/usr/bin/cmake', '--build', '/home/song/volleyball_detection/build/station_detector_cpp', '--', '-j20', '-l20'], 'cwd': '/home/song/volleyball_detection/build/station_detector_cpp', 'env': OrderedDict([('GJS_DEBUG_TOPICS', 'JS ERROR;JS LOG'), ('LESSOPEN', '| /usr/bin/lesspipe %s'), ('VSCODE_CWD', '/home/song'), ('CURSOR_EXTENSION_HOST_ROLE', 'agent-exec'), ('VSCODE_ESM_ENTRYPOINT', 'vs/workbench/api/node/extensionHostProcess'), ('LANGUAGE', 'en_US:en'), ('USER', 'song'), ('LC_TIME', 'zh_CN.UTF-8'), ('VSCODE_NLS_CONFIG', '{"userLocale":"en-us","osLocale":"en-us","resolvedLanguage":"en","defaultMessagesFile":"/usr/share/cursor/resources/app/out/nls.messages.json","locale":"en-us","availableLanguages":{}}'), ('CI', '1'), ('VSCODE_HANDLES_UNCAUGHT_ERRORS', 'true'), ('XDG_SESSION_TYPE', 'wayland'), ('SHLVL', '1'), ('LD_LIBRARY_PATH', '/usr/local/lib:/usr/local/lib:/usr/local/lib:/home/song/cv_bridge_ws/install/cv_bridge/lib:/usr/lib/x86_64-linux-gnu/gazebo-11/plugins:/opt/ros/humble/opt/rviz_ogre_vendor/lib:/opt/ros/humble/lib/x86_64-linux-gnu:/opt/ros/humble/lib:/usr/local/lib:/usr/local/lib:'), ('HOME', '/home/song'), ('CHROME_DESKTOP', 'cursor.desktop'), ('OLDPWD', '/home/song/volleyball_detection'), ('DESKTOP_SESSION', 'ubuntu'), ('VSCODE_IPC_HOOK', '/run/user/1000/vscode-8dcdf1b3-2.6.-main.sock'), ('GIO_LAUNCHED_DESKTOP_FILE', '/usr/share/applications/cursor.desktop'), ('GAZEBO_MASTER_URI', 'http://localhost:11345'), ('ROS_PYTHON_VERSION', '3'), ('GNOME_SHELL_SESSION_MODE', 'ubuntu'), ('GTK_MODULES', 'gail:atk-bridge'), ('LC_MONETARY', 'zh_CN.UTF-8'), ('CURSOR_WORKSPACE_LABEL', 'volleyball_detection'), ('MANAGERPID', '1734'), ('SYSTEMD_EXEC_PID', '1903'), ('IM_CONFIG_CHECK_ENV', '1'), ('NO_COLOR', '1'), ('DBUS_SESSION_BUS_ADDRESS', 'unix:path=/run/user/1000/bus'), ('GIO_LAUNCHED_DESKTOP_FILE_PID', '3261'), ('VSCODE_CRASH_REPORTER_PROCESS_TYPE', 'extensionHost'), ('IM_CONFIG_PHASE', '1'), ('WAYLAND_DISPLAY', 'wayland-0'), ('COLCON_PREFIX_PATH', '/home/song/cv_bridge_ws/install'), ('ROS_DISTRO', 'humble'), ('LOGNAME', 'song'), ('FORCE_COLOR', '0'), ('JOURNAL_STREAM', '8:12809'), ('_', '/usr/bin/colcon'), ('ROS_VERSION', '2'), ('PKG_CONFIG_PATH', '/usr/local/lib/pkgconfig:/usr/local/lib/pkgconfig:/usr/local/lib/pkgconfig:'), ('XDG_SESSION_CLASS', 'user'), ('USERNAME', 'song'), ('TERM', 'dumb'), ('GAZEBO_MODEL_PATH', '/usr/share/gazebo-11/models:/home/song/.gazebo/models'), ('GNOME_DESKTOP_SESSION_ID', 'this-is-deprecated'), ('FC_FONTATIONS', '1'), ('ROS_LOCALHOST_ONLY', '0'), ('PATH', '/home/song/.local/bin:/home/song/.local/bin:/opt/ros/humble/bin:/home/song/.local/bin:/usr/local/sbin:/usr/local/bin:/usr/sbin:/usr/bin:/sbin:/bin:/usr/games:/usr/local/games:/snap/bin:/snap/bin'), ('SESSION_MANAGER', 'local/JSong:@/tmp/.ICE-unix/1878,unix/JSong:/tmp/.ICE-unix/1878'), ('INVOCATION_ID', 'ae99d94a2a2b4ab2879df1168288cf9e'), ('PAPERSIZE', 'a4'), ('XDG_MENU_PREFIX', 'gnome-'), ('LC_ADDRESS', 'zh_CN.UTF-8'), ('VSCODE_PROCESS_TITLE', 'extension-host (agent-exec) volleyball_detection [1-3]'), ('GNOME_SETUP_DISPLAY', ':1'), ('XDG_RUNTIME_DIR', '/run/user/1000'), ('GDK_BACKEND', 'wayland'), ('CURSOR_AGENT', '1'), ('DISPLAY', ':0'), ('LANG', 'en_US.UTF-8'), ('XDG_CURRENT_DESKTOP', 'ubuntu:GNOME'), ('LC_TELEPHONE', 'zh_CN.UTF-8'), ('XMODIFIERS', '@im=ibus'), ('XDG_SESSION_DESKTOP', 'ubuntu'), ('XAUTHORITY', '/run/user/1000/.mutter-Xwaylandauth.XWK8L3'), ('LS_COLORS', ''), ('CURSOR_TRACE_ID', '3d88cd416b244f418a64a93a083dd528'), ('SSH_AGENT_LAUNCHER', 'gnome-keyring'), ('SSH_AUTH_SOCK', '/run/user/1000/keyring/ssh'), ('AMENT_PREFIX_PATH', '/home/song/cv_bridge_ws/install/cv_bridge:/opt/ros/humble'), ('SHELL', '/bin/bash'), ('LC_NAME', 'zh_CN.UTF-8'), ('QT_ACCESSIBILITY', '1'), ('GDMSESSION', 'ubuntu'), ('LESSCLOSE', '/usr/bin/lesspipe %s %s'), ('LC_MEASUREMENT', 'zh_CN.UTF-8'), ('GAZEBO_RESOURCE_PATH', '/usr/share/gazebo-11:/usr/share/gazebo-11:'), ('GJS_DEBUG_OUTPUT', 'stderr'), ('OpenCV_DIR', '/usr/local'), ('LC_IDENTIFICATION', 'zh_CN.UTF-8'), ('QT_IM_MODULE', 'ibus'), ('PWD', '/home/song/volleyball_detection/build/station_detector_cpp'), ('LC_ALL', 'en_US.UTF-8'), ('XDG_CONFIG_DIRS', '/etc/xdg/xdg-ubuntu:/etc/xdg'), ('VSCODE_CODE_CACHE_PATH', '/home/song/.config/Cursor/CachedData/b29eb4ee5f9f6d1cb2afbc09070198d3ea6ad760'), ('XDG_DATA_DIRS', '/usr/share/ubuntu:/usr/local/share/:/usr/share/:/var/lib/snapd/desktop'), ('PYTHONPATH', '/home/song/cv_bridge_ws/install/cv_bridge/local/lib/python3.10/dist-packages:/opt/ros/humble/lib/python3.10/site-packages:/opt/ros/humble/local/lib/python3.10/dist-packages'), ('LC_NUMERIC', 'zh_CN.UTF-8'), ('LC_PAPER', 'zh_CN.UTF-8'), ('COLCON', '1'), ('_ZO_DOCTOR', '0'), ('CMAKE_PREFIX_PATH', '/home/song/cv_bridge_ws/install/cv_bridge:/opt/ros/humble'), ('VSCODE_PID', '3261')]), 'shell': False}
[0.099412] (-) TimerEvent: {}
[0.118907] (station_detector_cpp) StdoutLine: {'line': b'Consolidate compiler generated dependencies of target ball_detector_node\n'}
[0.155541] (station_detector_cpp) StdoutLine: {'line': b'[ 14%] Building CXX object CMakeFiles/ball_detector_node.dir/src/ball_detector_node.cpp.o\n'}
[0.199593] (-) TimerEvent: {}
[0.299857] (-) TimerEvent: {}
[0.400062] (-) TimerEvent: {}
[0.500377] (-) TimerEvent: {}
[0.600701] (-) TimerEvent: {}
[0.701010] (-) TimerEvent: {}
[0.801333] (-) TimerEvent: {}
[0.901556] (-) TimerEvent: {}
[1.001755] (-) TimerEvent: {}
[1.101952] (-) TimerEvent: {}
[1.202141] (-) TimerEvent: {}
[1.302351] (-) TimerEvent: {}
[1.402637] (-) TimerEvent: {}
[1.502857] (-) TimerEvent: {}
[1.603144] (-) TimerEvent: {}
[1.703443] (-) TimerEvent: {}
[1.803737] (-) TimerEvent: {}
[1.903931] (-) TimerEvent: {}
[2.004146] (-) TimerEvent: {}
[2.104361] (-) TimerEvent: {}
[2.204639] (-) TimerEvent: {}
[2.304855] (-) TimerEvent: {}
[2.405063] (-) TimerEvent: {}
[2.505297] (-) TimerEvent: {}
[2.605519] (-) TimerEvent: {}
[2.705670] (-) TimerEvent: {}
[2.805911] (-) TimerEvent: {}
[2.906127] (-) TimerEvent: {}
[3.006331] (-) TimerEvent: {}
[3.106521] (-) TimerEvent: {}
[3.206682] (-) TimerEvent: {}
[3.306829] (-) TimerEvent: {}
[3.407008] (-) TimerEvent: {}
[3.507196] (-) TimerEvent: {}
[3.607360] (-) TimerEvent: {}
[3.707599] (-) TimerEvent: {}
[3.807808] (-) TimerEvent: {}
[3.907998] (-) TimerEvent: {}
[4.008274] (-) TimerEvent: {}
[4.108799] (-) TimerEvent: {}
[4.208993] (-) TimerEvent: {}
[4.309174] (-) TimerEvent: {}
[4.409380] (-) TimerEvent: {}
[4.509630] (-) TimerEvent: {}
[4.609816] (-) TimerEvent: {}
[4.710041] (-) TimerEvent: {}
[4.810243] (-) TimerEvent: {}
[4.910456] (-) TimerEvent: {}
[5.010656] (-) TimerEvent: {}
[5.110836] (-) TimerEvent: {}
[5.211019] (-) TimerEvent: {}
[5.311262] (-) TimerEvent: {}
[5.411546] (-) TimerEvent: {}
[5.511740] (-) TimerEvent: {}
[5.611935] (-) TimerEvent: {}
[5.712147] (-) TimerEvent: {}
[5.812335] (-) TimerEvent: {}
[5.912549] (-) TimerEvent: {}
[6.012758] (-) TimerEvent: {}
[6.112915] (-) TimerEvent: {}
[6.213110] (-) TimerEvent: {}
[6.313297] (-) TimerEvent: {}
[6.413475] (-) TimerEvent: {}
[6.513684] (-) TimerEvent: {}
[6.613833] (-) TimerEvent: {}
[6.713992] (-) TimerEvent: {}
[6.814170] (-) TimerEvent: {}
[6.914345] (-) TimerEvent: {}
[7.014567] (-) TimerEvent: {}
[7.114719] (-) TimerEvent: {}
[7.214925] (-) TimerEvent: {}
[7.315125] (-) TimerEvent: {}
[7.415299] (-) TimerEvent: {}
[7.515474] (-) TimerEvent: {}
[7.615614] (-) TimerEvent: {}
[7.715768] (-) TimerEvent: {}
[7.816028] (-) TimerEvent: {}
[7.916208] (-) TimerEvent: {}
[8.016530] (-) TimerEvent: {}
[8.116817] (-) TimerEvent: {}
[8.217041] (-) TimerEvent: {}
[8.317215] (-) TimerEvent: {}
[8.417388] (-) TimerEvent: {}
[8.517615] (-) TimerEvent: {}
[8.617882] (-) TimerEvent: {}
[8.718191] (-) TimerEvent: {}
[8.818463] (-) TimerEvent: {}
[8.918765] (-) TimerEvent: {}
[9.018954] (-) TimerEvent: {}
[9.119167] (-) TimerEvent: {}
[9.184618] (station_detector_cpp) StdoutLine: {'line': b'[ 28%] Linking CXX executable ball_detector_node\n'}
[9.219314] (-) TimerEvent: {}
[9.319575] (-) TimerEvent: {}
[9.419827] (-) TimerEvent: {}
[9.520059] (-) TimerEvent: {}
[9.620273] (-) TimerEvent: {}
[9.720475] (-) TimerEvent: {}
[9.820689] (-) TimerEvent: {}
[9.887145] (station_detector_cpp) StdoutLine: {'line': b'[100%] Built target ball_detector_node\n'}
[9.903992] (station_detector_cpp) CommandEnded: {'returncode': 0}
[9.905230] (station_detector_cpp) JobProgress: {'identifier': 'station_detector_cpp', 'progress': 'install'}
[9.921844] (station_detector_cpp) Command: {'cmd': ['/usr/bin/cmake', '--install', '/home/song/volleyball_detection/build/station_detector_cpp'], 'cwd': '/home/song/volleyball_detection/build/station_detector_cpp', 'env': OrderedDict([('GJS_DEBUG_TOPICS', 'JS ERROR;JS LOG'), ('LESSOPEN', '| /usr/bin/lesspipe %s'), ('VSCODE_CWD', '/home/song'), ('CURSOR_EXTENSION_HOST_ROLE', 'agent-exec'), ('VSCODE_ESM_ENTRYPOINT', 'vs/workbench/api/node/extensionHostProcess'), ('LANGUAGE', 'en_US:en'), ('USER', 'song'), ('LC_TIME', 'zh_CN.UTF-8'), ('VSCODE_NLS_CONFIG', '{"userLocale":"en-us","osLocale":"en-us","resolvedLanguage":"en","defaultMessagesFile":"/usr/share/cursor/resources/app/out/nls.messages.json","locale":"en-us","availableLanguages":{}}'), ('CI', '1'), ('VSCODE_HANDLES_UNCAUGHT_ERRORS', 'true'), ('XDG_SESSION_TYPE', 'wayland'), ('SHLVL', '1'), ('LD_LIBRARY_PATH', '/usr/local/lib:/usr/local/lib:/usr/local/lib:/home/song/cv_bridge_ws/install/cv_bridge/lib:/usr/lib/x86_64-linux-gnu/gazebo-11/plugins:/opt/ros/humble/opt/rviz_ogre_vendor/lib:/opt/ros/humble/lib/x86_64-linux-gnu:/opt/ros/humble/lib:/usr/local/lib:/usr/local/lib:'), ('HOME', '/home/song'), ('CHROME_DESKTOP', 'cursor.desktop'), ('OLDPWD', '/home/song/volleyball_detection'), ('DESKTOP_SESSION', 'ubuntu'), ('VSCODE_IPC_HOOK', '/run/user/1000/vscode-8dcdf1b3-2.6.-main.sock'), ('GIO_LAUNCHED_DESKTOP_FILE', '/usr/share/applications/cursor.desktop'), ('GAZEBO_MASTER_URI', 'http://localhost:11345'), ('ROS_PYTHON_VERSION', '3'), ('GNOME_SHELL_SESSION_MODE', 'ubuntu'), ('GTK_MODULES', 'gail:atk-bridge'), ('LC_MONETARY', 'zh_CN.UTF-8'), ('CURSOR_WORKSPACE_LABEL', 'volleyball_detection'), ('MANAGERPID', '1734'), ('SYSTEMD_EXEC_PID', '1903'), ('IM_CONFIG_CHECK_ENV', '1'), ('NO_COLOR', '1'), ('DBUS_SESSION_BUS_ADDRESS', 'unix:path=/run/user/1000/bus'), ('GIO_LAUNCHED_DESKTOP_FILE_PID', '3261'), ('VSCODE_CRASH_REPORTER_PROCESS_TYPE', 'extensionHost'), ('IM_CONFIG_PHASE', '1'), ('WAYLAND_DISPLAY', 'wayland-0'), ('COLCON_PREFIX_PATH', '/home/song/cv_bridge_ws/install'), ('ROS_DISTRO', 'humble'), ('LOGNAME', 'song'), ('FORCE_COLOR', '0'), ('JOURNAL_STREAM', '8:12809'), ('_', '/usr/bin/colcon'), ('ROS_VERSION', '2'), ('PKG_CONFIG_PATH', '/usr/local/lib/pkgconfig:/usr/local/lib/pkgconfig:/usr/local/lib/pkgconfig:'), ('XDG_SESSION_CLASS', 'user'), ('USERNAME', 'song'), ('TERM', 'dumb'), ('GAZEBO_MODEL_PATH', '/usr/share/gazebo-11/models:/home/song/.gazebo/models'), ('GNOME_DESKTOP_SESSION_ID', 'this-is-deprecated'), ('FC_FONTATIONS', '1'), ('ROS_LOCALHOST_ONLY', '0'), ('PATH', '/home/song/.local/bin:/home/song/.local/bin:/opt/ros/humble/bin:/home/song/.local/bin:/usr/local/sbin:/usr/local/bin:/usr/sbin:/usr/bin:/sbin:/bin:/usr/games:/usr/local/games:/snap/bin:/snap/bin'), ('SESSION_MANAGER', 'local/JSong:@/tmp/.ICE-unix/1878,unix/JSong:/tmp/.ICE-unix/1878'), ('INVOCATION_ID', 'ae99d94a2a2b4ab2879df1168288cf9e'), ('PAPERSIZE', 'a4'), ('XDG_MENU_PREFIX', 'gnome-'), ('LC_ADDRESS', 'zh_CN.UTF-8'), ('VSCODE_PROCESS_TITLE', 'extension-host (agent-exec) volleyball_detection [1-3]'), ('GNOME_SETUP_DISPLAY', ':1'), ('XDG_RUNTIME_DIR', '/run/user/1000'), ('GDK_BACKEND', 'wayland'), ('CURSOR_AGENT', '1'), ('DISPLAY', ':0'), ('LANG', 'en_US.UTF-8'), ('XDG_CURRENT_DESKTOP', 'ubuntu:GNOME'), ('LC_TELEPHONE', 'zh_CN.UTF-8'), ('XMODIFIERS', '@im=ibus'), ('XDG_SESSION_DESKTOP', 'ubuntu'), ('XAUTHORITY', '/run/user/1000/.mutter-Xwaylandauth.XWK8L3'), ('LS_COLORS', ''), ('CURSOR_TRACE_ID', '3d88cd416b244f418a64a93a083dd528'), ('SSH_AGENT_LAUNCHER', 'gnome-keyring'), ('SSH_AUTH_SOCK', '/run/user/1000/keyring/ssh'), ('AMENT_PREFIX_PATH', '/home/song/cv_bridge_ws/install/cv_bridge:/opt/ros/humble'), ('SHELL', '/bin/bash'), ('LC_NAME', 'zh_CN.UTF-8'), ('QT_ACCESSIBILITY', '1'), ('GDMSESSION', 'ubuntu'), ('LESSCLOSE', '/usr/bin/lesspipe %s %s'), ('LC_MEASUREMENT', 'zh_CN.UTF-8'), ('GAZEBO_RESOURCE_PATH', '/usr/share/gazebo-11:/usr/share/gazebo-11:'), ('GJS_DEBUG_OUTPUT', 'stderr'), ('OpenCV_DIR', '/usr/local'), ('LC_IDENTIFICATION', 'zh_CN.UTF-8'), ('QT_IM_MODULE', 'ibus'), ('PWD', '/home/song/volleyball_detection/build/station_detector_cpp'), ('LC_ALL', 'en_US.UTF-8'), ('XDG_CONFIG_DIRS', '/etc/xdg/xdg-ubuntu:/etc/xdg'), ('VSCODE_CODE_CACHE_PATH', '/home/song/.config/Cursor/CachedData/b29eb4ee5f9f6d1cb2afbc09070198d3ea6ad760'), ('XDG_DATA_DIRS', '/usr/share/ubuntu:/usr/local/share/:/usr/share/:/var/lib/snapd/desktop'), ('PYTHONPATH', '/home/song/cv_bridge_ws/install/cv_bridge/local/lib/python3.10/dist-packages:/opt/ros/humble/lib/python3.10/site-packages:/opt/ros/humble/local/lib/python3.10/dist-packages'), ('LC_NUMERIC', 'zh_CN.UTF-8'), ('LC_PAPER', 'zh_CN.UTF-8'), ('COLCON', '1'), ('_ZO_DOCTOR', '0'), ('CMAKE_PREFIX_PATH', '/home/song/cv_bridge_ws/install/cv_bridge:/opt/ros/humble'), ('VSCODE_PID', '3261')]), 'shell': False}
[9.923876] (-) TimerEvent: {}
[9.934184] (station_detector_cpp) StdoutLine: {'line': b'-- Install configuration: ""\n'}
[9.935127] (station_detector_cpp) StdoutLine: {'line': b'-- Execute custom install script\n'}
[9.935533] (station_detector_cpp) StdoutLine: {'line': b'-- Up-to-date symlink: /home/song/volleyball_detection/install/station_detector_cpp/lib/station_detector_cpp/ball_detector_node\n'}
[9.936052] (station_detector_cpp) StdoutLine: {'line': b'-- Up-to-date symlink: /home/song/volleyball_detection/install/station_detector_cpp/include/ball_position_estimator.hpp\n'}
[9.936242] (station_detector_cpp) StdoutLine: {'line': b'-- Up-to-date symlink: /home/song/volleyball_detection/install/station_detector_cpp/include/ball_tracker.hpp\n'}
[9.936436] (station_detector_cpp) StdoutLine: {'line': b'-- Up-to-date symlink: /home/song/volleyball_detection/install/station_detector_cpp/include/detection_filter.hpp\n'}
[9.936727] (station_detector_cpp) StdoutLine: {'line': b'-- Up-to-date symlink: /home/song/volleyball_detection/install/station_detector_cpp/include/trajectory_predictor.hpp\n'}
[9.936972] (station_detector_cpp) StdoutLine: {'line': b'-- Up-to-date symlink: /home/song/volleyball_detection/install/station_detector_cpp/include/yolo_inference.hpp\n'}
[9.937063] (station_detector_cpp) StdoutLine: {'line': b'-- Up-to-date symlink: /home/song/volleyball_detection/install/station_detector_cpp/share/station_detector_cpp/ball_detector_params.yaml\n'}
[9.937140] (station_detector_cpp) StdoutLine: {'line': b'-- Up-to-date symlink: /home/song/volleyball_detection/install/station_detector_cpp/share/ament_index/resource_index/package_run_dependencies/station_detector_cpp\n'}
[9.937285] (station_detector_cpp) StdoutLine: {'line': b'-- Up-to-date symlink: /home/song/volleyball_detection/install/station_detector_cpp/share/ament_index/resource_index/parent_prefix_path/station_detector_cpp\n'}
[9.937425] (station_detector_cpp) StdoutLine: {'line': b'-- Up-to-date symlink: /home/song/volleyball_detection/install/station_detector_cpp/share/station_detector_cpp/environment/ament_prefix_path.sh\n'}
[9.937493] (station_detector_cpp) StdoutLine: {'line': b'-- Up-to-date symlink: /home/song/volleyball_detection/install/station_detector_cpp/share/station_detector_cpp/environment/ament_prefix_path.dsv\n'}
[9.937635] (station_detector_cpp) StdoutLine: {'line': b'-- Up-to-date symlink: /home/song/volleyball_detection/install/station_detector_cpp/share/station_detector_cpp/environment/path.sh\n'}
[9.937890] (station_detector_cpp) StdoutLine: {'line': b'-- Up-to-date symlink: /home/song/volleyball_detection/install/station_detector_cpp/share/station_detector_cpp/environment/path.dsv\n'}
[9.938053] (station_detector_cpp) StdoutLine: {'line': b'-- Up-to-date symlink: /home/song/volleyball_detection/install/station_detector_cpp/share/station_detector_cpp/local_setup.bash\n'}
[9.938207] (station_detector_cpp) StdoutLine: {'line': b'-- Up-to-date symlink: /home/song/volleyball_detection/install/station_detector_cpp/share/station_detector_cpp/local_setup.sh\n'}
[9.938369] (station_detector_cpp) StdoutLine: {'line': b'-- Up-to-date symlink: /home/song/volleyball_detection/install/station_detector_cpp/share/station_detector_cpp/local_setup.zsh\n'}
[9.938529] (station_detector_cpp) StdoutLine: {'line': b'-- Up-to-date symlink: /home/song/volleyball_detection/install/station_detector_cpp/share/station_detector_cpp/local_setup.dsv\n'}
[9.938665] (station_detector_cpp) StdoutLine: {'line': b'-- Symlinking: /home/song/volleyball_detection/install/station_detector_cpp/share/station_detector_cpp/package.dsv\n'}
[9.955807] (station_detector_cpp) StdoutLine: {'line': b'-- Up-to-date symlink: /home/song/volleyball_detection/install/station_detector_cpp/share/ament_index/resource_index/packages/station_detector_cpp\n'}
[9.956417] (station_detector_cpp) StdoutLine: {'line': b'-- Up-to-date symlink: /home/song/volleyball_detection/install/station_detector_cpp/share/station_detector_cpp/cmake/station_detector_cppConfig.cmake\n'}
[9.956540] (station_detector_cpp) StdoutLine: {'line': b'-- Up-to-date symlink: /home/song/volleyball_detection/install/station_detector_cpp/share/station_detector_cpp/cmake/station_detector_cppConfig-version.cmake\n'}
[9.956654] (station_detector_cpp) StdoutLine: {'line': b'-- Up-to-date symlink: /home/song/volleyball_detection/install/station_detector_cpp/share/station_detector_cpp/package.xml\n'}
[9.959715] (station_detector_cpp) CommandEnded: {'returncode': 0}
[9.986445] (station_detector_cpp) JobEnded: {'identifier': 'station_detector_cpp', 'rc': 0}
[9.987475] (-) EventReactorShutdown: {}
